2023-02-08 18:14:19,497 - mmdet - INFO - Environment info:
------------------------------------------------------------
sys.platform: linux
Python: 3.8.10 (default, Jun  4 2021, 15:09:15) [GCC 7.5.0]
CUDA available: True
GPU 0: NVIDIA GeForce RTX 3060 Laptop GPU
CUDA_HOME: /usr/local/cuda
NVCC: Cuda compilation tools, release 11.6, V11.6.55
GCC: gcc (Ubuntu 9.4.0-1ubuntu1~20.04.1) 9.4.0
PyTorch: 1.12.0
PyTorch compiling details: PyTorch built with:
  - GCC 9.3
  - C++ Version: 201402
  - Intel(R) oneAPI Math Kernel Library Version 2021.4-Product Build 20210904 for Intel(R) 64 architecture applications
  - Intel(R) MKL-DNN v2.6.0 (Git Hash 52b5f107dd9cf10910aaa19cb47f3abf9b349815)
  - OpenMP 201511 (a.k.a. OpenMP 4.5)
  - LAPACK is enabled (usually provided by MKL)
  - NNPACK is enabled
  - CPU capability usage: AVX2
  - CUDA Runtime 11.6
  - NVCC architecture flags: -gencode;arch=compute_37,code=sm_37;-gencode;arch=compute_50,code=sm_50;-gencode;arch=compute_60,code=sm_60;-gencode;arch=compute_61,code=sm_61;-gencode;arch=compute_70,code=sm_70;-gencode;arch=compute_75,code=sm_75;-gencode;arch=compute_80,code=sm_80;-gencode;arch=compute_86,code=sm_86;-gencode;arch=compute_37,code=compute_37
  - CuDNN 8.3.2  (built against CUDA 11.5)
  - Magma 2.6.1
  - Build settings: BLAS_INFO=mkl, BUILD_TYPE=Release, CUDA_VERSION=11.6, CUDNN_VERSION=8.3.2, CXX_COMPILER=/opt/rh/devtoolset-9/root/usr/bin/c++, CXX_FLAGS= -Wno-deprecated -fvisibility-inlines-hidden -DUSE_PTHREADPOOL -fopenmp -DNDEBUG -DUSE_KINETO -DUSE_FBGEMM -DUSE_QNNPACK -DUSE_PYTORCH_QNNPACK -DUSE_XNNPACK -DSYMBOLICATE_MOBILE_DEBUG_HANDLE -DEDGE_PROFILER_USE_KINETO -O2 -fPIC -Wno-narrowing -Wall -Wextra -Werror=return-type -Wno-missing-field-initializers -Wno-type-limits -Wno-array-bounds -Wno-unknown-pragmas -Wno-unused-parameter -Wno-unused-function -Wno-unused-result -Wno-unused-local-typedefs -Wno-strict-overflow -Wno-strict-aliasing -Wno-error=deprecated-declarations -Wno-stringop-overflow -Wno-psabi -Wno-error=pedantic -Wno-error=redundant-decls -Wno-error=old-style-cast -fdiagnostics-color=always -faligned-new -Wno-unused-but-set-variable -Wno-maybe-uninitialized -fno-math-errno -fno-trapping-math -Werror=format -Werror=cast-function-type -Wno-stringop-overflow, LAPACK_INFO=mkl, PERF_WITH_AVX=1, PERF_WITH_AVX2=1, PERF_WITH_AVX512=1, TORCH_VERSION=1.12.0, USE_CUDA=ON, USE_CUDNN=ON, USE_EXCEPTION_PTR=1, USE_GFLAGS=OFF, USE_GLOG=OFF, USE_MKL=ON, USE_MKLDNN=OFF, USE_MPI=OFF, USE_NCCL=ON, USE_NNPACK=ON, USE_OPENMP=ON, USE_ROCM=OFF, 

TorchVision: 0.13.0
OpenCV: 4.7.0
MMCV: 1.7.1
MMCV Compiler: GCC 9.3
MMCV CUDA Compiler: 11.6
MMDetection: 2.28.0+1b7d778
------------------------------------------------------------

2023-02-08 18:14:19,691 - mmdet - INFO - Distributed training: False
2023-02-08 18:14:19,867 - mmdet - INFO - Config:
model = dict(
    type='MaskRCNN',
    backbone=dict(
        type='ResNet',
        depth=50,
        num_stages=4,
        out_indices=(0, 1, 2, 3),
        frozen_stages=1,
        norm_cfg=dict(type='BN', requires_grad=True),
        norm_eval=True,
        style='pytorch',
        init_cfg=dict(type='Pretrained',
                      checkpoint='./resnet50-0676ba61.pth')),
    neck=dict(
        type='FPN',
        in_channels=[256, 512, 1024, 2048],
        out_channels=256,
        num_outs=5),
    rpn_head=dict(
        type='RPNHead',
        in_channels=256,
        feat_channels=256,
        anchor_generator=dict(
            type='AnchorGenerator',
            scales=[8],
            ratios=[0.5, 1.0, 2.0],
            strides=[4, 8, 16, 32, 64]),
        bbox_coder=dict(
            type='DeltaXYWHBBoxCoder',
            target_means=[0.0, 0.0, 0.0, 0.0],
            target_stds=[1.0, 1.0, 1.0, 1.0]),
        loss_cls=dict(
            type='CrossEntropyLoss', use_sigmoid=True, loss_weight=1.0),
        loss_bbox=dict(type='L1Loss', loss_weight=1.0)),
    roi_head=dict(
        type='StandardRoIHead',
        bbox_roi_extractor=dict(
            type='SingleRoIExtractor',
            roi_layer=dict(type='RoIAlign', output_size=7, sampling_ratio=0),
            out_channels=256,
            featmap_strides=[4, 8, 16, 32]),
        bbox_head=dict(
            type='Shared2FCBBoxHead',
            in_channels=256,
            fc_out_channels=1024,
            roi_feat_size=7,
            num_classes=1,
            bbox_coder=dict(
                type='DeltaXYWHBBoxCoder',
                target_means=[0.0, 0.0, 0.0, 0.0],
                target_stds=[0.1, 0.1, 0.2, 0.2]),
            reg_class_agnostic=False,
            loss_cls=dict(
                type='CrossEntropyLoss', use_sigmoid=False, loss_weight=1.0),
            loss_bbox=dict(type='L1Loss', loss_weight=1.0)),
        mask_roi_extractor=dict(
            type='SingleRoIExtractor',
            roi_layer=dict(type='RoIAlign', output_size=14, sampling_ratio=0),
            out_channels=256,
            featmap_strides=[4, 8, 16, 32]),
        mask_head=dict(
            type='FCNMaskHead',
            num_convs=4,
            in_channels=256,
            conv_out_channels=256,
            num_classes=1,
            loss_mask=dict(
                type='CrossEntropyLoss', use_mask=True, loss_weight=1.0))),
    train_cfg=dict(
        rpn=dict(
            assigner=dict(
                type='MaxIoUAssigner',
                pos_iou_thr=0.7,
                neg_iou_thr=0.3,
                min_pos_iou=0.3,
                match_low_quality=True,
                ignore_iof_thr=-1),
            sampler=dict(
                type='RandomSampler',
                num=256,
                pos_fraction=0.5,
                neg_pos_ub=-1,
                add_gt_as_proposals=False),
            allowed_border=-1,
            pos_weight=-1,
            debug=False),
        rpn_proposal=dict(
            nms_pre=2000,
            max_per_img=1000,
            nms=dict(type='nms', iou_threshold=0.7),
            min_bbox_size=0),
        rcnn=dict(
            assigner=dict(
                type='MaxIoUAssigner',
                pos_iou_thr=0.5,
                neg_iou_thr=0.5,
                min_pos_iou=0.5,
                match_low_quality=True,
                ignore_iof_thr=-1),
            sampler=dict(
                type='RandomSampler',
                num=512,
                pos_fraction=0.25,
                neg_pos_ub=-1,
                add_gt_as_proposals=True),
            mask_size=28,
            pos_weight=-1,
            debug=False)),
    test_cfg=dict(
        rpn=dict(
            nms_pre=1000,
            max_per_img=1000,
            nms=dict(type='nms', iou_threshold=0.7),
            min_bbox_size=0),
        rcnn=dict(
            score_thr=0.05,
            nms=dict(type='nms', iou_threshold=0.5),
            max_per_img=100,
            mask_thr_binary=0.5)))
dataset_type = 'CocoDataset'
data_root = './data/coco'
CLASSES = ('balloon', )
img_norm_cfg = dict(
    mean=[123.675, 116.28, 103.53], std=[58.395, 57.12, 57.375], to_rgb=True)
train_pipeline = [
    dict(type='LoadImageFromFile'),
    dict(type='LoadAnnotations', with_bbox=True, with_mask=True),
    dict(type='Resize', img_scale=(640, 480), keep_ratio=True),
    dict(type='RandomFlip', flip_ratio=0.5),
    dict(
        type='Normalize',
        mean=[123.675, 116.28, 103.53],
        std=[58.395, 57.12, 57.375],
        to_rgb=True),
    dict(type='Pad', size_divisor=32),
    dict(type='DefaultFormatBundle'),
    dict(type='Collect', keys=['img', 'gt_bboxes', 'gt_labels', 'gt_masks'])
]
test_pipeline = [
    dict(type='LoadImageFromFile'),
    dict(
        type='MultiScaleFlipAug',
        img_scale=(640, 480),
        flip=False,
        transforms=[
            dict(type='Resize', keep_ratio=True),
            dict(type='RandomFlip'),
            dict(
                type='Normalize',
                mean=[123.675, 116.28, 103.53],
                std=[58.395, 57.12, 57.375],
                to_rgb=True),
            dict(type='Pad', size_divisor=32),
            dict(type='ImageToTensor', keys=['img']),
            dict(type='Collect', keys=['img'])
        ])
]
data = dict(
    samples_per_gpu=1,
    workers_per_gpu=1,
    train=dict(
        type='CocoDataset',
        ann_file='./data/coco/train.json',
        img_prefix='./data/coco/train/',
        pipeline=[
            dict(type='LoadImageFromFile'),
            dict(type='LoadAnnotations', with_bbox=True, with_mask=True),
            dict(type='Resize', img_scale=(640, 480), keep_ratio=True),
            dict(type='RandomFlip', flip_ratio=0.5),
            dict(
                type='Normalize',
                mean=[123.675, 116.28, 103.53],
                std=[58.395, 57.12, 57.375],
                to_rgb=True),
            dict(type='Pad', size_divisor=32),
            dict(type='DefaultFormatBundle'),
            dict(
                type='Collect',
                keys=['img', 'gt_bboxes', 'gt_labels', 'gt_masks'])
        ]),
    val=dict(
        type='CocoDataset',
        ann_file='./data/coco/val.json',
        img_prefix='./data/coco/val/',
        pipeline=[
            dict(type='LoadImageFromFile'),
            dict(
                type='MultiScaleFlipAug',
                img_scale=(640, 480),
                flip=False,
                transforms=[
                    dict(type='Resize', keep_ratio=True),
                    dict(type='RandomFlip'),
                    dict(
                        type='Normalize',
                        mean=[123.675, 116.28, 103.53],
                        std=[58.395, 57.12, 57.375],
                        to_rgb=True),
                    dict(type='Pad', size_divisor=32),
                    dict(type='ImageToTensor', keys=['img']),
                    dict(type='Collect', keys=['img'])
                ])
        ]),
    test=dict(
        type='CocoDataset',
        ann_file='./data/coco/val.json',
        img_prefix='./data/coco/val/',
        pipeline=[
            dict(type='LoadImageFromFile'),
            dict(
                type='MultiScaleFlipAug',
                img_scale=(640, 480),
                flip=False,
                transforms=[
                    dict(type='Resize', keep_ratio=True),
                    dict(type='RandomFlip'),
                    dict(
                        type='Normalize',
                        mean=[123.675, 116.28, 103.53],
                        std=[58.395, 57.12, 57.375],
                        to_rgb=True),
                    dict(type='Pad', size_divisor=32),
                    dict(type='ImageToTensor', keys=['img']),
                    dict(type='Collect', keys=['img'])
                ])
        ]))
evaluation = dict(metric=['bbox', 'segm'])
optimizer = dict(type='SGD', lr=0.02, momentum=0.9, weight_decay=0.0001)
optimizer_config = dict(grad_clip=None)
lr_config = dict(
    policy='step',
    warmup='linear',
    warmup_iters=500,
    warmup_ratio=0.001,
    step=[8, 11])
runner = dict(type='EpochBasedRunner', max_epochs=12)
checkpoint_config = dict(interval=1)
log_config = dict(interval=50, hooks=[dict(type='TextLoggerHook')])
custom_hooks = [dict(type='NumClassCheckHook')]
dist_params = dict(backend='nccl')
log_level = 'INFO'
load_from = './mask_rcnn_r50_fpn_1x_coco_20200205-d4b0c5d6.pth'
resume_from = None
workflow = [('train', 1)]
opencv_num_threads = 0
mp_start_method = 'fork'
auto_scale_lr = dict(enable=True, base_batch_size=16)
work_dir = 'demo_test'
auto_resume = False
gpu_ids = range(0, 1)

2023-02-08 18:14:19,867 - mmdet - INFO - Set random seed to 1222916159, deterministic: False
2023-02-08 18:14:21,006 - mmdet - INFO - Training with 1 GPU(s) with 1 samples per GPU. The total batch size is 1.
2023-02-08 18:14:21,007 - mmdet - INFO - LR has been automatically scaled from 0.02 to 0.00125
2023-02-08 18:14:21,011 - mmdet - INFO - load checkpoint from local path: ./mask_rcnn_r50_fpn_1x_coco_20200205-d4b0c5d6.pth
2023-02-08 18:14:21,120 - mmdet - WARNING - The model and loaded state dict do not match exactly

size mismatch for roi_head.bbox_head.fc_cls.weight: copying a param with shape torch.Size([81, 1024]) from checkpoint, the shape in current model is torch.Size([2, 1024]).
size mismatch for roi_head.bbox_head.fc_cls.bias: copying a param with shape torch.Size([81]) from checkpoint, the shape in current model is torch.Size([2]).
size mismatch for roi_head.bbox_head.fc_reg.weight: copying a param with shape torch.Size([320, 1024]) from checkpoint, the shape in current model is torch.Size([4, 1024]).
size mismatch for roi_head.bbox_head.fc_reg.bias: copying a param with shape torch.Size([320]) from checkpoint, the shape in current model is torch.Size([4]).
size mismatch for roi_head.mask_head.conv_logits.weight: copying a param with shape torch.Size([80, 256, 1, 1]) from checkpoint, the shape in current model is torch.Size([1, 256, 1, 1]).
size mismatch for roi_head.mask_head.conv_logits.bias: copying a param with shape torch.Size([80]) from checkpoint, the shape in current model is torch.Size([1]).
2023-02-08 18:14:21,126 - mmdet - INFO - Start running, host: syt@syt-ZERO, work_dir: /home/syt/workspace/openmmlab/mmdetection/demo_test
2023-02-08 18:14:21,127 - mmdet - INFO - Hooks will be executed in the following order:
before_run:
(VERY_HIGH   ) StepLrUpdaterHook                  
(NORMAL      ) CheckpointHook                     
(LOW         ) EvalHook                           
(VERY_LOW    ) TextLoggerHook                     
 -------------------- 
before_train_epoch:
(VERY_HIGH   ) StepLrUpdaterHook                  
(NORMAL      ) NumClassCheckHook                  
(LOW         ) IterTimerHook                      
(LOW         ) EvalHook                           
(VERY_LOW    ) TextLoggerHook                     
 -------------------- 
before_train_iter:
(VERY_HIGH   ) StepLrUpdaterHook                  
(LOW         ) IterTimerHook                      
(LOW         ) EvalHook                           
 -------------------- 
after_train_iter:
(ABOVE_NORMAL) OptimizerHook                      
(NORMAL      ) CheckpointHook                     
(LOW         ) IterTimerHook                      
(LOW         ) EvalHook                           
(VERY_LOW    ) TextLoggerHook                     
 -------------------- 
after_train_epoch:
(NORMAL      ) CheckpointHook                     
(LOW         ) EvalHook                           
(VERY_LOW    ) TextLoggerHook                     
 -------------------- 
before_val_epoch:
(NORMAL      ) NumClassCheckHook                  
(LOW         ) IterTimerHook                      
(VERY_LOW    ) TextLoggerHook                     
 -------------------- 
before_val_iter:
(LOW         ) IterTimerHook                      
 -------------------- 
after_val_iter:
(LOW         ) IterTimerHook                      
 -------------------- 
after_val_epoch:
(VERY_LOW    ) TextLoggerHook                     
 -------------------- 
after_run:
(VERY_LOW    ) TextLoggerHook                     
 -------------------- 
2023-02-08 18:14:21,127 - mmdet - INFO - workflow: [('train', 1)], max: 12 epochs
2023-02-08 18:14:21,127 - mmdet - INFO - Checkpoints will be saved to /home/syt/workspace/openmmlab/mmdetection/demo_test by HardDiskBackend.
2023-02-08 18:14:30,032 - mmdet - INFO - Epoch [1][50/61]	lr: 1.236e-04, eta: 0:02:01, time: 0.178, data_time: 0.045, memory: 1328, loss_rpn_cls: 0.0780, loss_rpn_bbox: 0.0136, loss_cls: 0.5093, acc: 72.6562, loss_bbox: 0.3016, loss_mask: 0.2953, loss: 1.1978
2023-02-08 18:14:31,267 - mmdet - INFO - Saving checkpoint at 1 epochs
2023-02-08 18:14:37,816 - mmdet - INFO - Evaluating bbox...
2023-02-08 18:14:37,898 - mmdet - INFO - 
 Average Precision  (AP) @[ IoU=0.50:0.95 | area=   all | maxDets=100 ] = 0.096
 Average Precision  (AP) @[ IoU=0.50      | area=   all | maxDets=1000 ] = 0.163
 Average Precision  (AP) @[ IoU=0.75      | area=   all | maxDets=1000 ] = 0.090
 Average Precision  (AP) @[ IoU=0.50:0.95 | area= small | maxDets=1000 ] = 0.000
 Average Precision  (AP) @[ IoU=0.50:0.95 | area=medium | maxDets=1000 ] = 0.019
 Average Precision  (AP) @[ IoU=0.50:0.95 | area= large | maxDets=1000 ] = 0.142
 Average Recall     (AR) @[ IoU=0.50:0.95 | area=   all | maxDets=100 ] = 0.548
 Average Recall     (AR) @[ IoU=0.50:0.95 | area=   all | maxDets=300 ] = 0.548
 Average Recall     (AR) @[ IoU=0.50:0.95 | area=   all | maxDets=1000 ] = 0.548
 Average Recall     (AR) @[ IoU=0.50:0.95 | area= small | maxDets=1000 ] = 0.000
 Average Recall     (AR) @[ IoU=0.50:0.95 | area=medium | maxDets=1000 ] = 0.342
 Average Recall     (AR) @[ IoU=0.50:0.95 | area= large | maxDets=1000 ] = 0.647

2023-02-08 18:14:37,898 - mmdet - INFO - Evaluating segm...
2023-02-08 18:14:38,012 - mmdet - INFO - 
 Average Precision  (AP) @[ IoU=0.50:0.95 | area=   all | maxDets=100 ] = 0.127
 Average Precision  (AP) @[ IoU=0.50      | area=   all | maxDets=1000 ] = 0.167
 Average Precision  (AP) @[ IoU=0.75      | area=   all | maxDets=1000 ] = 0.149
 Average Precision  (AP) @[ IoU=0.50:0.95 | area= small | maxDets=1000 ] = 0.000
 Average Precision  (AP) @[ IoU=0.50:0.95 | area=medium | maxDets=1000 ] = 0.017
 Average Precision  (AP) @[ IoU=0.50:0.95 | area= large | maxDets=1000 ] = 0.329
 Average Recall     (AR) @[ IoU=0.50:0.95 | area=   all | maxDets=100 ] = 0.692
 Average Recall     (AR) @[ IoU=0.50:0.95 | area=   all | maxDets=300 ] = 0.692
 Average Recall     (AR) @[ IoU=0.50:0.95 | area=   all | maxDets=1000 ] = 0.692
 Average Recall     (AR) @[ IoU=0.50:0.95 | area= small | maxDets=1000 ] = 0.000
 Average Recall     (AR) @[ IoU=0.50:0.95 | area=medium | maxDets=1000 ] = 0.517
 Average Recall     (AR) @[ IoU=0.50:0.95 | area= large | maxDets=1000 ] = 0.789

2023-02-08 18:14:38,013 - mmdet - INFO - Exp name: config.py
2023-02-08 18:14:38,013 - mmdet - INFO - Epoch(val) [1][13]	bbox_mAP: 0.0958, bbox_mAP_50: 0.1631, bbox_mAP_75: 0.0903, bbox_mAP_s: 0.0000, bbox_mAP_m: 0.0187, bbox_mAP_l: 0.1418, bbox_mAP_copypaste: 0.0958 0.1631 0.0903 0.0000 0.0187 0.1418, segm_mAP: 0.1271, segm_mAP_50: 0.1670, segm_mAP_75: 0.1486, segm_mAP_s: 0.0000, segm_mAP_m: 0.0175, segm_mAP_l: 0.3295, segm_mAP_copypaste: 0.1271 0.1670 0.1486 0.0000 0.0175 0.3295
2023-02-08 18:14:45,494 - mmdet - INFO - Epoch [2][50/61]	lr: 2.760e-04, eta: 0:01:31, time: 0.149, data_time: 0.045, memory: 2902, loss_rpn_cls: 0.0427, loss_rpn_bbox: 0.0116, loss_cls: 0.2090, acc: 90.6211, loss_bbox: 0.3428, loss_mask: 0.1315, loss: 0.7376
2023-02-08 18:14:46,779 - mmdet - INFO - Saving checkpoint at 2 epochs
2023-02-08 18:14:52,185 - mmdet - INFO - Evaluating bbox...
2023-02-08 18:14:52,254 - mmdet - INFO - 
 Average Precision  (AP) @[ IoU=0.50:0.95 | area=   all | maxDets=100 ] = 0.523
 Average Precision  (AP) @[ IoU=0.50      | area=   all | maxDets=1000 ] = 0.700
 Average Precision  (AP) @[ IoU=0.75      | area=   all | maxDets=1000 ] = 0.587
 Average Precision  (AP) @[ IoU=0.50:0.95 | area= small | maxDets=1000 ] = 0.000
 Average Precision  (AP) @[ IoU=0.50:0.95 | area=medium | maxDets=1000 ] = 0.283
 Average Precision  (AP) @[ IoU=0.50:0.95 | area= large | maxDets=1000 ] = 0.636
 Average Recall     (AR) @[ IoU=0.50:0.95 | area=   all | maxDets=100 ] = 0.622
 Average Recall     (AR) @[ IoU=0.50:0.95 | area=   all | maxDets=300 ] = 0.622
 Average Recall     (AR) @[ IoU=0.50:0.95 | area=   all | maxDets=1000 ] = 0.622
 Average Recall     (AR) @[ IoU=0.50:0.95 | area= small | maxDets=1000 ] = 0.000
 Average Recall     (AR) @[ IoU=0.50:0.95 | area=medium | maxDets=1000 ] = 0.425
 Average Recall     (AR) @[ IoU=0.50:0.95 | area= large | maxDets=1000 ] = 0.722

2023-02-08 18:14:52,254 - mmdet - INFO - Evaluating segm...
2023-02-08 18:14:52,347 - mmdet - INFO - 
 Average Precision  (AP) @[ IoU=0.50:0.95 | area=   all | maxDets=100 ] = 0.606
 Average Precision  (AP) @[ IoU=0.50      | area=   all | maxDets=1000 ] = 0.708
 Average Precision  (AP) @[ IoU=0.75      | area=   all | maxDets=1000 ] = 0.687
 Average Precision  (AP) @[ IoU=0.50:0.95 | area= small | maxDets=1000 ] = 0.004
 Average Precision  (AP) @[ IoU=0.50:0.95 | area=medium | maxDets=1000 ] = 0.318
 Average Precision  (AP) @[ IoU=0.50:0.95 | area= large | maxDets=1000 ] = 0.732
 Average Recall     (AR) @[ IoU=0.50:0.95 | area=   all | maxDets=100 ] = 0.728
 Average Recall     (AR) @[ IoU=0.50:0.95 | area=   all | maxDets=300 ] = 0.728
 Average Recall     (AR) @[ IoU=0.50:0.95 | area=   all | maxDets=1000 ] = 0.728
 Average Recall     (AR) @[ IoU=0.50:0.95 | area= small | maxDets=1000 ] = 0.100
 Average Recall     (AR) @[ IoU=0.50:0.95 | area=medium | maxDets=1000 ] = 0.550
 Average Recall     (AR) @[ IoU=0.50:0.95 | area= large | maxDets=1000 ] = 0.822

2023-02-08 18:14:52,348 - mmdet - INFO - Exp name: config.py
2023-02-08 18:14:52,348 - mmdet - INFO - Epoch(val) [2][13]	bbox_mAP: 0.5226, bbox_mAP_50: 0.7004, bbox_mAP_75: 0.5865, bbox_mAP_s: 0.0000, bbox_mAP_m: 0.2834, bbox_mAP_l: 0.6357, bbox_mAP_copypaste: 0.5226 0.7004 0.5865 0.0000 0.2834 0.6357, segm_mAP: 0.6060, segm_mAP_50: 0.7080, segm_mAP_75: 0.6866, segm_mAP_s: 0.0040, segm_mAP_m: 0.3180, segm_mAP_l: 0.7324, segm_mAP_copypaste: 0.6060 0.7080 0.6866 0.0040 0.3180 0.7324
2023-02-08 18:14:59,892 - mmdet - INFO - Epoch [3][50/61]	lr: 4.283e-04, eta: 0:01:17, time: 0.150, data_time: 0.045, memory: 2902, loss_rpn_cls: 0.0203, loss_rpn_bbox: 0.0095, loss_cls: 0.1216, acc: 96.0000, loss_bbox: 0.2662, loss_mask: 0.1075, loss: 0.5252
2023-02-08 18:15:01,182 - mmdet - INFO - Saving checkpoint at 3 epochs
2023-02-08 18:15:03,848 - mmdet - INFO - Evaluating bbox...
2023-02-08 18:15:03,881 - mmdet - INFO - 
 Average Precision  (AP) @[ IoU=0.50:0.95 | area=   all | maxDets=100 ] = 0.639
 Average Precision  (AP) @[ IoU=0.50      | area=   all | maxDets=1000 ] = 0.801
 Average Precision  (AP) @[ IoU=0.75      | area=   all | maxDets=1000 ] = 0.749
 Average Precision  (AP) @[ IoU=0.50:0.95 | area= small | maxDets=1000 ] = 0.000
 Average Precision  (AP) @[ IoU=0.50:0.95 | area=medium | maxDets=1000 ] = 0.440
 Average Precision  (AP) @[ IoU=0.50:0.95 | area= large | maxDets=1000 ] = 0.732
 Average Recall     (AR) @[ IoU=0.50:0.95 | area=   all | maxDets=100 ] = 0.722
 Average Recall     (AR) @[ IoU=0.50:0.95 | area=   all | maxDets=300 ] = 0.722
 Average Recall     (AR) @[ IoU=0.50:0.95 | area=   all | maxDets=1000 ] = 0.722
 Average Recall     (AR) @[ IoU=0.50:0.95 | area= small | maxDets=1000 ] = 0.000
 Average Recall     (AR) @[ IoU=0.50:0.95 | area=medium | maxDets=1000 ] = 0.583
 Average Recall     (AR) @[ IoU=0.50:0.95 | area= large | maxDets=1000 ] = 0.808

2023-02-08 18:15:03,881 - mmdet - INFO - Evaluating segm...
2023-02-08 18:15:03,923 - mmdet - INFO - 
 Average Precision  (AP) @[ IoU=0.50:0.95 | area=   all | maxDets=100 ] = 0.676
 Average Precision  (AP) @[ IoU=0.50      | area=   all | maxDets=1000 ] = 0.798
 Average Precision  (AP) @[ IoU=0.75      | area=   all | maxDets=1000 ] = 0.760
 Average Precision  (AP) @[ IoU=0.50:0.95 | area= small | maxDets=1000 ] = 0.008
 Average Precision  (AP) @[ IoU=0.50:0.95 | area=medium | maxDets=1000 ] = 0.446
 Average Precision  (AP) @[ IoU=0.50:0.95 | area= large | maxDets=1000 ] = 0.774
 Average Recall     (AR) @[ IoU=0.50:0.95 | area=   all | maxDets=100 ] = 0.750
 Average Recall     (AR) @[ IoU=0.50:0.95 | area=   all | maxDets=300 ] = 0.750
 Average Recall     (AR) @[ IoU=0.50:0.95 | area=   all | maxDets=1000 ] = 0.750
 Average Recall     (AR) @[ IoU=0.50:0.95 | area= small | maxDets=1000 ] = 0.150
 Average Recall     (AR) @[ IoU=0.50:0.95 | area=medium | maxDets=1000 ] = 0.608
 Average Recall     (AR) @[ IoU=0.50:0.95 | area= large | maxDets=1000 ] = 0.831

2023-02-08 18:15:03,924 - mmdet - INFO - Exp name: config.py
2023-02-08 18:15:03,924 - mmdet - INFO - Epoch(val) [3][13]	bbox_mAP: 0.6390, bbox_mAP_50: 0.8009, bbox_mAP_75: 0.7490, bbox_mAP_s: 0.0000, bbox_mAP_m: 0.4404, bbox_mAP_l: 0.7316, bbox_mAP_copypaste: 0.6390 0.8009 0.7490 0.0000 0.4404 0.7316, segm_mAP: 0.6759, segm_mAP_50: 0.7977, segm_mAP_75: 0.7598, segm_mAP_s: 0.0084, segm_mAP_m: 0.4456, segm_mAP_l: 0.7740, segm_mAP_copypaste: 0.6759 0.7977 0.7598 0.0084 0.4456 0.7740
2023-02-08 18:15:11,516 - mmdet - INFO - Epoch [4][50/61]	lr: 5.807e-04, eta: 0:01:07, time: 0.151, data_time: 0.045, memory: 2902, loss_rpn_cls: 0.0122, loss_rpn_bbox: 0.0092, loss_cls: 0.0825, acc: 97.0859, loss_bbox: 0.1267, loss_mask: 0.0928, loss: 0.3234
2023-02-08 18:15:12,831 - mmdet - INFO - Saving checkpoint at 4 epochs
2023-02-08 18:15:14,802 - mmdet - INFO - Evaluating bbox...
2023-02-08 18:15:14,823 - mmdet - INFO - 
 Average Precision  (AP) @[ IoU=0.50:0.95 | area=   all | maxDets=100 ] = 0.645
 Average Precision  (AP) @[ IoU=0.50      | area=   all | maxDets=1000 ] = 0.833
 Average Precision  (AP) @[ IoU=0.75      | area=   all | maxDets=1000 ] = 0.759
 Average Precision  (AP) @[ IoU=0.50:0.95 | area= small | maxDets=1000 ] = 0.000
 Average Precision  (AP) @[ IoU=0.50:0.95 | area=medium | maxDets=1000 ] = 0.455
 Average Precision  (AP) @[ IoU=0.50:0.95 | area= large | maxDets=1000 ] = 0.723
 Average Recall     (AR) @[ IoU=0.50:0.95 | area=   all | maxDets=100 ] = 0.718
 Average Recall     (AR) @[ IoU=0.50:0.95 | area=   all | maxDets=300 ] = 0.718
 Average Recall     (AR) @[ IoU=0.50:0.95 | area=   all | maxDets=1000 ] = 0.718
 Average Recall     (AR) @[ IoU=0.50:0.95 | area= small | maxDets=1000 ] = 0.000
 Average Recall     (AR) @[ IoU=0.50:0.95 | area=medium | maxDets=1000 ] = 0.642
 Average Recall     (AR) @[ IoU=0.50:0.95 | area= large | maxDets=1000 ] = 0.783

2023-02-08 18:15:14,823 - mmdet - INFO - Evaluating segm...
2023-02-08 18:15:14,849 - mmdet - INFO - 
 Average Precision  (AP) @[ IoU=0.50:0.95 | area=   all | maxDets=100 ] = 0.703
 Average Precision  (AP) @[ IoU=0.50      | area=   all | maxDets=1000 ] = 0.822
 Average Precision  (AP) @[ IoU=0.75      | area=   all | maxDets=1000 ] = 0.788
 Average Precision  (AP) @[ IoU=0.50:0.95 | area= small | maxDets=1000 ] = 0.000
 Average Precision  (AP) @[ IoU=0.50:0.95 | area=medium | maxDets=1000 ] = 0.467
 Average Precision  (AP) @[ IoU=0.50:0.95 | area= large | maxDets=1000 ] = 0.791
 Average Recall     (AR) @[ IoU=0.50:0.95 | area=   all | maxDets=100 ] = 0.758
 Average Recall     (AR) @[ IoU=0.50:0.95 | area=   all | maxDets=300 ] = 0.758
 Average Recall     (AR) @[ IoU=0.50:0.95 | area=   all | maxDets=1000 ] = 0.758
 Average Recall     (AR) @[ IoU=0.50:0.95 | area= small | maxDets=1000 ] = 0.000
 Average Recall     (AR) @[ IoU=0.50:0.95 | area=medium | maxDets=1000 ] = 0.658
 Average Recall     (AR) @[ IoU=0.50:0.95 | area= large | maxDets=1000 ] = 0.833

2023-02-08 18:15:14,849 - mmdet - INFO - Exp name: config.py
2023-02-08 18:15:14,849 - mmdet - INFO - Epoch(val) [4][13]	bbox_mAP: 0.6448, bbox_mAP_50: 0.8332, bbox_mAP_75: 0.7592, bbox_mAP_s: 0.0000, bbox_mAP_m: 0.4546, bbox_mAP_l: 0.7234, bbox_mAP_copypaste: 0.6448 0.8332 0.7592 0.0000 0.4546 0.7234, segm_mAP: 0.7031, segm_mAP_50: 0.8220, segm_mAP_75: 0.7877, segm_mAP_s: 0.0000, segm_mAP_m: 0.4665, segm_mAP_l: 0.7906, segm_mAP_copypaste: 0.7031 0.8220 0.7877 0.0000 0.4665 0.7906
2023-02-08 18:15:22,695 - mmdet - INFO - Epoch [5][50/61]	lr: 7.330e-04, eta: 0:00:58, time: 0.156, data_time: 0.045, memory: 2902, loss_rpn_cls: 0.0083, loss_rpn_bbox: 0.0106, loss_cls: 0.0815, acc: 96.9414, loss_bbox: 0.1188, loss_mask: 0.0942, loss: 0.3135
2023-02-08 18:15:23,864 - mmdet - INFO - Saving checkpoint at 5 epochs
2023-02-08 18:15:25,543 - mmdet - INFO - Evaluating bbox...
2023-02-08 18:15:25,561 - mmdet - INFO - 
 Average Precision  (AP) @[ IoU=0.50:0.95 | area=   all | maxDets=100 ] = 0.608
 Average Precision  (AP) @[ IoU=0.50      | area=   all | maxDets=1000 ] = 0.832
 Average Precision  (AP) @[ IoU=0.75      | area=   all | maxDets=1000 ] = 0.715
 Average Precision  (AP) @[ IoU=0.50:0.95 | area= small | maxDets=1000 ] = 0.000
 Average Precision  (AP) @[ IoU=0.50:0.95 | area=medium | maxDets=1000 ] = 0.407
 Average Precision  (AP) @[ IoU=0.50:0.95 | area= large | maxDets=1000 ] = 0.681
 Average Recall     (AR) @[ IoU=0.50:0.95 | area=   all | maxDets=100 ] = 0.682
 Average Recall     (AR) @[ IoU=0.50:0.95 | area=   all | maxDets=300 ] = 0.682
 Average Recall     (AR) @[ IoU=0.50:0.95 | area=   all | maxDets=1000 ] = 0.682
 Average Recall     (AR) @[ IoU=0.50:0.95 | area= small | maxDets=1000 ] = 0.000
 Average Recall     (AR) @[ IoU=0.50:0.95 | area=medium | maxDets=1000 ] = 0.608
 Average Recall     (AR) @[ IoU=0.50:0.95 | area= large | maxDets=1000 ] = 0.744

2023-02-08 18:15:25,562 - mmdet - INFO - Evaluating segm...
2023-02-08 18:15:25,581 - mmdet - INFO - 
 Average Precision  (AP) @[ IoU=0.50:0.95 | area=   all | maxDets=100 ] = 0.674
 Average Precision  (AP) @[ IoU=0.50      | area=   all | maxDets=1000 ] = 0.796
 Average Precision  (AP) @[ IoU=0.75      | area=   all | maxDets=1000 ] = 0.739
 Average Precision  (AP) @[ IoU=0.50:0.95 | area= small | maxDets=1000 ] = 0.000
 Average Precision  (AP) @[ IoU=0.50:0.95 | area=medium | maxDets=1000 ] = 0.451
 Average Precision  (AP) @[ IoU=0.50:0.95 | area= large | maxDets=1000 ] = 0.755
 Average Recall     (AR) @[ IoU=0.50:0.95 | area=   all | maxDets=100 ] = 0.732
 Average Recall     (AR) @[ IoU=0.50:0.95 | area=   all | maxDets=300 ] = 0.732
 Average Recall     (AR) @[ IoU=0.50:0.95 | area=   all | maxDets=1000 ] = 0.732
 Average Recall     (AR) @[ IoU=0.50:0.95 | area= small | maxDets=1000 ] = 0.000
 Average Recall     (AR) @[ IoU=0.50:0.95 | area=medium | maxDets=1000 ] = 0.642
 Average Recall     (AR) @[ IoU=0.50:0.95 | area= large | maxDets=1000 ] = 0.803

2023-02-08 18:15:25,581 - mmdet - INFO - Exp name: config.py
2023-02-08 18:15:25,581 - mmdet - INFO - Epoch(val) [5][13]	bbox_mAP: 0.6081, bbox_mAP_50: 0.8324, bbox_mAP_75: 0.7152, bbox_mAP_s: 0.0000, bbox_mAP_m: 0.4074, bbox_mAP_l: 0.6806, bbox_mAP_copypaste: 0.6081 0.8324 0.7152 0.0000 0.4074 0.6806, segm_mAP: 0.6742, segm_mAP_50: 0.7960, segm_mAP_75: 0.7395, segm_mAP_s: 0.0000, segm_mAP_m: 0.4507, segm_mAP_l: 0.7555, segm_mAP_copypaste: 0.6742 0.7960 0.7395 0.0000 0.4507 0.7555
2023-02-08 18:15:33,354 - mmdet - INFO - Epoch [6][50/61]	lr: 8.854e-04, eta: 0:00:49, time: 0.155, data_time: 0.046, memory: 2902, loss_rpn_cls: 0.0048, loss_rpn_bbox: 0.0098, loss_cls: 0.0692, acc: 97.3711, loss_bbox: 0.1039, loss_mask: 0.0884, loss: 0.2761
2023-02-08 18:15:34,629 - mmdet - INFO - Saving checkpoint at 6 epochs
2023-02-08 18:15:36,268 - mmdet - INFO - Evaluating bbox...
2023-02-08 18:15:36,284 - mmdet - INFO - 
 Average Precision  (AP) @[ IoU=0.50:0.95 | area=   all | maxDets=100 ] = 0.661
 Average Precision  (AP) @[ IoU=0.50      | area=   all | maxDets=1000 ] = 0.853
 Average Precision  (AP) @[ IoU=0.75      | area=   all | maxDets=1000 ] = 0.761
 Average Precision  (AP) @[ IoU=0.50:0.95 | area= small | maxDets=1000 ] = 0.013
 Average Precision  (AP) @[ IoU=0.50:0.95 | area=medium | maxDets=1000 ] = 0.446
 Average Precision  (AP) @[ IoU=0.50:0.95 | area= large | maxDets=1000 ] = 0.747
 Average Recall     (AR) @[ IoU=0.50:0.95 | area=   all | maxDets=100 ] = 0.712
 Average Recall     (AR) @[ IoU=0.50:0.95 | area=   all | maxDets=300 ] = 0.712
 Average Recall     (AR) @[ IoU=0.50:0.95 | area=   all | maxDets=1000 ] = 0.712
 Average Recall     (AR) @[ IoU=0.50:0.95 | area= small | maxDets=1000 ] = 0.050
 Average Recall     (AR) @[ IoU=0.50:0.95 | area=medium | maxDets=1000 ] = 0.600
 Average Recall     (AR) @[ IoU=0.50:0.95 | area= large | maxDets=1000 ] = 0.786

2023-02-08 18:15:36,284 - mmdet - INFO - Evaluating segm...
2023-02-08 18:15:36,302 - mmdet - INFO - 
 Average Precision  (AP) @[ IoU=0.50:0.95 | area=   all | maxDets=100 ] = 0.698
 Average Precision  (AP) @[ IoU=0.50      | area=   all | maxDets=1000 ] = 0.836
 Average Precision  (AP) @[ IoU=0.75      | area=   all | maxDets=1000 ] = 0.756
 Average Precision  (AP) @[ IoU=0.50:0.95 | area= small | maxDets=1000 ] = 0.009
 Average Precision  (AP) @[ IoU=0.50:0.95 | area=medium | maxDets=1000 ] = 0.428
 Average Precision  (AP) @[ IoU=0.50:0.95 | area= large | maxDets=1000 ] = 0.799
 Average Recall     (AR) @[ IoU=0.50:0.95 | area=   all | maxDets=100 ] = 0.746
 Average Recall     (AR) @[ IoU=0.50:0.95 | area=   all | maxDets=300 ] = 0.746
 Average Recall     (AR) @[ IoU=0.50:0.95 | area=   all | maxDets=1000 ] = 0.746
 Average Recall     (AR) @[ IoU=0.50:0.95 | area= small | maxDets=1000 ] = 0.100
 Average Recall     (AR) @[ IoU=0.50:0.95 | area=medium | maxDets=1000 ] = 0.583
 Average Recall     (AR) @[ IoU=0.50:0.95 | area= large | maxDets=1000 ] = 0.836

2023-02-08 18:15:36,302 - mmdet - INFO - Exp name: config.py
2023-02-08 18:15:36,302 - mmdet - INFO - Epoch(val) [6][13]	bbox_mAP: 0.6611, bbox_mAP_50: 0.8534, bbox_mAP_75: 0.7613, bbox_mAP_s: 0.0126, bbox_mAP_m: 0.4462, bbox_mAP_l: 0.7473, bbox_mAP_copypaste: 0.6611 0.8534 0.7613 0.0126 0.4462 0.7473, segm_mAP: 0.6975, segm_mAP_50: 0.8356, segm_mAP_75: 0.7564, segm_mAP_s: 0.0092, segm_mAP_m: 0.4281, segm_mAP_l: 0.7987, segm_mAP_copypaste: 0.6975 0.8356 0.7564 0.0092 0.4281 0.7987
2023-02-08 18:15:44,172 - mmdet - INFO - Epoch [7][50/61]	lr: 1.038e-03, eta: 0:00:41, time: 0.157, data_time: 0.046, memory: 2902, loss_rpn_cls: 0.0048, loss_rpn_bbox: 0.0101, loss_cls: 0.0698, acc: 97.3125, loss_bbox: 0.1106, loss_mask: 0.0887, loss: 0.2840
2023-02-08 18:15:45,336 - mmdet - INFO - Saving checkpoint at 7 epochs
2023-02-08 18:15:46,868 - mmdet - INFO - Evaluating bbox...
2023-02-08 18:15:46,883 - mmdet - INFO - 
 Average Precision  (AP) @[ IoU=0.50:0.95 | area=   all | maxDets=100 ] = 0.673
 Average Precision  (AP) @[ IoU=0.50      | area=   all | maxDets=1000 ] = 0.849
 Average Precision  (AP) @[ IoU=0.75      | area=   all | maxDets=1000 ] = 0.794
 Average Precision  (AP) @[ IoU=0.50:0.95 | area= small | maxDets=1000 ] = 0.000
 Average Precision  (AP) @[ IoU=0.50:0.95 | area=medium | maxDets=1000 ] = 0.455
 Average Precision  (AP) @[ IoU=0.50:0.95 | area= large | maxDets=1000 ] = 0.754
 Average Recall     (AR) @[ IoU=0.50:0.95 | area=   all | maxDets=100 ] = 0.726
 Average Recall     (AR) @[ IoU=0.50:0.95 | area=   all | maxDets=300 ] = 0.726
 Average Recall     (AR) @[ IoU=0.50:0.95 | area=   all | maxDets=1000 ] = 0.726
 Average Recall     (AR) @[ IoU=0.50:0.95 | area= small | maxDets=1000 ] = 0.000
 Average Recall     (AR) @[ IoU=0.50:0.95 | area=medium | maxDets=1000 ] = 0.642
 Average Recall     (AR) @[ IoU=0.50:0.95 | area= large | maxDets=1000 ] = 0.794

2023-02-08 18:15:46,883 - mmdet - INFO - Evaluating segm...
2023-02-08 18:15:46,899 - mmdet - INFO - 
 Average Precision  (AP) @[ IoU=0.50:0.95 | area=   all | maxDets=100 ] = 0.706
 Average Precision  (AP) @[ IoU=0.50      | area=   all | maxDets=1000 ] = 0.832
 Average Precision  (AP) @[ IoU=0.75      | area=   all | maxDets=1000 ] = 0.764
 Average Precision  (AP) @[ IoU=0.50:0.95 | area= small | maxDets=1000 ] = 0.000
 Average Precision  (AP) @[ IoU=0.50:0.95 | area=medium | maxDets=1000 ] = 0.466
 Average Precision  (AP) @[ IoU=0.50:0.95 | area= large | maxDets=1000 ] = 0.796
 Average Recall     (AR) @[ IoU=0.50:0.95 | area=   all | maxDets=100 ] = 0.750
 Average Recall     (AR) @[ IoU=0.50:0.95 | area=   all | maxDets=300 ] = 0.750
 Average Recall     (AR) @[ IoU=0.50:0.95 | area=   all | maxDets=1000 ] = 0.750
 Average Recall     (AR) @[ IoU=0.50:0.95 | area= small | maxDets=1000 ] = 0.000
 Average Recall     (AR) @[ IoU=0.50:0.95 | area=medium | maxDets=1000 ] = 0.642
 Average Recall     (AR) @[ IoU=0.50:0.95 | area= large | maxDets=1000 ] = 0.828

2023-02-08 18:15:46,899 - mmdet - INFO - Exp name: config.py
2023-02-08 18:15:46,899 - mmdet - INFO - Epoch(val) [7][13]	bbox_mAP: 0.6729, bbox_mAP_50: 0.8489, bbox_mAP_75: 0.7941, bbox_mAP_s: 0.0000, bbox_mAP_m: 0.4550, bbox_mAP_l: 0.7535, bbox_mAP_copypaste: 0.6729 0.8489 0.7941 0.0000 0.4550 0.7535, segm_mAP: 0.7059, segm_mAP_50: 0.8317, segm_mAP_75: 0.7635, segm_mAP_s: 0.0000, segm_mAP_m: 0.4656, segm_mAP_l: 0.7957, segm_mAP_copypaste: 0.7059 0.8317 0.7635 0.0000 0.4656 0.7957
2023-02-08 18:15:54,677 - mmdet - INFO - Epoch [8][50/61]	lr: 1.190e-03, eta: 0:00:33, time: 0.155, data_time: 0.045, memory: 2902, loss_rpn_cls: 0.0039, loss_rpn_bbox: 0.0083, loss_cls: 0.0585, acc: 97.7109, loss_bbox: 0.0977, loss_mask: 0.0893, loss: 0.2578
2023-02-08 18:15:55,935 - mmdet - INFO - Saving checkpoint at 8 epochs
2023-02-08 18:15:57,485 - mmdet - INFO - Evaluating bbox...
2023-02-08 18:15:57,499 - mmdet - INFO - 
 Average Precision  (AP) @[ IoU=0.50:0.95 | area=   all | maxDets=100 ] = 0.639
 Average Precision  (AP) @[ IoU=0.50      | area=   all | maxDets=1000 ] = 0.843
 Average Precision  (AP) @[ IoU=0.75      | area=   all | maxDets=1000 ] = 0.760
 Average Precision  (AP) @[ IoU=0.50:0.95 | area= small | maxDets=1000 ] = 0.000
 Average Precision  (AP) @[ IoU=0.50:0.95 | area=medium | maxDets=1000 ] = 0.445
 Average Precision  (AP) @[ IoU=0.50:0.95 | area= large | maxDets=1000 ] = 0.723
 Average Recall     (AR) @[ IoU=0.50:0.95 | area=   all | maxDets=100 ] = 0.704
 Average Recall     (AR) @[ IoU=0.50:0.95 | area=   all | maxDets=300 ] = 0.704
 Average Recall     (AR) @[ IoU=0.50:0.95 | area=   all | maxDets=1000 ] = 0.704
 Average Recall     (AR) @[ IoU=0.50:0.95 | area= small | maxDets=1000 ] = 0.000
 Average Recall     (AR) @[ IoU=0.50:0.95 | area=medium | maxDets=1000 ] = 0.600
 Average Recall     (AR) @[ IoU=0.50:0.95 | area= large | maxDets=1000 ] = 0.778

2023-02-08 18:15:57,499 - mmdet - INFO - Evaluating segm...
2023-02-08 18:15:57,514 - mmdet - INFO - 
 Average Precision  (AP) @[ IoU=0.50:0.95 | area=   all | maxDets=100 ] = 0.682
 Average Precision  (AP) @[ IoU=0.50      | area=   all | maxDets=1000 ] = 0.843
 Average Precision  (AP) @[ IoU=0.75      | area=   all | maxDets=1000 ] = 0.746
 Average Precision  (AP) @[ IoU=0.50:0.95 | area= small | maxDets=1000 ] = 0.000
 Average Precision  (AP) @[ IoU=0.50:0.95 | area=medium | maxDets=1000 ] = 0.433
 Average Precision  (AP) @[ IoU=0.50:0.95 | area= large | maxDets=1000 ] = 0.783
 Average Recall     (AR) @[ IoU=0.50:0.95 | area=   all | maxDets=100 ] = 0.748
 Average Recall     (AR) @[ IoU=0.50:0.95 | area=   all | maxDets=300 ] = 0.748
 Average Recall     (AR) @[ IoU=0.50:0.95 | area=   all | maxDets=1000 ] = 0.748
 Average Recall     (AR) @[ IoU=0.50:0.95 | area= small | maxDets=1000 ] = 0.000
 Average Recall     (AR) @[ IoU=0.50:0.95 | area=medium | maxDets=1000 ] = 0.608
 Average Recall     (AR) @[ IoU=0.50:0.95 | area= large | maxDets=1000 ] = 0.836

2023-02-08 18:15:57,514 - mmdet - INFO - Exp name: config.py
2023-02-08 18:15:57,514 - mmdet - INFO - Epoch(val) [8][13]	bbox_mAP: 0.6388, bbox_mAP_50: 0.8429, bbox_mAP_75: 0.7596, bbox_mAP_s: 0.0000, bbox_mAP_m: 0.4454, bbox_mAP_l: 0.7228, bbox_mAP_copypaste: 0.6388 0.8429 0.7596 0.0000 0.4454 0.7228, segm_mAP: 0.6815, segm_mAP_50: 0.8429, segm_mAP_75: 0.7459, segm_mAP_s: 0.0000, segm_mAP_m: 0.4328, segm_mAP_l: 0.7829, segm_mAP_copypaste: 0.6815 0.8429 0.7459 0.0000 0.4328 0.7829
2023-02-08 18:16:05,278 - mmdet - INFO - Epoch [9][50/61]	lr: 1.250e-04, eta: 0:00:25, time: 0.155, data_time: 0.045, memory: 2902, loss_rpn_cls: 0.0029, loss_rpn_bbox: 0.0087, loss_cls: 0.0554, acc: 97.9883, loss_bbox: 0.0892, loss_mask: 0.0773, loss: 0.2336
2023-02-08 18:16:06,517 - mmdet - INFO - Saving checkpoint at 9 epochs
2023-02-08 18:16:08,089 - mmdet - INFO - Evaluating bbox...
2023-02-08 18:16:08,105 - mmdet - INFO - 
 Average Precision  (AP) @[ IoU=0.50:0.95 | area=   all | maxDets=100 ] = 0.671
 Average Precision  (AP) @[ IoU=0.50      | area=   all | maxDets=1000 ] = 0.853
 Average Precision  (AP) @[ IoU=0.75      | area=   all | maxDets=1000 ] = 0.765
 Average Precision  (AP) @[ IoU=0.50:0.95 | area= small | maxDets=1000 ] = 0.000
 Average Precision  (AP) @[ IoU=0.50:0.95 | area=medium | maxDets=1000 ] = 0.414
 Average Precision  (AP) @[ IoU=0.50:0.95 | area= large | maxDets=1000 ] = 0.759
 Average Recall     (AR) @[ IoU=0.50:0.95 | area=   all | maxDets=100 ] = 0.730
 Average Recall     (AR) @[ IoU=0.50:0.95 | area=   all | maxDets=300 ] = 0.730
 Average Recall     (AR) @[ IoU=0.50:0.95 | area=   all | maxDets=1000 ] = 0.730
 Average Recall     (AR) @[ IoU=0.50:0.95 | area= small | maxDets=1000 ] = 0.000
 Average Recall     (AR) @[ IoU=0.50:0.95 | area=medium | maxDets=1000 ] = 0.625
 Average Recall     (AR) @[ IoU=0.50:0.95 | area= large | maxDets=1000 ] = 0.806

2023-02-08 18:16:08,105 - mmdet - INFO - Evaluating segm...
2023-02-08 18:16:08,122 - mmdet - INFO - 
 Average Precision  (AP) @[ IoU=0.50:0.95 | area=   all | maxDets=100 ] = 0.701
 Average Precision  (AP) @[ IoU=0.50      | area=   all | maxDets=1000 ] = 0.853
 Average Precision  (AP) @[ IoU=0.75      | area=   all | maxDets=1000 ] = 0.755
 Average Precision  (AP) @[ IoU=0.50:0.95 | area= small | maxDets=1000 ] = 0.000
 Average Precision  (AP) @[ IoU=0.50:0.95 | area=medium | maxDets=1000 ] = 0.394
 Average Precision  (AP) @[ IoU=0.50:0.95 | area= large | maxDets=1000 ] = 0.809
 Average Recall     (AR) @[ IoU=0.50:0.95 | area=   all | maxDets=100 ] = 0.752
 Average Recall     (AR) @[ IoU=0.50:0.95 | area=   all | maxDets=300 ] = 0.752
 Average Recall     (AR) @[ IoU=0.50:0.95 | area=   all | maxDets=1000 ] = 0.752
 Average Recall     (AR) @[ IoU=0.50:0.95 | area= small | maxDets=1000 ] = 0.000
 Average Recall     (AR) @[ IoU=0.50:0.95 | area=medium | maxDets=1000 ] = 0.608
 Average Recall     (AR) @[ IoU=0.50:0.95 | area= large | maxDets=1000 ] = 0.842

2023-02-08 18:16:08,122 - mmdet - INFO - Exp name: config.py
2023-02-08 18:16:08,122 - mmdet - INFO - Epoch(val) [9][13]	bbox_mAP: 0.6709, bbox_mAP_50: 0.8528, bbox_mAP_75: 0.7648, bbox_mAP_s: 0.0000, bbox_mAP_m: 0.4139, bbox_mAP_l: 0.7594, bbox_mAP_copypaste: 0.6709 0.8528 0.7648 0.0000 0.4139 0.7594, segm_mAP: 0.7009, segm_mAP_50: 0.8528, segm_mAP_75: 0.7554, segm_mAP_s: 0.0000, segm_mAP_m: 0.3942, segm_mAP_l: 0.8087, segm_mAP_copypaste: 0.7009 0.8528 0.7554 0.0000 0.3942 0.8087
2023-02-08 18:16:15,909 - mmdet - INFO - Epoch [10][50/61]	lr: 1.250e-04, eta: 0:00:17, time: 0.155, data_time: 0.046, memory: 2902, loss_rpn_cls: 0.0033, loss_rpn_bbox: 0.0068, loss_cls: 0.0488, acc: 98.1172, loss_bbox: 0.0711, loss_mask: 0.0681, loss: 0.1981
2023-02-08 18:16:17,233 - mmdet - INFO - Saving checkpoint at 10 epochs
2023-02-08 18:16:18,814 - mmdet - INFO - Evaluating bbox...
2023-02-08 18:16:18,830 - mmdet - INFO - 
 Average Precision  (AP) @[ IoU=0.50:0.95 | area=   all | maxDets=100 ] = 0.680
 Average Precision  (AP) @[ IoU=0.50      | area=   all | maxDets=1000 ] = 0.853
 Average Precision  (AP) @[ IoU=0.75      | area=   all | maxDets=1000 ] = 0.763
 Average Precision  (AP) @[ IoU=0.50:0.95 | area= small | maxDets=1000 ] = 0.000
 Average Precision  (AP) @[ IoU=0.50:0.95 | area=medium | maxDets=1000 ] = 0.431
 Average Precision  (AP) @[ IoU=0.50:0.95 | area= large | maxDets=1000 ] = 0.768
 Average Recall     (AR) @[ IoU=0.50:0.95 | area=   all | maxDets=100 ] = 0.738
 Average Recall     (AR) @[ IoU=0.50:0.95 | area=   all | maxDets=300 ] = 0.738
 Average Recall     (AR) @[ IoU=0.50:0.95 | area=   all | maxDets=1000 ] = 0.738
 Average Recall     (AR) @[ IoU=0.50:0.95 | area= small | maxDets=1000 ] = 0.000
 Average Recall     (AR) @[ IoU=0.50:0.95 | area=medium | maxDets=1000 ] = 0.633
 Average Recall     (AR) @[ IoU=0.50:0.95 | area= large | maxDets=1000 ] = 0.814

2023-02-08 18:16:18,831 - mmdet - INFO - Evaluating segm...
2023-02-08 18:16:18,848 - mmdet - INFO - 
 Average Precision  (AP) @[ IoU=0.50:0.95 | area=   all | maxDets=100 ] = 0.701
 Average Precision  (AP) @[ IoU=0.50      | area=   all | maxDets=1000 ] = 0.830
 Average Precision  (AP) @[ IoU=0.75      | area=   all | maxDets=1000 ] = 0.755
 Average Precision  (AP) @[ IoU=0.50:0.95 | area= small | maxDets=1000 ] = 0.000
 Average Precision  (AP) @[ IoU=0.50:0.95 | area=medium | maxDets=1000 ] = 0.390
 Average Precision  (AP) @[ IoU=0.50:0.95 | area= large | maxDets=1000 ] = 0.806
 Average Recall     (AR) @[ IoU=0.50:0.95 | area=   all | maxDets=100 ] = 0.752
 Average Recall     (AR) @[ IoU=0.50:0.95 | area=   all | maxDets=300 ] = 0.752
 Average Recall     (AR) @[ IoU=0.50:0.95 | area=   all | maxDets=1000 ] = 0.752
 Average Recall     (AR) @[ IoU=0.50:0.95 | area= small | maxDets=1000 ] = 0.000
 Average Recall     (AR) @[ IoU=0.50:0.95 | area=medium | maxDets=1000 ] = 0.617
 Average Recall     (AR) @[ IoU=0.50:0.95 | area= large | maxDets=1000 ] = 0.839

2023-02-08 18:16:18,848 - mmdet - INFO - Exp name: config.py
2023-02-08 18:16:18,848 - mmdet - INFO - Epoch(val) [10][13]	bbox_mAP: 0.6802, bbox_mAP_50: 0.8530, bbox_mAP_75: 0.7633, bbox_mAP_s: 0.0000, bbox_mAP_m: 0.4315, bbox_mAP_l: 0.7683, bbox_mAP_copypaste: 0.6802 0.8530 0.7633 0.0000 0.4315 0.7683, segm_mAP: 0.7011, segm_mAP_50: 0.8302, segm_mAP_75: 0.7552, segm_mAP_s: 0.0000, segm_mAP_m: 0.3896, segm_mAP_l: 0.8065, segm_mAP_copypaste: 0.7011 0.8302 0.7552 0.0000 0.3896 0.8065
2023-02-08 18:16:26,606 - mmdet - INFO - Epoch [11][50/61]	lr: 1.250e-04, eta: 0:00:09, time: 0.155, data_time: 0.045, memory: 2902, loss_rpn_cls: 0.0028, loss_rpn_bbox: 0.0073, loss_cls: 0.0502, acc: 98.0703, loss_bbox: 0.0727, loss_mask: 0.0698, loss: 0.2028
2023-02-08 18:16:27,936 - mmdet - INFO - Saving checkpoint at 11 epochs
2023-02-08 18:16:29,489 - mmdet - INFO - Evaluating bbox...
2023-02-08 18:16:29,503 - mmdet - INFO - 
 Average Precision  (AP) @[ IoU=0.50:0.95 | area=   all | maxDets=100 ] = 0.670
 Average Precision  (AP) @[ IoU=0.50      | area=   all | maxDets=1000 ] = 0.853
 Average Precision  (AP) @[ IoU=0.75      | area=   all | maxDets=1000 ] = 0.761
 Average Precision  (AP) @[ IoU=0.50:0.95 | area= small | maxDets=1000 ] = 0.000
 Average Precision  (AP) @[ IoU=0.50:0.95 | area=medium | maxDets=1000 ] = 0.433
 Average Precision  (AP) @[ IoU=0.50:0.95 | area= large | maxDets=1000 ] = 0.754
 Average Recall     (AR) @[ IoU=0.50:0.95 | area=   all | maxDets=100 ] = 0.730
 Average Recall     (AR) @[ IoU=0.50:0.95 | area=   all | maxDets=300 ] = 0.730
 Average Recall     (AR) @[ IoU=0.50:0.95 | area=   all | maxDets=1000 ] = 0.730
 Average Recall     (AR) @[ IoU=0.50:0.95 | area= small | maxDets=1000 ] = 0.000
 Average Recall     (AR) @[ IoU=0.50:0.95 | area=medium | maxDets=1000 ] = 0.633
 Average Recall     (AR) @[ IoU=0.50:0.95 | area= large | maxDets=1000 ] = 0.803

2023-02-08 18:16:29,504 - mmdet - INFO - Evaluating segm...
2023-02-08 18:16:29,519 - mmdet - INFO - 
 Average Precision  (AP) @[ IoU=0.50:0.95 | area=   all | maxDets=100 ] = 0.697
 Average Precision  (AP) @[ IoU=0.50      | area=   all | maxDets=1000 ] = 0.830
 Average Precision  (AP) @[ IoU=0.75      | area=   all | maxDets=1000 ] = 0.755
 Average Precision  (AP) @[ IoU=0.50:0.95 | area= small | maxDets=1000 ] = 0.000
 Average Precision  (AP) @[ IoU=0.50:0.95 | area=medium | maxDets=1000 ] = 0.389
 Average Precision  (AP) @[ IoU=0.50:0.95 | area= large | maxDets=1000 ] = 0.801
 Average Recall     (AR) @[ IoU=0.50:0.95 | area=   all | maxDets=100 ] = 0.750
 Average Recall     (AR) @[ IoU=0.50:0.95 | area=   all | maxDets=300 ] = 0.750
 Average Recall     (AR) @[ IoU=0.50:0.95 | area=   all | maxDets=1000 ] = 0.750
 Average Recall     (AR) @[ IoU=0.50:0.95 | area= small | maxDets=1000 ] = 0.000
 Average Recall     (AR) @[ IoU=0.50:0.95 | area=medium | maxDets=1000 ] = 0.617
 Average Recall     (AR) @[ IoU=0.50:0.95 | area= large | maxDets=1000 ] = 0.836

2023-02-08 18:16:29,519 - mmdet - INFO - Exp name: config.py
2023-02-08 18:16:29,519 - mmdet - INFO - Epoch(val) [11][13]	bbox_mAP: 0.6697, bbox_mAP_50: 0.8526, bbox_mAP_75: 0.7615, bbox_mAP_s: 0.0000, bbox_mAP_m: 0.4330, bbox_mAP_l: 0.7544, bbox_mAP_copypaste: 0.6697 0.8526 0.7615 0.0000 0.4330 0.7544, segm_mAP: 0.6968, segm_mAP_50: 0.8303, segm_mAP_75: 0.7547, segm_mAP_s: 0.0000, segm_mAP_m: 0.3886, segm_mAP_l: 0.8005, segm_mAP_copypaste: 0.6968 0.8303 0.7547 0.0000 0.3886 0.8005
2023-02-08 18:16:37,265 - mmdet - INFO - Epoch [12][50/61]	lr: 1.250e-05, eta: 0:00:01, time: 0.154, data_time: 0.045, memory: 2902, loss_rpn_cls: 0.0022, loss_rpn_bbox: 0.0067, loss_cls: 0.0476, acc: 98.2031, loss_bbox: 0.0689, loss_mask: 0.0704, loss: 0.1958
2023-02-08 18:16:38,627 - mmdet - INFO - Saving checkpoint at 12 epochs
2023-02-08 18:16:40,156 - mmdet - INFO - Evaluating bbox...
2023-02-08 18:16:40,171 - mmdet - INFO - 
 Average Precision  (AP) @[ IoU=0.50:0.95 | area=   all | maxDets=100 ] = 0.675
 Average Precision  (AP) @[ IoU=0.50      | area=   all | maxDets=1000 ] = 0.853
 Average Precision  (AP) @[ IoU=0.75      | area=   all | maxDets=1000 ] = 0.762
 Average Precision  (AP) @[ IoU=0.50:0.95 | area= small | maxDets=1000 ] = 0.000
 Average Precision  (AP) @[ IoU=0.50:0.95 | area=medium | maxDets=1000 ] = 0.437
 Average Precision  (AP) @[ IoU=0.50:0.95 | area= large | maxDets=1000 ] = 0.760
 Average Recall     (AR) @[ IoU=0.50:0.95 | area=   all | maxDets=100 ] = 0.736
 Average Recall     (AR) @[ IoU=0.50:0.95 | area=   all | maxDets=300 ] = 0.736
 Average Recall     (AR) @[ IoU=0.50:0.95 | area=   all | maxDets=1000 ] = 0.736
 Average Recall     (AR) @[ IoU=0.50:0.95 | area= small | maxDets=1000 ] = 0.000
 Average Recall     (AR) @[ IoU=0.50:0.95 | area=medium | maxDets=1000 ] = 0.642
 Average Recall     (AR) @[ IoU=0.50:0.95 | area= large | maxDets=1000 ] = 0.808

2023-02-08 18:16:40,171 - mmdet - INFO - Evaluating segm...
2023-02-08 18:16:40,189 - mmdet - INFO - 
 Average Precision  (AP) @[ IoU=0.50:0.95 | area=   all | maxDets=100 ] = 0.701
 Average Precision  (AP) @[ IoU=0.50      | area=   all | maxDets=1000 ] = 0.830
 Average Precision  (AP) @[ IoU=0.75      | area=   all | maxDets=1000 ] = 0.755
 Average Precision  (AP) @[ IoU=0.50:0.95 | area= small | maxDets=1000 ] = 0.000
 Average Precision  (AP) @[ IoU=0.50:0.95 | area=medium | maxDets=1000 ] = 0.391
 Average Precision  (AP) @[ IoU=0.50:0.95 | area= large | maxDets=1000 ] = 0.806
 Average Recall     (AR) @[ IoU=0.50:0.95 | area=   all | maxDets=100 ] = 0.752
 Average Recall     (AR) @[ IoU=0.50:0.95 | area=   all | maxDets=300 ] = 0.752
 Average Recall     (AR) @[ IoU=0.50:0.95 | area=   all | maxDets=1000 ] = 0.752
 Average Recall     (AR) @[ IoU=0.50:0.95 | area= small | maxDets=1000 ] = 0.000
 Average Recall     (AR) @[ IoU=0.50:0.95 | area=medium | maxDets=1000 ] = 0.617
 Average Recall     (AR) @[ IoU=0.50:0.95 | area= large | maxDets=1000 ] = 0.839

2023-02-08 18:16:40,189 - mmdet - INFO - Exp name: config.py
2023-02-08 18:16:40,189 - mmdet - INFO - Epoch(val) [12][13]	bbox_mAP: 0.6754, bbox_mAP_50: 0.8526, bbox_mAP_75: 0.7623, bbox_mAP_s: 0.0000, bbox_mAP_m: 0.4370, bbox_mAP_l: 0.7602, bbox_mAP_copypaste: 0.6754 0.8526 0.7623 0.0000 0.4370 0.7602, segm_mAP: 0.7014, segm_mAP_50: 0.8303, segm_mAP_75: 0.7552, segm_mAP_s: 0.0000, segm_mAP_m: 0.3913, segm_mAP_l: 0.8061, segm_mAP_copypaste: 0.7014 0.8303 0.7552 0.0000 0.3913 0.8061
