2023-02-10 11:31:44,289 - mmdet - INFO - Environment info:
------------------------------------------------------------
sys.platform: linux
Python: 3.8.10 (default, Jun  4 2021, 15:09:15) [GCC 7.5.0]
CUDA available: True
GPU 0: NVIDIA GeForce RTX 3060 Laptop GPU
CUDA_HOME: /usr/local/cuda
NVCC: Cuda compilation tools, release 11.6, V11.6.55
GCC: gcc (Ubuntu 9.4.0-1ubuntu1~20.04.1) 9.4.0
PyTorch: 1.12.0
PyTorch compiling details: PyTorch built with:
  - GCC 9.3
  - C++ Version: 201402
  - Intel(R) oneAPI Math Kernel Library Version 2021.4-Product Build 20210904 for Intel(R) 64 architecture applications
  - Intel(R) MKL-DNN v2.6.0 (Git Hash 52b5f107dd9cf10910aaa19cb47f3abf9b349815)
  - OpenMP 201511 (a.k.a. OpenMP 4.5)
  - LAPACK is enabled (usually provided by MKL)
  - NNPACK is enabled
  - CPU capability usage: AVX2
  - CUDA Runtime 11.6
  - NVCC architecture flags: -gencode;arch=compute_37,code=sm_37;-gencode;arch=compute_50,code=sm_50;-gencode;arch=compute_60,code=sm_60;-gencode;arch=compute_61,code=sm_61;-gencode;arch=compute_70,code=sm_70;-gencode;arch=compute_75,code=sm_75;-gencode;arch=compute_80,code=sm_80;-gencode;arch=compute_86,code=sm_86;-gencode;arch=compute_37,code=compute_37
  - CuDNN 8.3.2  (built against CUDA 11.5)
  - Magma 2.6.1
  - Build settings: BLAS_INFO=mkl, BUILD_TYPE=Release, CUDA_VERSION=11.6, CUDNN_VERSION=8.3.2, CXX_COMPILER=/opt/rh/devtoolset-9/root/usr/bin/c++, CXX_FLAGS= -Wno-deprecated -fvisibility-inlines-hidden -DUSE_PTHREADPOOL -fopenmp -DNDEBUG -DUSE_KINETO -DUSE_FBGEMM -DUSE_QNNPACK -DUSE_PYTORCH_QNNPACK -DUSE_XNNPACK -DSYMBOLICATE_MOBILE_DEBUG_HANDLE -DEDGE_PROFILER_USE_KINETO -O2 -fPIC -Wno-narrowing -Wall -Wextra -Werror=return-type -Wno-missing-field-initializers -Wno-type-limits -Wno-array-bounds -Wno-unknown-pragmas -Wno-unused-parameter -Wno-unused-function -Wno-unused-result -Wno-unused-local-typedefs -Wno-strict-overflow -Wno-strict-aliasing -Wno-error=deprecated-declarations -Wno-stringop-overflow -Wno-psabi -Wno-error=pedantic -Wno-error=redundant-decls -Wno-error=old-style-cast -fdiagnostics-color=always -faligned-new -Wno-unused-but-set-variable -Wno-maybe-uninitialized -fno-math-errno -fno-trapping-math -Werror=format -Werror=cast-function-type -Wno-stringop-overflow, LAPACK_INFO=mkl, PERF_WITH_AVX=1, PERF_WITH_AVX2=1, PERF_WITH_AVX512=1, TORCH_VERSION=1.12.0, USE_CUDA=ON, USE_CUDNN=ON, USE_EXCEPTION_PTR=1, USE_GFLAGS=OFF, USE_GLOG=OFF, USE_MKL=ON, USE_MKLDNN=OFF, USE_MPI=OFF, USE_NCCL=ON, USE_NNPACK=ON, USE_OPENMP=ON, USE_ROCM=OFF, 

TorchVision: 0.13.0
OpenCV: 4.7.0
MMCV: 1.7.1
MMCV Compiler: GCC 9.3
MMCV CUDA Compiler: 11.6
MMDetection: 2.28.0+1b7d778
------------------------------------------------------------

2023-02-10 11:31:44,469 - mmdet - INFO - Distributed training: False
2023-02-10 11:31:44,636 - mmdet - INFO - Config:
model = dict(
    type='MaskRCNN',
    backbone=dict(
        type='ResNet',
        depth=50,
        num_stages=4,
        out_indices=(0, 1, 2, 3),
        frozen_stages=1,
        norm_cfg=dict(type='BN', requires_grad=True),
        norm_eval=True,
        style='pytorch',
        init_cfg=dict(type='Pretrained',
                      checkpoint='./resnet50-0676ba61.pth')),
    neck=dict(
        type='FPN',
        in_channels=[256, 512, 1024, 2048],
        out_channels=256,
        num_outs=5),
    rpn_head=dict(
        type='RPNHead',
        in_channels=256,
        feat_channels=256,
        anchor_generator=dict(
            type='AnchorGenerator',
            scales=[8],
            ratios=[0.5, 1.0, 2.0],
            strides=[4, 8, 16, 32, 64]),
        bbox_coder=dict(
            type='DeltaXYWHBBoxCoder',
            target_means=[0.0, 0.0, 0.0, 0.0],
            target_stds=[1.0, 1.0, 1.0, 1.0]),
        loss_cls=dict(
            type='CrossEntropyLoss', use_sigmoid=True, loss_weight=1.0),
        loss_bbox=dict(type='L1Loss', loss_weight=1.0)),
    roi_head=dict(
        type='StandardRoIHead',
        bbox_roi_extractor=dict(
            type='SingleRoIExtractor',
            roi_layer=dict(type='RoIAlign', output_size=7, sampling_ratio=0),
            out_channels=256,
            featmap_strides=[4, 8, 16, 32]),
        bbox_head=dict(
            type='Shared2FCBBoxHead',
            in_channels=256,
            fc_out_channels=1024,
            roi_feat_size=7,
            num_classes=1,
            bbox_coder=dict(
                type='DeltaXYWHBBoxCoder',
                target_means=[0.0, 0.0, 0.0, 0.0],
                target_stds=[0.1, 0.1, 0.2, 0.2]),
            reg_class_agnostic=False,
            loss_cls=dict(
                type='CrossEntropyLoss', use_sigmoid=False, loss_weight=1.0),
            loss_bbox=dict(type='L1Loss', loss_weight=1.0)),
        mask_roi_extractor=dict(
            type='SingleRoIExtractor',
            roi_layer=dict(type='RoIAlign', output_size=14, sampling_ratio=0),
            out_channels=256,
            featmap_strides=[4, 8, 16, 32]),
        mask_head=dict(
            type='FCNMaskHead',
            num_convs=4,
            in_channels=256,
            conv_out_channels=256,
            num_classes=1,
            loss_mask=dict(
                type='CrossEntropyLoss', use_mask=True, loss_weight=1.0))),
    train_cfg=dict(
        rpn=dict(
            assigner=dict(
                type='MaxIoUAssigner',
                pos_iou_thr=0.7,
                neg_iou_thr=0.3,
                min_pos_iou=0.3,
                match_low_quality=True,
                ignore_iof_thr=-1),
            sampler=dict(
                type='RandomSampler',
                num=256,
                pos_fraction=0.5,
                neg_pos_ub=-1,
                add_gt_as_proposals=False),
            allowed_border=-1,
            pos_weight=-1,
            debug=False),
        rpn_proposal=dict(
            nms_pre=2000,
            max_per_img=1000,
            nms=dict(type='nms', iou_threshold=0.7),
            min_bbox_size=0),
        rcnn=dict(
            assigner=dict(
                type='MaxIoUAssigner',
                pos_iou_thr=0.5,
                neg_iou_thr=0.5,
                min_pos_iou=0.5,
                match_low_quality=True,
                ignore_iof_thr=-1),
            sampler=dict(
                type='RandomSampler',
                num=512,
                pos_fraction=0.25,
                neg_pos_ub=-1,
                add_gt_as_proposals=True),
            mask_size=28,
            pos_weight=-1,
            debug=False)),
    test_cfg=dict(
        rpn=dict(
            nms_pre=1000,
            max_per_img=1000,
            nms=dict(type='nms', iou_threshold=0.7),
            min_bbox_size=0),
        rcnn=dict(
            score_thr=0.05,
            nms=dict(type='nms', iou_threshold=0.5),
            max_per_img=100,
            mask_thr_binary=0.5)))
dataset_type = 'CocoDataset'
data_root = './data/coco'
img_norm_cfg = dict(
    mean=[123.675, 116.28, 103.53], std=[58.395, 57.12, 57.375], to_rgb=True)
train_pipeline = [
    dict(type='LoadImageFromFile'),
    dict(type='LoadAnnotations', with_bbox=True, with_mask=True),
    dict(type='Resize', img_scale=(240, 180), keep_ratio=True),
    dict(type='RandomFlip', flip_ratio=0.5),
    dict(
        type='Normalize',
        mean=[123.675, 116.28, 103.53],
        std=[58.395, 57.12, 57.375],
        to_rgb=True),
    dict(type='Pad', size_divisor=32),
    dict(type='DefaultFormatBundle'),
    dict(type='Collect', keys=['img', 'gt_bboxes', 'gt_labels', 'gt_masks'])
]
test_pipeline = [
    dict(type='LoadImageFromFile'),
    dict(
        type='MultiScaleFlipAug',
        img_scale=(240, 180),
        flip=False,
        transforms=[
            dict(type='Resize', keep_ratio=True),
            dict(type='RandomFlip'),
            dict(
                type='Normalize',
                mean=[123.675, 116.28, 103.53],
                std=[58.395, 57.12, 57.375],
                to_rgb=True),
            dict(type='Pad', size_divisor=32),
            dict(type='ImageToTensor', keys=['img']),
            dict(type='Collect', keys=['img'])
        ])
]
data = dict(
    samples_per_gpu=1,
    workers_per_gpu=1,
    train=dict(
        type='CocoDataset',
        ann_file='./data/coco/train.json',
        img_prefix='./data/coco/train/',
        pipeline=[
            dict(type='LoadImageFromFile'),
            dict(type='LoadAnnotations', with_bbox=True, with_mask=True),
            dict(type='Resize', img_scale=(240, 180), keep_ratio=True),
            dict(type='RandomFlip', flip_ratio=0.5),
            dict(
                type='Normalize',
                mean=[123.675, 116.28, 103.53],
                std=[58.395, 57.12, 57.375],
                to_rgb=True),
            dict(type='Pad', size_divisor=32),
            dict(type='DefaultFormatBundle'),
            dict(
                type='Collect',
                keys=['img', 'gt_bboxes', 'gt_labels', 'gt_masks'])
        ]),
    val=dict(
        type='CocoDataset',
        ann_file='./data/coco/val.json',
        img_prefix='./data/coco/val/',
        pipeline=[
            dict(type='LoadImageFromFile'),
            dict(
                type='MultiScaleFlipAug',
                img_scale=(240, 180),
                flip=False,
                transforms=[
                    dict(type='Resize', keep_ratio=True),
                    dict(type='RandomFlip'),
                    dict(
                        type='Normalize',
                        mean=[123.675, 116.28, 103.53],
                        std=[58.395, 57.12, 57.375],
                        to_rgb=True),
                    dict(type='Pad', size_divisor=32),
                    dict(type='ImageToTensor', keys=['img']),
                    dict(type='Collect', keys=['img'])
                ])
        ]),
    test=dict(
        type='CocoDataset',
        ann_file='./data/coco/val.json',
        img_prefix='./data/coco/val/',
        pipeline=[
            dict(type='LoadImageFromFile'),
            dict(
                type='MultiScaleFlipAug',
                img_scale=(240, 180),
                flip=False,
                transforms=[
                    dict(type='Resize', keep_ratio=True),
                    dict(type='RandomFlip'),
                    dict(
                        type='Normalize',
                        mean=[123.675, 116.28, 103.53],
                        std=[58.395, 57.12, 57.375],
                        to_rgb=True),
                    dict(type='Pad', size_divisor=32),
                    dict(type='ImageToTensor', keys=['img']),
                    dict(type='Collect', keys=['img'])
                ])
        ]))
evaluation = dict(metric=['bbox', 'segm'])
optimizer = dict(type='SGD', lr=0.02, momentum=0.9, weight_decay=0.0001)
optimizer_config = dict(grad_clip=None)
lr_config = dict(
    policy='step',
    warmup='linear',
    warmup_iters=500,
    warmup_ratio=0.001,
    step=[8, 11])
runner = dict(type='EpochBasedRunner', max_epochs=12)
checkpoint_config = dict(interval=1)
log_config = dict(interval=50, hooks=[dict(type='TextLoggerHook')])
custom_hooks = [dict(type='NumClassCheckHook')]
dist_params = dict(backend='nccl')
log_level = 'INFO'
load_from = './mask_rcnn_r50_fpn_1x_coco_20200205-d4b0c5d6.pth'
resume_from = None
workflow = [('train', 1)]
opencv_num_threads = 0
mp_start_method = 'fork'
auto_scale_lr = dict(enable=False, base_batch_size=1)
CLASSES = ('balloon', )
work_dir = 'ballon_test'
auto_resume = False
gpu_ids = [0]

2023-02-10 11:31:44,636 - mmdet - INFO - Set random seed to 66592795, deterministic: False
2023-02-10 11:31:45,690 - mmdet - INFO - Automatic scaling of learning rate (LR) has been disabled.
2023-02-10 11:31:45,693 - mmdet - INFO - load checkpoint from local path: ./mask_rcnn_r50_fpn_1x_coco_20200205-d4b0c5d6.pth
2023-02-10 11:31:45,789 - mmdet - WARNING - The model and loaded state dict do not match exactly

size mismatch for roi_head.bbox_head.fc_cls.weight: copying a param with shape torch.Size([81, 1024]) from checkpoint, the shape in current model is torch.Size([2, 1024]).
size mismatch for roi_head.bbox_head.fc_cls.bias: copying a param with shape torch.Size([81]) from checkpoint, the shape in current model is torch.Size([2]).
size mismatch for roi_head.bbox_head.fc_reg.weight: copying a param with shape torch.Size([320, 1024]) from checkpoint, the shape in current model is torch.Size([4, 1024]).
size mismatch for roi_head.bbox_head.fc_reg.bias: copying a param with shape torch.Size([320]) from checkpoint, the shape in current model is torch.Size([4]).
size mismatch for roi_head.mask_head.conv_logits.weight: copying a param with shape torch.Size([80, 256, 1, 1]) from checkpoint, the shape in current model is torch.Size([1, 256, 1, 1]).
size mismatch for roi_head.mask_head.conv_logits.bias: copying a param with shape torch.Size([80]) from checkpoint, the shape in current model is torch.Size([1]).
2023-02-10 11:31:45,795 - mmdet - INFO - Start running, host: syt@syt-ZERO, work_dir: /home/syt/workspace/openmmlab/mmdetection/ballon_test
2023-02-10 11:31:45,795 - mmdet - INFO - Hooks will be executed in the following order:
before_run:
(VERY_HIGH   ) StepLrUpdaterHook                  
(NORMAL      ) CheckpointHook                     
(LOW         ) EvalHook                           
(VERY_LOW    ) TextLoggerHook                     
 -------------------- 
before_train_epoch:
(VERY_HIGH   ) StepLrUpdaterHook                  
(NORMAL      ) NumClassCheckHook                  
(LOW         ) IterTimerHook                      
(LOW         ) EvalHook                           
(VERY_LOW    ) TextLoggerHook                     
 -------------------- 
before_train_iter:
(VERY_HIGH   ) StepLrUpdaterHook                  
(LOW         ) IterTimerHook                      
(LOW         ) EvalHook                           
 -------------------- 
after_train_iter:
(ABOVE_NORMAL) OptimizerHook                      
(NORMAL      ) CheckpointHook                     
(LOW         ) IterTimerHook                      
(LOW         ) EvalHook                           
(VERY_LOW    ) TextLoggerHook                     
 -------------------- 
after_train_epoch:
(NORMAL      ) CheckpointHook                     
(LOW         ) EvalHook                           
(VERY_LOW    ) TextLoggerHook                     
 -------------------- 
before_val_epoch:
(NORMAL      ) NumClassCheckHook                  
(LOW         ) IterTimerHook                      
(VERY_LOW    ) TextLoggerHook                     
 -------------------- 
before_val_iter:
(LOW         ) IterTimerHook                      
 -------------------- 
after_val_iter:
(LOW         ) IterTimerHook                      
 -------------------- 
after_val_epoch:
(VERY_LOW    ) TextLoggerHook                     
 -------------------- 
after_run:
(VERY_LOW    ) TextLoggerHook                     
 -------------------- 
2023-02-10 11:31:45,795 - mmdet - INFO - workflow: [('train', 1)], max: 12 epochs
2023-02-10 11:31:45,795 - mmdet - INFO - Checkpoints will be saved to /home/syt/workspace/openmmlab/mmdetection/ballon_test by HardDiskBackend.
2023-02-10 11:31:52,593 - mmdet - INFO - Epoch [1][50/61]	lr: 1.978e-03, eta: 0:01:32, time: 0.136, data_time: 0.044, memory: 1020, loss_rpn_cls: 0.1236, loss_rpn_bbox: 0.0289, loss_cls: 0.3385, acc: 85.5000, loss_bbox: 0.3600, loss_mask: 1.2072, loss: 2.0582
2023-02-10 11:31:53,267 - mmdet - INFO - Saving checkpoint at 1 epochs
2023-02-10 11:31:55,854 - mmdet - INFO - Evaluating bbox...
2023-02-10 11:31:55,887 - mmdet - INFO - 
 Average Precision  (AP) @[ IoU=0.50:0.95 | area=   all | maxDets=100 ] = 0.321
 Average Precision  (AP) @[ IoU=0.50      | area=   all | maxDets=1000 ] = 0.480
 Average Precision  (AP) @[ IoU=0.75      | area=   all | maxDets=1000 ] = 0.380
 Average Precision  (AP) @[ IoU=0.50:0.95 | area= small | maxDets=1000 ] = 0.000
 Average Precision  (AP) @[ IoU=0.50:0.95 | area=medium | maxDets=1000 ] = 0.000
 Average Precision  (AP) @[ IoU=0.50:0.95 | area= large | maxDets=1000 ] = 0.438
 Average Recall     (AR) @[ IoU=0.50:0.95 | area=   all | maxDets=100 ] = 0.386
 Average Recall     (AR) @[ IoU=0.50:0.95 | area=   all | maxDets=300 ] = 0.386
 Average Recall     (AR) @[ IoU=0.50:0.95 | area=   all | maxDets=1000 ] = 0.386
 Average Recall     (AR) @[ IoU=0.50:0.95 | area= small | maxDets=1000 ] = 0.000
 Average Recall     (AR) @[ IoU=0.50:0.95 | area=medium | maxDets=1000 ] = 0.000
 Average Recall     (AR) @[ IoU=0.50:0.95 | area= large | maxDets=1000 ] = 0.536

2023-02-10 11:31:55,888 - mmdet - INFO - Evaluating segm...
2023-02-10 11:31:55,932 - mmdet - INFO - 
 Average Precision  (AP) @[ IoU=0.50:0.95 | area=   all | maxDets=100 ] = 0.378
 Average Precision  (AP) @[ IoU=0.50      | area=   all | maxDets=1000 ] = 0.471
 Average Precision  (AP) @[ IoU=0.75      | area=   all | maxDets=1000 ] = 0.463
 Average Precision  (AP) @[ IoU=0.50:0.95 | area= small | maxDets=1000 ] = 0.000
 Average Precision  (AP) @[ IoU=0.50:0.95 | area=medium | maxDets=1000 ] = 0.000
 Average Precision  (AP) @[ IoU=0.50:0.95 | area= large | maxDets=1000 ] = 0.516
 Average Recall     (AR) @[ IoU=0.50:0.95 | area=   all | maxDets=100 ] = 0.444
 Average Recall     (AR) @[ IoU=0.50:0.95 | area=   all | maxDets=300 ] = 0.444
 Average Recall     (AR) @[ IoU=0.50:0.95 | area=   all | maxDets=1000 ] = 0.444
 Average Recall     (AR) @[ IoU=0.50:0.95 | area= small | maxDets=1000 ] = 0.000
 Average Recall     (AR) @[ IoU=0.50:0.95 | area=medium | maxDets=1000 ] = 0.000
 Average Recall     (AR) @[ IoU=0.50:0.95 | area= large | maxDets=1000 ] = 0.617

2023-02-10 11:31:55,933 - mmdet - INFO - Exp name: mask_rcnn_r50_fpn_1x_voctest.py
2023-02-10 11:31:55,933 - mmdet - INFO - Epoch(val) [1][13]	bbox_mAP: 0.3206, bbox_mAP_50: 0.4795, bbox_mAP_75: 0.3805, bbox_mAP_s: 0.0000, bbox_mAP_m: 0.0000, bbox_mAP_l: 0.4378, bbox_mAP_copypaste: 0.3206 0.4795 0.3805 0.0000 0.0000 0.4378, segm_mAP: 0.3777, segm_mAP_50: 0.4707, segm_mAP_75: 0.4628, segm_mAP_s: 0.0000, segm_mAP_m: 0.0000, segm_mAP_l: 0.5165, segm_mAP_copypaste: 0.3777 0.4707 0.4628 0.0000 0.0000 0.5165
2023-02-10 11:32:01,219 - mmdet - INFO - Epoch [2][50/61]	lr: 4.416e-03, eta: 0:01:07, time: 0.105, data_time: 0.043, memory: 2713, loss_rpn_cls: 0.0263, loss_rpn_bbox: 0.0210, loss_cls: 0.1111, acc: 95.4648, loss_bbox: 0.2126, loss_mask: 0.2350, loss: 0.6060
2023-02-10 11:32:02,002 - mmdet - INFO - Saving checkpoint at 2 epochs
2023-02-10 11:32:03,400 - mmdet - INFO - Evaluating bbox...
2023-02-10 11:32:03,410 - mmdet - INFO - 
 Average Precision  (AP) @[ IoU=0.50:0.95 | area=   all | maxDets=100 ] = 0.323
 Average Precision  (AP) @[ IoU=0.50      | area=   all | maxDets=1000 ] = 0.462
 Average Precision  (AP) @[ IoU=0.75      | area=   all | maxDets=1000 ] = 0.367
 Average Precision  (AP) @[ IoU=0.50:0.95 | area= small | maxDets=1000 ] = 0.000
 Average Precision  (AP) @[ IoU=0.50:0.95 | area=medium | maxDets=1000 ] = 0.000
 Average Precision  (AP) @[ IoU=0.50:0.95 | area= large | maxDets=1000 ] = 0.442
 Average Recall     (AR) @[ IoU=0.50:0.95 | area=   all | maxDets=100 ] = 0.356
 Average Recall     (AR) @[ IoU=0.50:0.95 | area=   all | maxDets=300 ] = 0.356
 Average Recall     (AR) @[ IoU=0.50:0.95 | area=   all | maxDets=1000 ] = 0.356
 Average Recall     (AR) @[ IoU=0.50:0.95 | area= small | maxDets=1000 ] = 0.000
 Average Recall     (AR) @[ IoU=0.50:0.95 | area=medium | maxDets=1000 ] = 0.000
 Average Recall     (AR) @[ IoU=0.50:0.95 | area= large | maxDets=1000 ] = 0.494

2023-02-10 11:32:03,410 - mmdet - INFO - Evaluating segm...
2023-02-10 11:32:03,422 - mmdet - INFO - 
 Average Precision  (AP) @[ IoU=0.50:0.95 | area=   all | maxDets=100 ] = 0.362
 Average Precision  (AP) @[ IoU=0.50      | area=   all | maxDets=1000 ] = 0.476
 Average Precision  (AP) @[ IoU=0.75      | area=   all | maxDets=1000 ] = 0.462
 Average Precision  (AP) @[ IoU=0.50:0.95 | area= small | maxDets=1000 ] = 0.000
 Average Precision  (AP) @[ IoU=0.50:0.95 | area=medium | maxDets=1000 ] = 0.000
 Average Precision  (AP) @[ IoU=0.50:0.95 | area= large | maxDets=1000 ] = 0.498
 Average Recall     (AR) @[ IoU=0.50:0.95 | area=   all | maxDets=100 ] = 0.394
 Average Recall     (AR) @[ IoU=0.50:0.95 | area=   all | maxDets=300 ] = 0.394
 Average Recall     (AR) @[ IoU=0.50:0.95 | area=   all | maxDets=1000 ] = 0.394
 Average Recall     (AR) @[ IoU=0.50:0.95 | area= small | maxDets=1000 ] = 0.000
 Average Recall     (AR) @[ IoU=0.50:0.95 | area=medium | maxDets=1000 ] = 0.000
 Average Recall     (AR) @[ IoU=0.50:0.95 | area= large | maxDets=1000 ] = 0.547

2023-02-10 11:32:03,422 - mmdet - INFO - Exp name: mask_rcnn_r50_fpn_1x_voctest.py
2023-02-10 11:32:03,422 - mmdet - INFO - Epoch(val) [2][13]	bbox_mAP: 0.3229, bbox_mAP_50: 0.4620, bbox_mAP_75: 0.3666, bbox_mAP_s: 0.0000, bbox_mAP_m: 0.0000, bbox_mAP_l: 0.4422, bbox_mAP_copypaste: 0.3229 0.4620 0.3666 0.0000 0.0000 0.4422, segm_mAP: 0.3624, segm_mAP_50: 0.4761, segm_mAP_75: 0.4620, segm_mAP_s: 0.0000, segm_mAP_m: 0.0000, segm_mAP_l: 0.4983, segm_mAP_copypaste: 0.3624 0.4761 0.4620 0.0000 0.0000 0.4983
2023-02-10 11:32:08,800 - mmdet - INFO - Epoch [3][50/61]	lr: 6.853e-03, eta: 0:00:56, time: 0.107, data_time: 0.043, memory: 2713, loss_rpn_cls: 0.0607, loss_rpn_bbox: 0.0273, loss_cls: 0.1450, acc: 94.8164, loss_bbox: 0.1627, loss_mask: 0.1968, loss: 0.5925
2023-02-10 11:32:09,539 - mmdet - INFO - Saving checkpoint at 3 epochs
2023-02-10 11:32:11,372 - mmdet - INFO - Evaluating bbox...
2023-02-10 11:32:11,394 - mmdet - INFO - 
 Average Precision  (AP) @[ IoU=0.50:0.95 | area=   all | maxDets=100 ] = 0.339
 Average Precision  (AP) @[ IoU=0.50      | area=   all | maxDets=1000 ] = 0.512
 Average Precision  (AP) @[ IoU=0.75      | area=   all | maxDets=1000 ] = 0.425
 Average Precision  (AP) @[ IoU=0.50:0.95 | area= small | maxDets=1000 ] = 0.000
 Average Precision  (AP) @[ IoU=0.50:0.95 | area=medium | maxDets=1000 ] = 0.000
 Average Precision  (AP) @[ IoU=0.50:0.95 | area= large | maxDets=1000 ] = 0.464
 Average Recall     (AR) @[ IoU=0.50:0.95 | area=   all | maxDets=100 ] = 0.388
 Average Recall     (AR) @[ IoU=0.50:0.95 | area=   all | maxDets=300 ] = 0.388
 Average Recall     (AR) @[ IoU=0.50:0.95 | area=   all | maxDets=1000 ] = 0.388
 Average Recall     (AR) @[ IoU=0.50:0.95 | area= small | maxDets=1000 ] = 0.000
 Average Recall     (AR) @[ IoU=0.50:0.95 | area=medium | maxDets=1000 ] = 0.000
 Average Recall     (AR) @[ IoU=0.50:0.95 | area= large | maxDets=1000 ] = 0.539

2023-02-10 11:32:11,394 - mmdet - INFO - Evaluating segm...
2023-02-10 11:32:11,423 - mmdet - INFO - 
 Average Precision  (AP) @[ IoU=0.50:0.95 | area=   all | maxDets=100 ] = 0.384
 Average Precision  (AP) @[ IoU=0.50      | area=   all | maxDets=1000 ] = 0.502
 Average Precision  (AP) @[ IoU=0.75      | area=   all | maxDets=1000 ] = 0.482
 Average Precision  (AP) @[ IoU=0.50:0.95 | area= small | maxDets=1000 ] = 0.000
 Average Precision  (AP) @[ IoU=0.50:0.95 | area=medium | maxDets=1000 ] = 0.000
 Average Precision  (AP) @[ IoU=0.50:0.95 | area= large | maxDets=1000 ] = 0.526
 Average Recall     (AR) @[ IoU=0.50:0.95 | area=   all | maxDets=100 ] = 0.420
 Average Recall     (AR) @[ IoU=0.50:0.95 | area=   all | maxDets=300 ] = 0.420
 Average Recall     (AR) @[ IoU=0.50:0.95 | area=   all | maxDets=1000 ] = 0.420
 Average Recall     (AR) @[ IoU=0.50:0.95 | area= small | maxDets=1000 ] = 0.000
 Average Recall     (AR) @[ IoU=0.50:0.95 | area=medium | maxDets=1000 ] = 0.000
 Average Recall     (AR) @[ IoU=0.50:0.95 | area= large | maxDets=1000 ] = 0.583

2023-02-10 11:32:11,423 - mmdet - INFO - Exp name: mask_rcnn_r50_fpn_1x_voctest.py
2023-02-10 11:32:11,423 - mmdet - INFO - Epoch(val) [3][13]	bbox_mAP: 0.3393, bbox_mAP_50: 0.5122, bbox_mAP_75: 0.4246, bbox_mAP_s: 0.0000, bbox_mAP_m: 0.0000, bbox_mAP_l: 0.4643, bbox_mAP_copypaste: 0.3393 0.5122 0.4246 0.0000 0.0000 0.4643, segm_mAP: 0.3836, segm_mAP_50: 0.5021, segm_mAP_75: 0.4817, segm_mAP_s: 0.0000, segm_mAP_m: 0.0000, segm_mAP_l: 0.5258, segm_mAP_copypaste: 0.3836 0.5021 0.4817 0.0000 0.0000 0.5258
2023-02-10 11:32:16,628 - mmdet - INFO - Epoch [4][50/61]	lr: 9.291e-03, eta: 0:00:48, time: 0.104, data_time: 0.043, memory: 2713, loss_rpn_cls: 0.0356, loss_rpn_bbox: 0.0292, loss_cls: 0.0925, acc: 96.5117, loss_bbox: 0.1702, loss_mask: 0.1833, loss: 0.5109
2023-02-10 11:32:17,295 - mmdet - INFO - Saving checkpoint at 4 epochs
2023-02-10 11:32:19,319 - mmdet - INFO - Evaluating bbox...
2023-02-10 11:32:19,344 - mmdet - INFO - 
 Average Precision  (AP) @[ IoU=0.50:0.95 | area=   all | maxDets=100 ] = 0.294
 Average Precision  (AP) @[ IoU=0.50      | area=   all | maxDets=1000 ] = 0.440
 Average Precision  (AP) @[ IoU=0.75      | area=   all | maxDets=1000 ] = 0.384
 Average Precision  (AP) @[ IoU=0.50:0.95 | area= small | maxDets=1000 ] = 0.000
 Average Precision  (AP) @[ IoU=0.50:0.95 | area=medium | maxDets=1000 ] = 0.000
 Average Precision  (AP) @[ IoU=0.50:0.95 | area= large | maxDets=1000 ] = 0.405
 Average Recall     (AR) @[ IoU=0.50:0.95 | area=   all | maxDets=100 ] = 0.358
 Average Recall     (AR) @[ IoU=0.50:0.95 | area=   all | maxDets=300 ] = 0.358
 Average Recall     (AR) @[ IoU=0.50:0.95 | area=   all | maxDets=1000 ] = 0.358
 Average Recall     (AR) @[ IoU=0.50:0.95 | area= small | maxDets=1000 ] = 0.000
 Average Recall     (AR) @[ IoU=0.50:0.95 | area=medium | maxDets=1000 ] = 0.000
 Average Recall     (AR) @[ IoU=0.50:0.95 | area= large | maxDets=1000 ] = 0.497

2023-02-10 11:32:19,344 - mmdet - INFO - Evaluating segm...
2023-02-10 11:32:19,375 - mmdet - INFO - 
 Average Precision  (AP) @[ IoU=0.50:0.95 | area=   all | maxDets=100 ] = 0.351
 Average Precision  (AP) @[ IoU=0.50      | area=   all | maxDets=1000 ] = 0.450
 Average Precision  (AP) @[ IoU=0.75      | area=   all | maxDets=1000 ] = 0.381
 Average Precision  (AP) @[ IoU=0.50:0.95 | area= small | maxDets=1000 ] = 0.000
 Average Precision  (AP) @[ IoU=0.50:0.95 | area=medium | maxDets=1000 ] = 0.000
 Average Precision  (AP) @[ IoU=0.50:0.95 | area= large | maxDets=1000 ] = 0.495
 Average Recall     (AR) @[ IoU=0.50:0.95 | area=   all | maxDets=100 ] = 0.426
 Average Recall     (AR) @[ IoU=0.50:0.95 | area=   all | maxDets=300 ] = 0.426
 Average Recall     (AR) @[ IoU=0.50:0.95 | area=   all | maxDets=1000 ] = 0.426
 Average Recall     (AR) @[ IoU=0.50:0.95 | area= small | maxDets=1000 ] = 0.000
 Average Recall     (AR) @[ IoU=0.50:0.95 | area=medium | maxDets=1000 ] = 0.000
 Average Recall     (AR) @[ IoU=0.50:0.95 | area= large | maxDets=1000 ] = 0.592

2023-02-10 11:32:19,376 - mmdet - INFO - Exp name: mask_rcnn_r50_fpn_1x_voctest.py
2023-02-10 11:32:19,376 - mmdet - INFO - Epoch(val) [4][13]	bbox_mAP: 0.2943, bbox_mAP_50: 0.4399, bbox_mAP_75: 0.3843, bbox_mAP_s: 0.0000, bbox_mAP_m: 0.0000, bbox_mAP_l: 0.4046, bbox_mAP_copypaste: 0.2943 0.4399 0.3843 0.0000 0.0000 0.4046, segm_mAP: 0.3508, segm_mAP_50: 0.4495, segm_mAP_75: 0.3809, segm_mAP_s: 0.0000, segm_mAP_m: 0.0000, segm_mAP_l: 0.4945, segm_mAP_copypaste: 0.3508 0.4495 0.3809 0.0000 0.0000 0.4945
2023-02-10 11:32:24,465 - mmdet - INFO - Epoch [5][50/61]	lr: 1.173e-02, eta: 0:00:41, time: 0.102, data_time: 0.043, memory: 2713, loss_rpn_cls: 0.1193, loss_rpn_bbox: 0.0378, loss_cls: 0.1491, acc: 95.1211, loss_bbox: 0.1649, loss_mask: 0.2481, loss: 0.7191
2023-02-10 11:32:25,109 - mmdet - INFO - Saving checkpoint at 5 epochs
2023-02-10 11:32:27,326 - mmdet - INFO - Evaluating bbox...
2023-02-10 11:32:27,359 - mmdet - INFO - 
 Average Precision  (AP) @[ IoU=0.50:0.95 | area=   all | maxDets=100 ] = 0.338
 Average Precision  (AP) @[ IoU=0.50      | area=   all | maxDets=1000 ] = 0.528
 Average Precision  (AP) @[ IoU=0.75      | area=   all | maxDets=1000 ] = 0.408
 Average Precision  (AP) @[ IoU=0.50:0.95 | area= small | maxDets=1000 ] = 0.000
 Average Precision  (AP) @[ IoU=0.50:0.95 | area=medium | maxDets=1000 ] = 0.000
 Average Precision  (AP) @[ IoU=0.50:0.95 | area= large | maxDets=1000 ] = 0.467
 Average Recall     (AR) @[ IoU=0.50:0.95 | area=   all | maxDets=100 ] = 0.396
 Average Recall     (AR) @[ IoU=0.50:0.95 | area=   all | maxDets=300 ] = 0.396
 Average Recall     (AR) @[ IoU=0.50:0.95 | area=   all | maxDets=1000 ] = 0.396
 Average Recall     (AR) @[ IoU=0.50:0.95 | area= small | maxDets=1000 ] = 0.000
 Average Recall     (AR) @[ IoU=0.50:0.95 | area=medium | maxDets=1000 ] = 0.000
 Average Recall     (AR) @[ IoU=0.50:0.95 | area= large | maxDets=1000 ] = 0.550

2023-02-10 11:32:27,359 - mmdet - INFO - Evaluating segm...
2023-02-10 11:32:27,401 - mmdet - INFO - 
 Average Precision  (AP) @[ IoU=0.50:0.95 | area=   all | maxDets=100 ] = 0.388
 Average Precision  (AP) @[ IoU=0.50      | area=   all | maxDets=1000 ] = 0.517
 Average Precision  (AP) @[ IoU=0.75      | area=   all | maxDets=1000 ] = 0.454
 Average Precision  (AP) @[ IoU=0.50:0.95 | area= small | maxDets=1000 ] = 0.000
 Average Precision  (AP) @[ IoU=0.50:0.95 | area=medium | maxDets=1000 ] = 0.000
 Average Precision  (AP) @[ IoU=0.50:0.95 | area= large | maxDets=1000 ] = 0.535
 Average Recall     (AR) @[ IoU=0.50:0.95 | area=   all | maxDets=100 ] = 0.412
 Average Recall     (AR) @[ IoU=0.50:0.95 | area=   all | maxDets=300 ] = 0.412
 Average Recall     (AR) @[ IoU=0.50:0.95 | area=   all | maxDets=1000 ] = 0.412
 Average Recall     (AR) @[ IoU=0.50:0.95 | area= small | maxDets=1000 ] = 0.000
 Average Recall     (AR) @[ IoU=0.50:0.95 | area=medium | maxDets=1000 ] = 0.000
 Average Recall     (AR) @[ IoU=0.50:0.95 | area= large | maxDets=1000 ] = 0.572

2023-02-10 11:32:27,401 - mmdet - INFO - Exp name: mask_rcnn_r50_fpn_1x_voctest.py
2023-02-10 11:32:27,401 - mmdet - INFO - Epoch(val) [5][13]	bbox_mAP: 0.3380, bbox_mAP_50: 0.5278, bbox_mAP_75: 0.4076, bbox_mAP_s: 0.0000, bbox_mAP_m: 0.0000, bbox_mAP_l: 0.4667, bbox_mAP_copypaste: 0.3380 0.5278 0.4076 0.0000 0.0000 0.4667, segm_mAP: 0.3878, segm_mAP_50: 0.5171, segm_mAP_75: 0.4541, segm_mAP_s: 0.0000, segm_mAP_m: 0.0000, segm_mAP_l: 0.5354, segm_mAP_copypaste: 0.3878 0.5171 0.4541 0.0000 0.0000 0.5354
2023-02-10 11:32:32,514 - mmdet - INFO - Epoch [6][50/61]	lr: 1.417e-02, eta: 0:00:34, time: 0.102, data_time: 0.044, memory: 2713, loss_rpn_cls: 0.0499, loss_rpn_bbox: 0.0312, loss_cls: 0.1032, acc: 96.0898, loss_bbox: 0.1458, loss_mask: 0.1994, loss: 0.5295
2023-02-10 11:32:33,214 - mmdet - INFO - Saving checkpoint at 6 epochs
2023-02-10 11:32:34,819 - mmdet - INFO - Evaluating bbox...
2023-02-10 11:32:34,839 - mmdet - INFO - 
 Average Precision  (AP) @[ IoU=0.50:0.95 | area=   all | maxDets=100 ] = 0.314
 Average Precision  (AP) @[ IoU=0.50      | area=   all | maxDets=1000 ] = 0.481
 Average Precision  (AP) @[ IoU=0.75      | area=   all | maxDets=1000 ] = 0.421
 Average Precision  (AP) @[ IoU=0.50:0.95 | area= small | maxDets=1000 ] = 0.000
 Average Precision  (AP) @[ IoU=0.50:0.95 | area=medium | maxDets=1000 ] = 0.000
 Average Precision  (AP) @[ IoU=0.50:0.95 | area= large | maxDets=1000 ] = 0.431
 Average Recall     (AR) @[ IoU=0.50:0.95 | area=   all | maxDets=100 ] = 0.366
 Average Recall     (AR) @[ IoU=0.50:0.95 | area=   all | maxDets=300 ] = 0.366
 Average Recall     (AR) @[ IoU=0.50:0.95 | area=   all | maxDets=1000 ] = 0.366
 Average Recall     (AR) @[ IoU=0.50:0.95 | area= small | maxDets=1000 ] = 0.000
 Average Recall     (AR) @[ IoU=0.50:0.95 | area=medium | maxDets=1000 ] = 0.000
 Average Recall     (AR) @[ IoU=0.50:0.95 | area= large | maxDets=1000 ] = 0.508

2023-02-10 11:32:34,839 - mmdet - INFO - Evaluating segm...
2023-02-10 11:32:34,863 - mmdet - INFO - 
 Average Precision  (AP) @[ IoU=0.50:0.95 | area=   all | maxDets=100 ] = 0.395
 Average Precision  (AP) @[ IoU=0.50      | area=   all | maxDets=1000 ] = 0.478
 Average Precision  (AP) @[ IoU=0.75      | area=   all | maxDets=1000 ] = 0.457
 Average Precision  (AP) @[ IoU=0.50:0.95 | area= small | maxDets=1000 ] = 0.000
 Average Precision  (AP) @[ IoU=0.50:0.95 | area=medium | maxDets=1000 ] = 0.000
 Average Precision  (AP) @[ IoU=0.50:0.95 | area= large | maxDets=1000 ] = 0.545
 Average Recall     (AR) @[ IoU=0.50:0.95 | area=   all | maxDets=100 ] = 0.428
 Average Recall     (AR) @[ IoU=0.50:0.95 | area=   all | maxDets=300 ] = 0.428
 Average Recall     (AR) @[ IoU=0.50:0.95 | area=   all | maxDets=1000 ] = 0.428
 Average Recall     (AR) @[ IoU=0.50:0.95 | area= small | maxDets=1000 ] = 0.000
 Average Recall     (AR) @[ IoU=0.50:0.95 | area=medium | maxDets=1000 ] = 0.000
 Average Recall     (AR) @[ IoU=0.50:0.95 | area= large | maxDets=1000 ] = 0.594

2023-02-10 11:32:34,864 - mmdet - INFO - Exp name: mask_rcnn_r50_fpn_1x_voctest.py
2023-02-10 11:32:34,864 - mmdet - INFO - Epoch(val) [6][13]	bbox_mAP: 0.3141, bbox_mAP_50: 0.4814, bbox_mAP_75: 0.4210, bbox_mAP_s: 0.0000, bbox_mAP_m: 0.0000, bbox_mAP_l: 0.4308, bbox_mAP_copypaste: 0.3141 0.4814 0.4210 0.0000 0.0000 0.4308, segm_mAP: 0.3949, segm_mAP_50: 0.4776, segm_mAP_75: 0.4571, segm_mAP_s: 0.0000, segm_mAP_m: 0.0000, segm_mAP_l: 0.5451, segm_mAP_copypaste: 0.3949 0.4776 0.4571 0.0000 0.0000 0.5451
2023-02-10 11:32:40,085 - mmdet - INFO - Epoch [7][50/61]	lr: 1.660e-02, eta: 0:00:28, time: 0.104, data_time: 0.043, memory: 2713, loss_rpn_cls: 0.0452, loss_rpn_bbox: 0.0353, loss_cls: 0.1064, acc: 95.8125, loss_bbox: 0.1635, loss_mask: 0.1786, loss: 0.5291
2023-02-10 11:32:40,777 - mmdet - INFO - Saving checkpoint at 7 epochs
2023-02-10 11:32:42,291 - mmdet - INFO - Evaluating bbox...
2023-02-10 11:32:42,312 - mmdet - INFO - 
 Average Precision  (AP) @[ IoU=0.50:0.95 | area=   all | maxDets=100 ] = 0.244
 Average Precision  (AP) @[ IoU=0.50      | area=   all | maxDets=1000 ] = 0.508
 Average Precision  (AP) @[ IoU=0.75      | area=   all | maxDets=1000 ] = 0.192
 Average Precision  (AP) @[ IoU=0.50:0.95 | area= small | maxDets=1000 ] = 0.000
 Average Precision  (AP) @[ IoU=0.50:0.95 | area=medium | maxDets=1000 ] = 0.000
 Average Precision  (AP) @[ IoU=0.50:0.95 | area= large | maxDets=1000 ] = 0.341
 Average Recall     (AR) @[ IoU=0.50:0.95 | area=   all | maxDets=100 ] = 0.320
 Average Recall     (AR) @[ IoU=0.50:0.95 | area=   all | maxDets=300 ] = 0.320
 Average Recall     (AR) @[ IoU=0.50:0.95 | area=   all | maxDets=1000 ] = 0.320
 Average Recall     (AR) @[ IoU=0.50:0.95 | area= small | maxDets=1000 ] = 0.000
 Average Recall     (AR) @[ IoU=0.50:0.95 | area=medium | maxDets=1000 ] = 0.000
 Average Recall     (AR) @[ IoU=0.50:0.95 | area= large | maxDets=1000 ] = 0.444

2023-02-10 11:32:42,312 - mmdet - INFO - Evaluating segm...
2023-02-10 11:32:42,338 - mmdet - INFO - 
 Average Precision  (AP) @[ IoU=0.50:0.95 | area=   all | maxDets=100 ] = 0.334
 Average Precision  (AP) @[ IoU=0.50      | area=   all | maxDets=1000 ] = 0.511
 Average Precision  (AP) @[ IoU=0.75      | area=   all | maxDets=1000 ] = 0.444
 Average Precision  (AP) @[ IoU=0.50:0.95 | area= small | maxDets=1000 ] = 0.000
 Average Precision  (AP) @[ IoU=0.50:0.95 | area=medium | maxDets=1000 ] = 0.000
 Average Precision  (AP) @[ IoU=0.50:0.95 | area= large | maxDets=1000 ] = 0.473
 Average Recall     (AR) @[ IoU=0.50:0.95 | area=   all | maxDets=100 ] = 0.404
 Average Recall     (AR) @[ IoU=0.50:0.95 | area=   all | maxDets=300 ] = 0.404
 Average Recall     (AR) @[ IoU=0.50:0.95 | area=   all | maxDets=1000 ] = 0.404
 Average Recall     (AR) @[ IoU=0.50:0.95 | area= small | maxDets=1000 ] = 0.000
 Average Recall     (AR) @[ IoU=0.50:0.95 | area=medium | maxDets=1000 ] = 0.000
 Average Recall     (AR) @[ IoU=0.50:0.95 | area= large | maxDets=1000 ] = 0.561

2023-02-10 11:32:42,339 - mmdet - INFO - Exp name: mask_rcnn_r50_fpn_1x_voctest.py
2023-02-10 11:32:42,339 - mmdet - INFO - Epoch(val) [7][13]	bbox_mAP: 0.2436, bbox_mAP_50: 0.5077, bbox_mAP_75: 0.1916, bbox_mAP_s: 0.0000, bbox_mAP_m: 0.0000, bbox_mAP_l: 0.3407, bbox_mAP_copypaste: 0.2436 0.5077 0.1916 0.0000 0.0000 0.3407, segm_mAP: 0.3340, segm_mAP_50: 0.5112, segm_mAP_75: 0.4440, segm_mAP_s: 0.0000, segm_mAP_m: 0.0000, segm_mAP_l: 0.4735, segm_mAP_copypaste: 0.3340 0.5112 0.4440 0.0000 0.0000 0.4735
2023-02-10 11:32:47,555 - mmdet - INFO - Epoch [8][50/61]	lr: 1.904e-02, eta: 0:00:23, time: 0.104, data_time: 0.043, memory: 2713, loss_rpn_cls: 0.0391, loss_rpn_bbox: 0.0324, loss_cls: 0.0831, acc: 96.7148, loss_bbox: 0.1605, loss_mask: 0.1745, loss: 0.4894
2023-02-10 11:32:48,261 - mmdet - INFO - Saving checkpoint at 8 epochs
2023-02-10 11:32:50,639 - mmdet - INFO - Evaluating bbox...
2023-02-10 11:32:50,669 - mmdet - INFO - 
 Average Precision  (AP) @[ IoU=0.50:0.95 | area=   all | maxDets=100 ] = 0.282
 Average Precision  (AP) @[ IoU=0.50      | area=   all | maxDets=1000 ] = 0.441
 Average Precision  (AP) @[ IoU=0.75      | area=   all | maxDets=1000 ] = 0.317
 Average Precision  (AP) @[ IoU=0.50:0.95 | area= small | maxDets=1000 ] = 0.000
 Average Precision  (AP) @[ IoU=0.50:0.95 | area=medium | maxDets=1000 ] = 0.000
 Average Precision  (AP) @[ IoU=0.50:0.95 | area= large | maxDets=1000 ] = 0.386
 Average Recall     (AR) @[ IoU=0.50:0.95 | area=   all | maxDets=100 ] = 0.340
 Average Recall     (AR) @[ IoU=0.50:0.95 | area=   all | maxDets=300 ] = 0.340
 Average Recall     (AR) @[ IoU=0.50:0.95 | area=   all | maxDets=1000 ] = 0.340
 Average Recall     (AR) @[ IoU=0.50:0.95 | area= small | maxDets=1000 ] = 0.000
 Average Recall     (AR) @[ IoU=0.50:0.95 | area=medium | maxDets=1000 ] = 0.000
 Average Recall     (AR) @[ IoU=0.50:0.95 | area= large | maxDets=1000 ] = 0.472

2023-02-10 11:32:50,669 - mmdet - INFO - Evaluating segm...
2023-02-10 11:32:50,710 - mmdet - INFO - 
 Average Precision  (AP) @[ IoU=0.50:0.95 | area=   all | maxDets=100 ] = 0.377
 Average Precision  (AP) @[ IoU=0.50      | area=   all | maxDets=1000 ] = 0.441
 Average Precision  (AP) @[ IoU=0.75      | area=   all | maxDets=1000 ] = 0.431
 Average Precision  (AP) @[ IoU=0.50:0.95 | area= small | maxDets=1000 ] = 0.000
 Average Precision  (AP) @[ IoU=0.50:0.95 | area=medium | maxDets=1000 ] = 0.000
 Average Precision  (AP) @[ IoU=0.50:0.95 | area= large | maxDets=1000 ] = 0.518
 Average Recall     (AR) @[ IoU=0.50:0.95 | area=   all | maxDets=100 ] = 0.440
 Average Recall     (AR) @[ IoU=0.50:0.95 | area=   all | maxDets=300 ] = 0.440
 Average Recall     (AR) @[ IoU=0.50:0.95 | area=   all | maxDets=1000 ] = 0.440
 Average Recall     (AR) @[ IoU=0.50:0.95 | area= small | maxDets=1000 ] = 0.000
 Average Recall     (AR) @[ IoU=0.50:0.95 | area=medium | maxDets=1000 ] = 0.000
 Average Recall     (AR) @[ IoU=0.50:0.95 | area= large | maxDets=1000 ] = 0.611

2023-02-10 11:32:50,711 - mmdet - INFO - Exp name: mask_rcnn_r50_fpn_1x_voctest.py
2023-02-10 11:32:50,711 - mmdet - INFO - Epoch(val) [8][13]	bbox_mAP: 0.2821, bbox_mAP_50: 0.4405, bbox_mAP_75: 0.3167, bbox_mAP_s: 0.0000, bbox_mAP_m: 0.0000, bbox_mAP_l: 0.3859, bbox_mAP_copypaste: 0.2821 0.4405 0.3167 0.0000 0.0000 0.3859, segm_mAP: 0.3766, segm_mAP_50: 0.4405, segm_mAP_75: 0.4313, segm_mAP_s: 0.0000, segm_mAP_m: 0.0000, segm_mAP_l: 0.5179, segm_mAP_copypaste: 0.3766 0.4405 0.4313 0.0000 0.0000 0.5179
2023-02-10 11:32:55,931 - mmdet - INFO - Epoch [9][50/61]	lr: 2.000e-03, eta: 0:00:17, time: 0.104, data_time: 0.043, memory: 2713, loss_rpn_cls: 0.0669, loss_rpn_bbox: 0.0304, loss_cls: 0.1072, acc: 96.1289, loss_bbox: 0.1320, loss_mask: 0.1363, loss: 0.4728
2023-02-10 11:32:56,622 - mmdet - INFO - Saving checkpoint at 9 epochs
2023-02-10 11:32:57,675 - mmdet - INFO - Evaluating bbox...
2023-02-10 11:32:57,689 - mmdet - INFO - 
 Average Precision  (AP) @[ IoU=0.50:0.95 | area=   all | maxDets=100 ] = 0.390
 Average Precision  (AP) @[ IoU=0.50      | area=   all | maxDets=1000 ] = 0.485
 Average Precision  (AP) @[ IoU=0.75      | area=   all | maxDets=1000 ] = 0.472
 Average Precision  (AP) @[ IoU=0.50:0.95 | area= small | maxDets=1000 ] = 0.000
 Average Precision  (AP) @[ IoU=0.50:0.95 | area=medium | maxDets=1000 ] = 0.000
 Average Precision  (AP) @[ IoU=0.50:0.95 | area= large | maxDets=1000 ] = 0.534
 Average Recall     (AR) @[ IoU=0.50:0.95 | area=   all | maxDets=100 ] = 0.406
 Average Recall     (AR) @[ IoU=0.50:0.95 | area=   all | maxDets=300 ] = 0.406
 Average Recall     (AR) @[ IoU=0.50:0.95 | area=   all | maxDets=1000 ] = 0.406
 Average Recall     (AR) @[ IoU=0.50:0.95 | area= small | maxDets=1000 ] = 0.000
 Average Recall     (AR) @[ IoU=0.50:0.95 | area=medium | maxDets=1000 ] = 0.000
 Average Recall     (AR) @[ IoU=0.50:0.95 | area= large | maxDets=1000 ] = 0.564

2023-02-10 11:32:57,689 - mmdet - INFO - Evaluating segm...
2023-02-10 11:32:57,705 - mmdet - INFO - 
 Average Precision  (AP) @[ IoU=0.50:0.95 | area=   all | maxDets=100 ] = 0.425
 Average Precision  (AP) @[ IoU=0.50      | area=   all | maxDets=1000 ] = 0.485
 Average Precision  (AP) @[ IoU=0.75      | area=   all | maxDets=1000 ] = 0.472
 Average Precision  (AP) @[ IoU=0.50:0.95 | area= small | maxDets=1000 ] = 0.000
 Average Precision  (AP) @[ IoU=0.50:0.95 | area=medium | maxDets=1000 ] = 0.000
 Average Precision  (AP) @[ IoU=0.50:0.95 | area= large | maxDets=1000 ] = 0.585
 Average Recall     (AR) @[ IoU=0.50:0.95 | area=   all | maxDets=100 ] = 0.440
 Average Recall     (AR) @[ IoU=0.50:0.95 | area=   all | maxDets=300 ] = 0.440
 Average Recall     (AR) @[ IoU=0.50:0.95 | area=   all | maxDets=1000 ] = 0.440
 Average Recall     (AR) @[ IoU=0.50:0.95 | area= small | maxDets=1000 ] = 0.000
 Average Recall     (AR) @[ IoU=0.50:0.95 | area=medium | maxDets=1000 ] = 0.000
 Average Recall     (AR) @[ IoU=0.50:0.95 | area= large | maxDets=1000 ] = 0.611

2023-02-10 11:32:57,705 - mmdet - INFO - Exp name: mask_rcnn_r50_fpn_1x_voctest.py
2023-02-10 11:32:57,705 - mmdet - INFO - Epoch(val) [9][13]	bbox_mAP: 0.3902, bbox_mAP_50: 0.4851, bbox_mAP_75: 0.4721, bbox_mAP_s: 0.0000, bbox_mAP_m: 0.0000, bbox_mAP_l: 0.5345, bbox_mAP_copypaste: 0.3902 0.4851 0.4721 0.0000 0.0000 0.5345, segm_mAP: 0.4250, segm_mAP_50: 0.4851, segm_mAP_75: 0.4721, segm_mAP_s: 0.0000, segm_mAP_m: 0.0000, segm_mAP_l: 0.5848, segm_mAP_copypaste: 0.4250 0.4851 0.4721 0.0000 0.0000 0.5848
2023-02-10 11:33:03,076 - mmdet - INFO - Epoch [10][50/61]	lr: 2.000e-03, eta: 0:00:11, time: 0.107, data_time: 0.044, memory: 2713, loss_rpn_cls: 0.0164, loss_rpn_bbox: 0.0217, loss_cls: 0.0633, acc: 97.5039, loss_bbox: 0.1167, loss_mask: 0.1250, loss: 0.3431
2023-02-10 11:33:03,784 - mmdet - INFO - Saving checkpoint at 10 epochs
2023-02-10 11:33:04,882 - mmdet - INFO - Evaluating bbox...
2023-02-10 11:33:04,893 - mmdet - INFO - 
 Average Precision  (AP) @[ IoU=0.50:0.95 | area=   all | maxDets=100 ] = 0.400
 Average Precision  (AP) @[ IoU=0.50      | area=   all | maxDets=1000 ] = 0.518
 Average Precision  (AP) @[ IoU=0.75      | area=   all | maxDets=1000 ] = 0.491
 Average Precision  (AP) @[ IoU=0.50:0.95 | area= small | maxDets=1000 ] = 0.000
 Average Precision  (AP) @[ IoU=0.50:0.95 | area=medium | maxDets=1000 ] = 0.000
 Average Precision  (AP) @[ IoU=0.50:0.95 | area= large | maxDets=1000 ] = 0.549
 Average Recall     (AR) @[ IoU=0.50:0.95 | area=   all | maxDets=100 ] = 0.418
 Average Recall     (AR) @[ IoU=0.50:0.95 | area=   all | maxDets=300 ] = 0.418
 Average Recall     (AR) @[ IoU=0.50:0.95 | area=   all | maxDets=1000 ] = 0.418
 Average Recall     (AR) @[ IoU=0.50:0.95 | area= small | maxDets=1000 ] = 0.000
 Average Recall     (AR) @[ IoU=0.50:0.95 | area=medium | maxDets=1000 ] = 0.000
 Average Recall     (AR) @[ IoU=0.50:0.95 | area= large | maxDets=1000 ] = 0.581

2023-02-10 11:33:04,893 - mmdet - INFO - Evaluating segm...
2023-02-10 11:33:04,905 - mmdet - INFO - 
 Average Precision  (AP) @[ IoU=0.50:0.95 | area=   all | maxDets=100 ] = 0.438
 Average Precision  (AP) @[ IoU=0.50      | area=   all | maxDets=1000 ] = 0.518
 Average Precision  (AP) @[ IoU=0.75      | area=   all | maxDets=1000 ] = 0.477
 Average Precision  (AP) @[ IoU=0.50:0.95 | area= small | maxDets=1000 ] = 0.000
 Average Precision  (AP) @[ IoU=0.50:0.95 | area=medium | maxDets=1000 ] = 0.000
 Average Precision  (AP) @[ IoU=0.50:0.95 | area= large | maxDets=1000 ] = 0.602
 Average Recall     (AR) @[ IoU=0.50:0.95 | area=   all | maxDets=100 ] = 0.452
 Average Recall     (AR) @[ IoU=0.50:0.95 | area=   all | maxDets=300 ] = 0.452
 Average Recall     (AR) @[ IoU=0.50:0.95 | area=   all | maxDets=1000 ] = 0.452
 Average Recall     (AR) @[ IoU=0.50:0.95 | area= small | maxDets=1000 ] = 0.000
 Average Recall     (AR) @[ IoU=0.50:0.95 | area=medium | maxDets=1000 ] = 0.000
 Average Recall     (AR) @[ IoU=0.50:0.95 | area= large | maxDets=1000 ] = 0.628

2023-02-10 11:33:04,906 - mmdet - INFO - Exp name: mask_rcnn_r50_fpn_1x_voctest.py
2023-02-10 11:33:04,906 - mmdet - INFO - Epoch(val) [10][13]	bbox_mAP: 0.3996, bbox_mAP_50: 0.5179, bbox_mAP_75: 0.4906, bbox_mAP_s: 0.0000, bbox_mAP_m: 0.0000, bbox_mAP_l: 0.5487, bbox_mAP_copypaste: 0.3996 0.5179 0.4906 0.0000 0.0000 0.5487, segm_mAP: 0.4379, segm_mAP_50: 0.5179, segm_mAP_75: 0.4772, segm_mAP_s: 0.0000, segm_mAP_m: 0.0000, segm_mAP_l: 0.6021, segm_mAP_copypaste: 0.4379 0.5179 0.4772 0.0000 0.0000 0.6021
2023-02-10 11:33:10,328 - mmdet - INFO - Epoch [11][50/61]	lr: 2.000e-03, eta: 0:00:06, time: 0.108, data_time: 0.043, memory: 2713, loss_rpn_cls: 0.0159, loss_rpn_bbox: 0.0205, loss_cls: 0.0685, acc: 97.5000, loss_bbox: 0.1211, loss_mask: 0.1184, loss: 0.3443
2023-02-10 11:33:10,942 - mmdet - INFO - Saving checkpoint at 11 epochs
2023-02-10 11:33:11,976 - mmdet - INFO - Evaluating bbox...
2023-02-10 11:33:11,986 - mmdet - INFO - 
 Average Precision  (AP) @[ IoU=0.50:0.95 | area=   all | maxDets=100 ] = 0.391
 Average Precision  (AP) @[ IoU=0.50      | area=   all | maxDets=1000 ] = 0.509
 Average Precision  (AP) @[ IoU=0.75      | area=   all | maxDets=1000 ] = 0.483
 Average Precision  (AP) @[ IoU=0.50:0.95 | area= small | maxDets=1000 ] = 0.000
 Average Precision  (AP) @[ IoU=0.50:0.95 | area=medium | maxDets=1000 ] = 0.000
 Average Precision  (AP) @[ IoU=0.50:0.95 | area= large | maxDets=1000 ] = 0.538
 Average Recall     (AR) @[ IoU=0.50:0.95 | area=   all | maxDets=100 ] = 0.422
 Average Recall     (AR) @[ IoU=0.50:0.95 | area=   all | maxDets=300 ] = 0.422
 Average Recall     (AR) @[ IoU=0.50:0.95 | area=   all | maxDets=1000 ] = 0.422
 Average Recall     (AR) @[ IoU=0.50:0.95 | area= small | maxDets=1000 ] = 0.000
 Average Recall     (AR) @[ IoU=0.50:0.95 | area=medium | maxDets=1000 ] = 0.000
 Average Recall     (AR) @[ IoU=0.50:0.95 | area= large | maxDets=1000 ] = 0.586

2023-02-10 11:33:11,986 - mmdet - INFO - Evaluating segm...
2023-02-10 11:33:11,998 - mmdet - INFO - 
 Average Precision  (AP) @[ IoU=0.50:0.95 | area=   all | maxDets=100 ] = 0.427
 Average Precision  (AP) @[ IoU=0.50      | area=   all | maxDets=1000 ] = 0.509
 Average Precision  (AP) @[ IoU=0.75      | area=   all | maxDets=1000 ] = 0.472
 Average Precision  (AP) @[ IoU=0.50:0.95 | area= small | maxDets=1000 ] = 0.000
 Average Precision  (AP) @[ IoU=0.50:0.95 | area=medium | maxDets=1000 ] = 0.000
 Average Precision  (AP) @[ IoU=0.50:0.95 | area= large | maxDets=1000 ] = 0.587
 Average Recall     (AR) @[ IoU=0.50:0.95 | area=   all | maxDets=100 ] = 0.446
 Average Recall     (AR) @[ IoU=0.50:0.95 | area=   all | maxDets=300 ] = 0.446
 Average Recall     (AR) @[ IoU=0.50:0.95 | area=   all | maxDets=1000 ] = 0.446
 Average Recall     (AR) @[ IoU=0.50:0.95 | area= small | maxDets=1000 ] = 0.000
 Average Recall     (AR) @[ IoU=0.50:0.95 | area=medium | maxDets=1000 ] = 0.000
 Average Recall     (AR) @[ IoU=0.50:0.95 | area= large | maxDets=1000 ] = 0.619

2023-02-10 11:33:11,998 - mmdet - INFO - Exp name: mask_rcnn_r50_fpn_1x_voctest.py
2023-02-10 11:33:11,998 - mmdet - INFO - Epoch(val) [11][13]	bbox_mAP: 0.3908, bbox_mAP_50: 0.5090, bbox_mAP_75: 0.4828, bbox_mAP_s: 0.0000, bbox_mAP_m: 0.0000, bbox_mAP_l: 0.5378, bbox_mAP_copypaste: 0.3908 0.5090 0.4828 0.0000 0.0000 0.5378, segm_mAP: 0.4265, segm_mAP_50: 0.5090, segm_mAP_75: 0.4721, segm_mAP_s: 0.0000, segm_mAP_m: 0.0000, segm_mAP_l: 0.5874, segm_mAP_copypaste: 0.4265 0.5090 0.4721 0.0000 0.0000 0.5874
2023-02-10 11:33:17,318 - mmdet - INFO - Epoch [12][50/61]	lr: 2.000e-04, eta: 0:00:00, time: 0.106, data_time: 0.043, memory: 2713, loss_rpn_cls: 0.0117, loss_rpn_bbox: 0.0182, loss_cls: 0.0530, acc: 97.9023, loss_bbox: 0.0948, loss_mask: 0.1084, loss: 0.2863
2023-02-10 11:33:18,041 - mmdet - INFO - Saving checkpoint at 12 epochs
2023-02-10 11:33:19,130 - mmdet - INFO - Evaluating bbox...
2023-02-10 11:33:19,141 - mmdet - INFO - 
 Average Precision  (AP) @[ IoU=0.50:0.95 | area=   all | maxDets=100 ] = 0.410
 Average Precision  (AP) @[ IoU=0.50      | area=   all | maxDets=1000 ] = 0.522
 Average Precision  (AP) @[ IoU=0.75      | area=   all | maxDets=1000 ] = 0.494
 Average Precision  (AP) @[ IoU=0.50:0.95 | area= small | maxDets=1000 ] = 0.000
 Average Precision  (AP) @[ IoU=0.50:0.95 | area=medium | maxDets=1000 ] = 0.000
 Average Precision  (AP) @[ IoU=0.50:0.95 | area= large | maxDets=1000 ] = 0.563
 Average Recall     (AR) @[ IoU=0.50:0.95 | area=   all | maxDets=100 ] = 0.440
 Average Recall     (AR) @[ IoU=0.50:0.95 | area=   all | maxDets=300 ] = 0.440
 Average Recall     (AR) @[ IoU=0.50:0.95 | area=   all | maxDets=1000 ] = 0.440
 Average Recall     (AR) @[ IoU=0.50:0.95 | area= small | maxDets=1000 ] = 0.000
 Average Recall     (AR) @[ IoU=0.50:0.95 | area=medium | maxDets=1000 ] = 0.000
 Average Recall     (AR) @[ IoU=0.50:0.95 | area= large | maxDets=1000 ] = 0.611

2023-02-10 11:33:19,141 - mmdet - INFO - Evaluating segm...
2023-02-10 11:33:19,154 - mmdet - INFO - 
 Average Precision  (AP) @[ IoU=0.50:0.95 | area=   all | maxDets=100 ] = 0.436
 Average Precision  (AP) @[ IoU=0.50      | area=   all | maxDets=1000 ] = 0.519
 Average Precision  (AP) @[ IoU=0.75      | area=   all | maxDets=1000 ] = 0.473
 Average Precision  (AP) @[ IoU=0.50:0.95 | area= small | maxDets=1000 ] = 0.000
 Average Precision  (AP) @[ IoU=0.50:0.95 | area=medium | maxDets=1000 ] = 0.000
 Average Precision  (AP) @[ IoU=0.50:0.95 | area= large | maxDets=1000 ] = 0.601
 Average Recall     (AR) @[ IoU=0.50:0.95 | area=   all | maxDets=100 ] = 0.458
 Average Recall     (AR) @[ IoU=0.50:0.95 | area=   all | maxDets=300 ] = 0.458
 Average Recall     (AR) @[ IoU=0.50:0.95 | area=   all | maxDets=1000 ] = 0.458
 Average Recall     (AR) @[ IoU=0.50:0.95 | area= small | maxDets=1000 ] = 0.000
 Average Recall     (AR) @[ IoU=0.50:0.95 | area=medium | maxDets=1000 ] = 0.000
 Average Recall     (AR) @[ IoU=0.50:0.95 | area= large | maxDets=1000 ] = 0.636

2023-02-10 11:33:19,155 - mmdet - INFO - Exp name: mask_rcnn_r50_fpn_1x_voctest.py
2023-02-10 11:33:19,155 - mmdet - INFO - Epoch(val) [12][13]	bbox_mAP: 0.4095, bbox_mAP_50: 0.5222, bbox_mAP_75: 0.4940, bbox_mAP_s: 0.0000, bbox_mAP_m: 0.0000, bbox_mAP_l: 0.5632, bbox_mAP_copypaste: 0.4095 0.5222 0.4940 0.0000 0.0000 0.5632, segm_mAP: 0.4359, segm_mAP_50: 0.5190, segm_mAP_75: 0.4729, segm_mAP_s: 0.0000, segm_mAP_m: 0.0000, segm_mAP_l: 0.6006, segm_mAP_copypaste: 0.4359 0.5190 0.4729 0.0000 0.0000 0.6006
