2023-02-04 18:26:09,069 - mmcls - INFO - Environment info:
------------------------------------------------------------
sys.platform: linux
Python: 3.8.10 (default, Jun  4 2021, 15:09:15) [GCC 7.5.0]
CUDA available: True
GPU 0: NVIDIA GeForce RTX 3060 Laptop GPU
CUDA_HOME: /usr/local/cuda
NVCC: Cuda compilation tools, release 11.6, V11.6.55
GCC: gcc (Ubuntu 9.4.0-1ubuntu1~20.04.1) 9.4.0
PyTorch: 1.12.0
PyTorch compiling details: PyTorch built with:
  - GCC 9.3
  - C++ Version: 201402
  - Intel(R) oneAPI Math Kernel Library Version 2021.4-Product Build 20210904 for Intel(R) 64 architecture applications
  - Intel(R) MKL-DNN v2.6.0 (Git Hash 52b5f107dd9cf10910aaa19cb47f3abf9b349815)
  - OpenMP 201511 (a.k.a. OpenMP 4.5)
  - LAPACK is enabled (usually provided by MKL)
  - NNPACK is enabled
  - CPU capability usage: AVX2
  - CUDA Runtime 11.6
  - NVCC architecture flags: -gencode;arch=compute_37,code=sm_37;-gencode;arch=compute_50,code=sm_50;-gencode;arch=compute_60,code=sm_60;-gencode;arch=compute_61,code=sm_61;-gencode;arch=compute_70,code=sm_70;-gencode;arch=compute_75,code=sm_75;-gencode;arch=compute_80,code=sm_80;-gencode;arch=compute_86,code=sm_86;-gencode;arch=compute_37,code=compute_37
  - CuDNN 8.3.2  (built against CUDA 11.5)
  - Magma 2.6.1
  - Build settings: BLAS_INFO=mkl, BUILD_TYPE=Release, CUDA_VERSION=11.6, CUDNN_VERSION=8.3.2, CXX_COMPILER=/opt/rh/devtoolset-9/root/usr/bin/c++, CXX_FLAGS= -Wno-deprecated -fvisibility-inlines-hidden -DUSE_PTHREADPOOL -fopenmp -DNDEBUG -DUSE_KINETO -DUSE_FBGEMM -DUSE_QNNPACK -DUSE_PYTORCH_QNNPACK -DUSE_XNNPACK -DSYMBOLICATE_MOBILE_DEBUG_HANDLE -DEDGE_PROFILER_USE_KINETO -O2 -fPIC -Wno-narrowing -Wall -Wextra -Werror=return-type -Wno-missing-field-initializers -Wno-type-limits -Wno-array-bounds -Wno-unknown-pragmas -Wno-unused-parameter -Wno-unused-function -Wno-unused-result -Wno-unused-local-typedefs -Wno-strict-overflow -Wno-strict-aliasing -Wno-error=deprecated-declarations -Wno-stringop-overflow -Wno-psabi -Wno-error=pedantic -Wno-error=redundant-decls -Wno-error=old-style-cast -fdiagnostics-color=always -faligned-new -Wno-unused-but-set-variable -Wno-maybe-uninitialized -fno-math-errno -fno-trapping-math -Werror=format -Werror=cast-function-type -Wno-stringop-overflow, LAPACK_INFO=mkl, PERF_WITH_AVX=1, PERF_WITH_AVX2=1, PERF_WITH_AVX512=1, TORCH_VERSION=1.12.0, USE_CUDA=ON, USE_CUDNN=ON, USE_EXCEPTION_PTR=1, USE_GFLAGS=OFF, USE_GLOG=OFF, USE_MKL=ON, USE_MKLDNN=OFF, USE_MPI=OFF, USE_NCCL=ON, USE_NNPACK=ON, USE_OPENMP=ON, USE_ROCM=OFF, 

TorchVision: 0.13.0
OpenCV: 4.7.0
MMCV: 1.7.1
MMCV Compiler: GCC 9.3
MMCV CUDA Compiler: 11.6
MMClassification: 0.25.0+3d4f80d
------------------------------------------------------------

2023-02-04 18:26:09,069 - mmcls - INFO - Distributed training: False
2023-02-04 18:26:09,175 - mmcls - INFO - Config:
model = dict(
    type='ImageClassifier',
    backbone=dict(type='MobileNetV2', widen_factor=1.0),
    neck=dict(type='GlobalAveragePooling'),
    head=dict(
        type='LinearClsHead',
        num_classes=5,
        in_channels=1280,
        loss=dict(type='CrossEntropyLoss', loss_weight=1.0),
        topk=(1, 5)))
dataset_type = 'CustomDataset'
img_norm_cfg = dict(
    mean=[123.675, 116.28, 103.53], std=[58.395, 57.12, 57.375], to_rgb=True)
train_pipeline = [
    dict(type='LoadImageFromFile'),
    dict(type='RandomResizedCrop', size=224, backend='pillow'),
    dict(type='RandomFlip', flip_prob=0.5, direction='horizontal'),
    dict(
        type='Normalize',
        mean=[123.675, 116.28, 103.53],
        std=[58.395, 57.12, 57.375],
        to_rgb=True),
    dict(type='ImageToTensor', keys=['img']),
    dict(type='ToTensor', keys=['gt_label']),
    dict(type='Collect', keys=['img', 'gt_label'])
]
test_pipeline = [
    dict(type='LoadImageFromFile'),
    dict(type='Resize', size=(256, -1), backend='pillow'),
    dict(type='CenterCrop', crop_size=224),
    dict(
        type='Normalize',
        mean=[123.675, 116.28, 103.53],
        std=[58.395, 57.12, 57.375],
        to_rgb=True),
    dict(type='ImageToTensor', keys=['img']),
    dict(type='Collect', keys=['img'])
]
data = dict(
    samples_per_gpu=32,
    workers_per_gpu=1,
    train=dict(
        type='CustomDataset',
        data_prefix='data/',
        ann_file='data/flower_dataset/train.txt',
        pipeline=[
            dict(type='LoadImageFromFile'),
            dict(type='RandomResizedCrop', size=224, backend='pillow'),
            dict(type='RandomFlip', flip_prob=0.5, direction='horizontal'),
            dict(
                type='Normalize',
                mean=[123.675, 116.28, 103.53],
                std=[58.395, 57.12, 57.375],
                to_rgb=True),
            dict(type='ImageToTensor', keys=['img']),
            dict(type='ToTensor', keys=['gt_label']),
            dict(type='Collect', keys=['img', 'gt_label'])
        ]),
    val=dict(
        type='CustomDataset',
        data_prefix='data/',
        ann_file='data/flower_dataset/val.txt',
        pipeline=[
            dict(type='LoadImageFromFile'),
            dict(type='Resize', size=(256, -1), backend='pillow'),
            dict(type='CenterCrop', crop_size=224),
            dict(
                type='Normalize',
                mean=[123.675, 116.28, 103.53],
                std=[58.395, 57.12, 57.375],
                to_rgb=True),
            dict(type='ImageToTensor', keys=['img']),
            dict(type='Collect', keys=['img'])
        ]),
    test=dict(
        type='CustomDataset',
        data_prefix='data/',
        ann_file='data/flower_dataset/val.txt',
        pipeline=[
            dict(type='LoadImageFromFile'),
            dict(type='Resize', size=(256, -1), backend='pillow'),
            dict(type='CenterCrop', crop_size=224),
            dict(
                type='Normalize',
                mean=[123.675, 116.28, 103.53],
                std=[58.395, 57.12, 57.375],
                to_rgb=True),
            dict(type='ImageToTensor', keys=['img']),
            dict(type='Collect', keys=['img'])
        ]))
evaluation = dict(interval=1, metric='accuracy')
optimizer = dict(type='SGD', lr=0.0005, momentum=0.9, weight_decay=4e-05)
optimizer_config = dict(grad_clip=None)
lr_config = dict(policy='step', gamma=0.98, step=1)
runner = dict(type='EpochBasedRunner', max_epochs=15)
checkpoint_config = dict(interval=1)
log_config = dict(interval=15, hooks=[dict(type='TextLoggerHook')])
dist_params = dict(backend='nccl')
log_level = 'INFO'
load_from = 'mobilenet_v2_batch256_imagenet_20200708-3b2dc3af.pth'
resume_from = None
workflow = [('train', 1)]
work_dir = 'flower'
gpu_ids = [0]

2023-02-04 18:26:09,175 - mmcls - INFO - Set random seed to 2023184938, deterministic: False
2023-02-04 18:26:09,942 - mmcls - INFO - load checkpoint from local path: mobilenet_v2_batch256_imagenet_20200708-3b2dc3af.pth
2023-02-04 18:26:09,960 - mmcls - WARNING - The model and loaded state dict do not match exactly

size mismatch for head.fc.weight: copying a param with shape torch.Size([1000, 1280]) from checkpoint, the shape in current model is torch.Size([5, 1280]).
size mismatch for head.fc.bias: copying a param with shape torch.Size([1000]) from checkpoint, the shape in current model is torch.Size([5]).
2023-02-04 18:26:09,960 - mmcls - INFO - Start running, host: syt@syt-ZERO, work_dir: /home/syt/workspace/openmmlab/mmclassification/flower
2023-02-04 18:26:09,960 - mmcls - INFO - Hooks will be executed in the following order:
before_run:
(VERY_HIGH   ) StepLrUpdaterHook                  
(NORMAL      ) CheckpointHook                     
(LOW         ) EvalHook                           
(VERY_LOW    ) TextLoggerHook                     
 -------------------- 
before_train_epoch:
(VERY_HIGH   ) StepLrUpdaterHook                  
(LOW         ) IterTimerHook                      
(LOW         ) EvalHook                           
(VERY_LOW    ) TextLoggerHook                     
 -------------------- 
before_train_iter:
(VERY_HIGH   ) StepLrUpdaterHook                  
(LOW         ) IterTimerHook                      
(LOW         ) EvalHook                           
 -------------------- 
after_train_iter:
(ABOVE_NORMAL) OptimizerHook                      
(NORMAL      ) CheckpointHook                     
(LOW         ) IterTimerHook                      
(LOW         ) EvalHook                           
(VERY_LOW    ) TextLoggerHook                     
 -------------------- 
after_train_epoch:
(NORMAL      ) CheckpointHook                     
(LOW         ) EvalHook                           
(VERY_LOW    ) TextLoggerHook                     
 -------------------- 
before_val_epoch:
(LOW         ) IterTimerHook                      
(VERY_LOW    ) TextLoggerHook                     
 -------------------- 
before_val_iter:
(LOW         ) IterTimerHook                      
 -------------------- 
after_val_iter:
(LOW         ) IterTimerHook                      
 -------------------- 
after_val_epoch:
(VERY_LOW    ) TextLoggerHook                     
 -------------------- 
after_run:
(VERY_LOW    ) TextLoggerHook                     
 -------------------- 
2023-02-04 18:26:09,960 - mmcls - INFO - workflow: [('train', 1)], max: 15 epochs
2023-02-04 18:26:09,960 - mmcls - INFO - Checkpoints will be saved to /home/syt/workspace/openmmlab/mmclassification/flower by HardDiskBackend.
2023-02-04 18:26:14,857 - mmcls - INFO - Epoch [1][15/72]	lr: 5.000e-04, eta: 0:05:44, time: 0.323, data_time: 0.144, memory: 2457, loss: 1.4713
2023-02-04 18:26:16,115 - mmcls - INFO - Epoch [1][30/72]	lr: 5.000e-04, eta: 0:03:33, time: 0.084, data_time: 0.003, memory: 2457, loss: 1.0113
2023-02-04 18:26:17,318 - mmcls - INFO - Epoch [1][45/72]	lr: 5.000e-04, eta: 0:02:48, time: 0.080, data_time: 0.003, memory: 2457, loss: 0.7154
2023-02-04 18:26:18,521 - mmcls - INFO - Epoch [1][60/72]	lr: 5.000e-04, eta: 0:02:24, time: 0.080, data_time: 0.003, memory: 2457, loss: 0.5143
2023-02-04 18:26:19,417 - mmcls - INFO - Saving checkpoint at 1 epochs
2023-02-04 18:26:21,009 - mmcls - INFO - Epoch(val) [1][18]	accuracy_top-1: 93.5315, accuracy_top-5: 100.0000
2023-02-04 18:26:24,323 - mmcls - INFO - Epoch [2][15/72]	lr: 4.900e-04, eta: 0:02:14, time: 0.218, data_time: 0.143, memory: 2457, loss: 0.4576
2023-02-04 18:26:25,529 - mmcls - INFO - Epoch [2][30/72]	lr: 4.900e-04, eta: 0:02:04, time: 0.080, data_time: 0.003, memory: 2457, loss: 0.3482
2023-02-04 18:26:26,734 - mmcls - INFO - Epoch [2][45/72]	lr: 4.900e-04, eta: 0:01:56, time: 0.080, data_time: 0.003, memory: 2457, loss: 0.3156
2023-02-04 18:26:27,939 - mmcls - INFO - Epoch [2][60/72]	lr: 4.900e-04, eta: 0:01:50, time: 0.080, data_time: 0.003, memory: 2457, loss: 0.3206
2023-02-04 18:26:28,832 - mmcls - INFO - Saving checkpoint at 2 epochs
2023-02-04 18:26:30,340 - mmcls - INFO - Epoch(val) [2][18]	accuracy_top-1: 93.3566, accuracy_top-5: 100.0000
2023-02-04 18:26:33,652 - mmcls - INFO - Epoch [3][15/72]	lr: 4.802e-04, eta: 0:01:48, time: 0.218, data_time: 0.146, memory: 2457, loss: 0.2851
2023-02-04 18:26:34,857 - mmcls - INFO - Epoch [3][30/72]	lr: 4.802e-04, eta: 0:01:43, time: 0.080, data_time: 0.003, memory: 2457, loss: 0.3195
2023-02-04 18:26:36,066 - mmcls - INFO - Epoch [3][45/72]	lr: 4.802e-04, eta: 0:01:39, time: 0.081, data_time: 0.003, memory: 2457, loss: 0.2764
2023-02-04 18:26:37,272 - mmcls - INFO - Epoch [3][60/72]	lr: 4.802e-04, eta: 0:01:35, time: 0.080, data_time: 0.003, memory: 2457, loss: 0.2451
2023-02-04 18:26:38,166 - mmcls - INFO - Saving checkpoint at 3 epochs
2023-02-04 18:26:39,670 - mmcls - INFO - Epoch(val) [3][18]	accuracy_top-1: 94.7552, accuracy_top-5: 100.0000
2023-02-04 18:26:42,988 - mmcls - INFO - Epoch [4][15/72]	lr: 4.706e-04, eta: 0:01:33, time: 0.218, data_time: 0.149, memory: 2457, loss: 0.2552
2023-02-04 18:26:44,192 - mmcls - INFO - Epoch [4][30/72]	lr: 4.706e-04, eta: 0:01:30, time: 0.080, data_time: 0.003, memory: 2457, loss: 0.2569
2023-02-04 18:26:45,394 - mmcls - INFO - Epoch [4][45/72]	lr: 4.706e-04, eta: 0:01:27, time: 0.080, data_time: 0.003, memory: 2457, loss: 0.2348
2023-02-04 18:26:46,603 - mmcls - INFO - Epoch [4][60/72]	lr: 4.706e-04, eta: 0:01:24, time: 0.081, data_time: 0.003, memory: 2457, loss: 0.2774
2023-02-04 18:26:47,496 - mmcls - INFO - Saving checkpoint at 4 epochs
2023-02-04 18:26:49,006 - mmcls - INFO - Epoch(val) [4][18]	accuracy_top-1: 94.9301, accuracy_top-5: 100.0000
2023-02-04 18:26:52,315 - mmcls - INFO - Epoch [5][15/72]	lr: 4.612e-04, eta: 0:01:23, time: 0.218, data_time: 0.159, memory: 2457, loss: 0.2240
2023-02-04 18:26:53,522 - mmcls - INFO - Epoch [5][30/72]	lr: 4.612e-04, eta: 0:01:20, time: 0.080, data_time: 0.003, memory: 2457, loss: 0.2571
2023-02-04 18:26:54,728 - mmcls - INFO - Epoch [5][45/72]	lr: 4.612e-04, eta: 0:01:18, time: 0.080, data_time: 0.003, memory: 2457, loss: 0.2265
2023-02-04 18:26:55,936 - mmcls - INFO - Epoch [5][60/72]	lr: 4.612e-04, eta: 0:01:15, time: 0.081, data_time: 0.003, memory: 2457, loss: 0.2120
2023-02-04 18:26:56,832 - mmcls - INFO - Saving checkpoint at 5 epochs
2023-02-04 18:26:58,341 - mmcls - INFO - Epoch(val) [5][18]	accuracy_top-1: 94.5804, accuracy_top-5: 100.0000
2023-02-04 18:27:01,665 - mmcls - INFO - Epoch [6][15/72]	lr: 4.520e-04, eta: 0:01:13, time: 0.219, data_time: 0.151, memory: 2457, loss: 0.1914
2023-02-04 18:27:02,867 - mmcls - INFO - Epoch [6][30/72]	lr: 4.520e-04, eta: 0:01:11, time: 0.080, data_time: 0.003, memory: 2457, loss: 0.2652
2023-02-04 18:27:04,068 - mmcls - INFO - Epoch [6][45/72]	lr: 4.520e-04, eta: 0:01:09, time: 0.080, data_time: 0.003, memory: 2457, loss: 0.1972
2023-02-04 18:27:05,270 - mmcls - INFO - Epoch [6][60/72]	lr: 4.520e-04, eta: 0:01:07, time: 0.080, data_time: 0.003, memory: 2457, loss: 0.1915
2023-02-04 18:27:06,170 - mmcls - INFO - Saving checkpoint at 6 epochs
2023-02-04 18:27:07,678 - mmcls - INFO - Epoch(val) [6][18]	accuracy_top-1: 94.9301, accuracy_top-5: 100.0000
2023-02-04 18:27:11,007 - mmcls - INFO - Epoch [7][15/72]	lr: 4.429e-04, eta: 0:01:05, time: 0.219, data_time: 0.144, memory: 2457, loss: 0.2166
2023-02-04 18:27:12,212 - mmcls - INFO - Epoch [7][30/72]	lr: 4.429e-04, eta: 0:01:03, time: 0.080, data_time: 0.003, memory: 2457, loss: 0.1716
2023-02-04 18:27:13,419 - mmcls - INFO - Epoch [7][45/72]	lr: 4.429e-04, eta: 0:01:01, time: 0.080, data_time: 0.003, memory: 2457, loss: 0.1991
2023-02-04 18:27:14,621 - mmcls - INFO - Epoch [7][60/72]	lr: 4.429e-04, eta: 0:00:59, time: 0.080, data_time: 0.003, memory: 2457, loss: 0.1926
2023-02-04 18:27:15,516 - mmcls - INFO - Saving checkpoint at 7 epochs
2023-02-04 18:27:17,027 - mmcls - INFO - Epoch(val) [7][18]	accuracy_top-1: 95.1049, accuracy_top-5: 100.0000
2023-02-04 18:27:20,359 - mmcls - INFO - Epoch [8][15/72]	lr: 4.341e-04, eta: 0:00:57, time: 0.219, data_time: 0.151, memory: 2457, loss: 0.2180
2023-02-04 18:27:21,567 - mmcls - INFO - Epoch [8][30/72]	lr: 4.341e-04, eta: 0:00:55, time: 0.081, data_time: 0.003, memory: 2457, loss: 0.1794
2023-02-04 18:27:22,771 - mmcls - INFO - Epoch [8][45/72]	lr: 4.341e-04, eta: 0:00:53, time: 0.080, data_time: 0.003, memory: 2457, loss: 0.1632
2023-02-04 18:27:23,976 - mmcls - INFO - Epoch [8][60/72]	lr: 4.341e-04, eta: 0:00:51, time: 0.080, data_time: 0.003, memory: 2457, loss: 0.1865
2023-02-04 18:27:24,870 - mmcls - INFO - Saving checkpoint at 8 epochs
2023-02-04 18:27:26,377 - mmcls - INFO - Epoch(val) [8][18]	accuracy_top-1: 95.6294, accuracy_top-5: 100.0000
2023-02-04 18:27:29,697 - mmcls - INFO - Epoch [9][15/72]	lr: 4.254e-04, eta: 0:00:49, time: 0.218, data_time: 0.149, memory: 2457, loss: 0.1515
2023-02-04 18:27:30,902 - mmcls - INFO - Epoch [9][30/72]	lr: 4.254e-04, eta: 0:00:47, time: 0.081, data_time: 0.003, memory: 2457, loss: 0.1483
2023-02-04 18:27:32,112 - mmcls - INFO - Epoch [9][45/72]	lr: 4.254e-04, eta: 0:00:46, time: 0.080, data_time: 0.003, memory: 2457, loss: 0.1960
2023-02-04 18:27:33,317 - mmcls - INFO - Epoch [9][60/72]	lr: 4.254e-04, eta: 0:00:44, time: 0.080, data_time: 0.003, memory: 2457, loss: 0.1824
2023-02-04 18:27:34,213 - mmcls - INFO - Saving checkpoint at 9 epochs
2023-02-04 18:27:35,726 - mmcls - INFO - Epoch(val) [9][18]	accuracy_top-1: 94.7552, accuracy_top-5: 100.0000
2023-02-04 18:27:39,053 - mmcls - INFO - Epoch [10][15/72]	lr: 4.169e-04, eta: 0:00:42, time: 0.219, data_time: 0.157, memory: 2457, loss: 0.1951
2023-02-04 18:27:40,289 - mmcls - INFO - Epoch [10][30/72]	lr: 4.169e-04, eta: 0:00:40, time: 0.082, data_time: 0.006, memory: 2457, loss: 0.1393
2023-02-04 18:27:41,499 - mmcls - INFO - Epoch [10][45/72]	lr: 4.169e-04, eta: 0:00:38, time: 0.081, data_time: 0.003, memory: 2457, loss: 0.1559
2023-02-04 18:27:42,706 - mmcls - INFO - Epoch [10][60/72]	lr: 4.169e-04, eta: 0:00:37, time: 0.080, data_time: 0.003, memory: 2457, loss: 0.1581
2023-02-04 18:27:43,614 - mmcls - INFO - Saving checkpoint at 10 epochs
2023-02-04 18:27:45,137 - mmcls - INFO - Epoch(val) [10][18]	accuracy_top-1: 94.7552, accuracy_top-5: 100.0000
2023-02-04 18:27:48,461 - mmcls - INFO - Epoch [11][15/72]	lr: 4.085e-04, eta: 0:00:34, time: 0.219, data_time: 0.146, memory: 2457, loss: 0.1479
2023-02-04 18:27:49,670 - mmcls - INFO - Epoch [11][30/72]	lr: 4.085e-04, eta: 0:00:33, time: 0.080, data_time: 0.003, memory: 2457, loss: 0.1209
2023-02-04 18:27:50,900 - mmcls - INFO - Epoch [11][45/72]	lr: 4.085e-04, eta: 0:00:31, time: 0.082, data_time: 0.003, memory: 2457, loss: 0.1385
2023-02-04 18:27:52,145 - mmcls - INFO - Epoch [11][60/72]	lr: 4.085e-04, eta: 0:00:29, time: 0.083, data_time: 0.003, memory: 2457, loss: 0.1769
2023-02-04 18:27:53,040 - mmcls - INFO - Saving checkpoint at 11 epochs
2023-02-04 18:27:54,567 - mmcls - INFO - Epoch(val) [11][18]	accuracy_top-1: 95.6294, accuracy_top-5: 100.0000
2023-02-04 18:27:57,906 - mmcls - INFO - Epoch [12][15/72]	lr: 4.004e-04, eta: 0:00:27, time: 0.220, data_time: 0.146, memory: 2457, loss: 0.1544
2023-02-04 18:27:59,118 - mmcls - INFO - Epoch [12][30/72]	lr: 4.004e-04, eta: 0:00:25, time: 0.081, data_time: 0.003, memory: 2457, loss: 0.1454
2023-02-04 18:28:00,364 - mmcls - INFO - Epoch [12][45/72]	lr: 4.004e-04, eta: 0:00:24, time: 0.083, data_time: 0.003, memory: 2457, loss: 0.1828
2023-02-04 18:28:01,590 - mmcls - INFO - Epoch [12][60/72]	lr: 4.004e-04, eta: 0:00:22, time: 0.082, data_time: 0.003, memory: 2457, loss: 0.1560
2023-02-04 18:28:02,495 - mmcls - INFO - Saving checkpoint at 12 epochs
2023-02-04 18:28:04,010 - mmcls - INFO - Epoch(val) [12][18]	accuracy_top-1: 95.8042, accuracy_top-5: 100.0000
2023-02-04 18:28:07,358 - mmcls - INFO - Epoch [13][15/72]	lr: 3.924e-04, eta: 0:00:20, time: 0.220, data_time: 0.154, memory: 2457, loss: 0.1165
2023-02-04 18:28:08,603 - mmcls - INFO - Epoch [13][30/72]	lr: 3.924e-04, eta: 0:00:18, time: 0.083, data_time: 0.003, memory: 2457, loss: 0.1474
2023-02-04 18:28:09,824 - mmcls - INFO - Epoch [13][45/72]	lr: 3.924e-04, eta: 0:00:16, time: 0.081, data_time: 0.003, memory: 2457, loss: 0.1202
2023-02-04 18:28:11,039 - mmcls - INFO - Epoch [13][60/72]	lr: 3.924e-04, eta: 0:00:15, time: 0.081, data_time: 0.003, memory: 2457, loss: 0.1543
2023-02-04 18:28:11,948 - mmcls - INFO - Saving checkpoint at 13 epochs
2023-02-04 18:28:13,477 - mmcls - INFO - Epoch(val) [13][18]	accuracy_top-1: 94.9301, accuracy_top-5: 100.0000
2023-02-04 18:28:16,808 - mmcls - INFO - Epoch [14][15/72]	lr: 3.845e-04, eta: 0:00:12, time: 0.219, data_time: 0.150, memory: 2457, loss: 0.1175
2023-02-04 18:28:18,044 - mmcls - INFO - Epoch [14][30/72]	lr: 3.845e-04, eta: 0:00:11, time: 0.083, data_time: 0.003, memory: 2457, loss: 0.1654
2023-02-04 18:28:19,282 - mmcls - INFO - Epoch [14][45/72]	lr: 3.845e-04, eta: 0:00:09, time: 0.083, data_time: 0.003, memory: 2457, loss: 0.1508
2023-02-04 18:28:20,506 - mmcls - INFO - Epoch [14][60/72]	lr: 3.845e-04, eta: 0:00:08, time: 0.082, data_time: 0.003, memory: 2457, loss: 0.1506
2023-02-04 18:28:21,416 - mmcls - INFO - Saving checkpoint at 14 epochs
2023-02-04 18:28:22,940 - mmcls - INFO - Epoch(val) [14][18]	accuracy_top-1: 96.3287, accuracy_top-5: 100.0000
2023-02-04 18:28:26,264 - mmcls - INFO - Epoch [15][15/72]	lr: 3.768e-04, eta: 0:00:05, time: 0.219, data_time: 0.150, memory: 2457, loss: 0.1330
2023-02-04 18:28:27,472 - mmcls - INFO - Epoch [15][30/72]	lr: 3.768e-04, eta: 0:00:04, time: 0.081, data_time: 0.003, memory: 2457, loss: 0.1064
2023-02-04 18:28:28,692 - mmcls - INFO - Epoch [15][45/72]	lr: 3.768e-04, eta: 0:00:02, time: 0.081, data_time: 0.003, memory: 2457, loss: 0.1543
2023-02-04 18:28:29,939 - mmcls - INFO - Epoch [15][60/72]	lr: 3.768e-04, eta: 0:00:01, time: 0.083, data_time: 0.003, memory: 2457, loss: 0.1302
2023-02-04 18:28:30,869 - mmcls - INFO - Saving checkpoint at 15 epochs
2023-02-04 18:28:32,388 - mmcls - INFO - Epoch(val) [15][18]	accuracy_top-1: 95.9790, accuracy_top-5: 100.0000
