2023-02-10 17:37:15,078 - mmdet - INFO - Environment info:
------------------------------------------------------------
sys.platform: linux
Python: 3.8.10 (default, Jun  4 2021, 15:09:15) [GCC 7.5.0]
CUDA available: True
GPU 0: NVIDIA GeForce RTX 3060 Laptop GPU
CUDA_HOME: /usr/local/cuda
NVCC: Cuda compilation tools, release 11.6, V11.6.55
GCC: gcc (Ubuntu 9.4.0-1ubuntu1~20.04.1) 9.4.0
PyTorch: 1.12.0
PyTorch compiling details: PyTorch built with:
  - GCC 9.3
  - C++ Version: 201402
  - Intel(R) oneAPI Math Kernel Library Version 2021.4-Product Build 20210904 for Intel(R) 64 architecture applications
  - Intel(R) MKL-DNN v2.6.0 (Git Hash 52b5f107dd9cf10910aaa19cb47f3abf9b349815)
  - OpenMP 201511 (a.k.a. OpenMP 4.5)
  - LAPACK is enabled (usually provided by MKL)
  - NNPACK is enabled
  - CPU capability usage: AVX2
  - CUDA Runtime 11.6
  - NVCC architecture flags: -gencode;arch=compute_37,code=sm_37;-gencode;arch=compute_50,code=sm_50;-gencode;arch=compute_60,code=sm_60;-gencode;arch=compute_61,code=sm_61;-gencode;arch=compute_70,code=sm_70;-gencode;arch=compute_75,code=sm_75;-gencode;arch=compute_80,code=sm_80;-gencode;arch=compute_86,code=sm_86;-gencode;arch=compute_37,code=compute_37
  - CuDNN 8.3.2  (built against CUDA 11.5)
  - Magma 2.6.1
  - Build settings: BLAS_INFO=mkl, BUILD_TYPE=Release, CUDA_VERSION=11.6, CUDNN_VERSION=8.3.2, CXX_COMPILER=/opt/rh/devtoolset-9/root/usr/bin/c++, CXX_FLAGS= -Wno-deprecated -fvisibility-inlines-hidden -DUSE_PTHREADPOOL -fopenmp -DNDEBUG -DUSE_KINETO -DUSE_FBGEMM -DUSE_QNNPACK -DUSE_PYTORCH_QNNPACK -DUSE_XNNPACK -DSYMBOLICATE_MOBILE_DEBUG_HANDLE -DEDGE_PROFILER_USE_KINETO -O2 -fPIC -Wno-narrowing -Wall -Wextra -Werror=return-type -Wno-missing-field-initializers -Wno-type-limits -Wno-array-bounds -Wno-unknown-pragmas -Wno-unused-parameter -Wno-unused-function -Wno-unused-result -Wno-unused-local-typedefs -Wno-strict-overflow -Wno-strict-aliasing -Wno-error=deprecated-declarations -Wno-stringop-overflow -Wno-psabi -Wno-error=pedantic -Wno-error=redundant-decls -Wno-error=old-style-cast -fdiagnostics-color=always -faligned-new -Wno-unused-but-set-variable -Wno-maybe-uninitialized -fno-math-errno -fno-trapping-math -Werror=format -Werror=cast-function-type -Wno-stringop-overflow, LAPACK_INFO=mkl, PERF_WITH_AVX=1, PERF_WITH_AVX2=1, PERF_WITH_AVX512=1, TORCH_VERSION=1.12.0, USE_CUDA=ON, USE_CUDNN=ON, USE_EXCEPTION_PTR=1, USE_GFLAGS=OFF, USE_GLOG=OFF, USE_MKL=ON, USE_MKLDNN=OFF, USE_MPI=OFF, USE_NCCL=ON, USE_NNPACK=ON, USE_OPENMP=ON, USE_ROCM=OFF, 

TorchVision: 0.13.0
OpenCV: 4.7.0
MMCV: 1.7.1
MMCV Compiler: GCC 9.3
MMCV CUDA Compiler: 11.6
MMDetection: 2.28.0+1b7d778
------------------------------------------------------------

2023-02-10 17:37:15,252 - mmdet - INFO - Distributed training: False
2023-02-10 17:37:15,411 - mmdet - INFO - Config:
model = dict(
    type='FasterRCNN',
    backbone=dict(
        type='ResNet',
        depth=50,
        num_stages=4,
        out_indices=(0, 1, 2, 3),
        frozen_stages=1,
        norm_cfg=dict(type='BN', requires_grad=True),
        norm_eval=True,
        style='pytorch',
        init_cfg=dict(type='Pretrained',
                      checkpoint='./resnet50-0676ba61.pth')),
    neck=dict(
        type='FPN',
        in_channels=[256, 512, 1024, 2048],
        out_channels=256,
        num_outs=5),
    rpn_head=dict(
        type='RPNHead',
        in_channels=256,
        feat_channels=256,
        anchor_generator=dict(
            type='AnchorGenerator',
            scales=[8],
            ratios=[0.5, 1.0, 2.0],
            strides=[4, 8, 16, 32, 64]),
        bbox_coder=dict(
            type='DeltaXYWHBBoxCoder',
            target_means=[0.0, 0.0, 0.0, 0.0],
            target_stds=[1.0, 1.0, 1.0, 1.0]),
        loss_cls=dict(
            type='CrossEntropyLoss', use_sigmoid=True, loss_weight=1.0),
        loss_bbox=dict(type='L1Loss', loss_weight=1.0)),
    roi_head=dict(
        type='StandardRoIHead',
        bbox_roi_extractor=dict(
            type='SingleRoIExtractor',
            roi_layer=dict(type='RoIAlign', output_size=7, sampling_ratio=0),
            out_channels=256,
            featmap_strides=[4, 8, 16, 32]),
        bbox_head=dict(
            type='Shared2FCBBoxHead',
            in_channels=256,
            fc_out_channels=1024,
            roi_feat_size=7,
            num_classes=20,
            bbox_coder=dict(
                type='DeltaXYWHBBoxCoder',
                target_means=[0.0, 0.0, 0.0, 0.0],
                target_stds=[0.1, 0.1, 0.2, 0.2]),
            reg_class_agnostic=False,
            loss_cls=dict(
                type='CrossEntropyLoss', use_sigmoid=False, loss_weight=1.0),
            loss_bbox=dict(type='L1Loss', loss_weight=1.0))),
    train_cfg=dict(
        rpn=dict(
            assigner=dict(
                type='MaxIoUAssigner',
                pos_iou_thr=0.7,
                neg_iou_thr=0.3,
                min_pos_iou=0.3,
                match_low_quality=True,
                ignore_iof_thr=-1),
            sampler=dict(
                type='RandomSampler',
                num=256,
                pos_fraction=0.5,
                neg_pos_ub=-1,
                add_gt_as_proposals=False),
            allowed_border=-1,
            pos_weight=-1,
            debug=False),
        rpn_proposal=dict(
            nms_pre=2000,
            max_per_img=1000,
            nms=dict(type='nms', iou_threshold=0.7),
            min_bbox_size=0),
        rcnn=dict(
            assigner=dict(
                type='MaxIoUAssigner',
                pos_iou_thr=0.5,
                neg_iou_thr=0.5,
                min_pos_iou=0.5,
                match_low_quality=False,
                ignore_iof_thr=-1),
            sampler=dict(
                type='RandomSampler',
                num=512,
                pos_fraction=0.25,
                neg_pos_ub=-1,
                add_gt_as_proposals=True),
            pos_weight=-1,
            debug=False)),
    test_cfg=dict(
        rpn=dict(
            nms_pre=1000,
            max_per_img=1000,
            nms=dict(type='nms', iou_threshold=0.7),
            min_bbox_size=0),
        rcnn=dict(
            score_thr=0.05,
            nms=dict(type='nms', iou_threshold=0.5),
            max_per_img=100)))
dataset_type = 'VOCDataset'
data_root = 'data/VOCdevkit/'
img_norm_cfg = dict(
    mean=[123.675, 116.28, 103.53], std=[58.395, 57.12, 57.375], to_rgb=True)
train_pipeline = [
    dict(type='LoadImageFromFile'),
    dict(type='LoadAnnotations', with_bbox=True),
    dict(type='Resize', img_scale=(1000, 600), keep_ratio=True),
    dict(type='RandomFlip', flip_ratio=0.5),
    dict(
        type='Normalize',
        mean=[123.675, 116.28, 103.53],
        std=[58.395, 57.12, 57.375],
        to_rgb=True),
    dict(type='Pad', size_divisor=32),
    dict(type='DefaultFormatBundle'),
    dict(type='Collect', keys=['img', 'gt_bboxes', 'gt_labels'])
]
test_pipeline = [
    dict(type='LoadImageFromFile'),
    dict(
        type='MultiScaleFlipAug',
        img_scale=(1000, 600),
        flip=False,
        transforms=[
            dict(type='Resize', keep_ratio=True),
            dict(type='RandomFlip'),
            dict(
                type='Normalize',
                mean=[123.675, 116.28, 103.53],
                std=[58.395, 57.12, 57.375],
                to_rgb=True),
            dict(type='Pad', size_divisor=32),
            dict(type='ImageToTensor', keys=['img']),
            dict(type='Collect', keys=['img'])
        ])
]
data = dict(
    samples_per_gpu=1,
    workers_per_gpu=1,
    train=dict(
        type='RepeatDataset',
        times=10,
        dataset=dict(
            type='VOCDataset',
            ann_file=['data/VOCdevkit/VOC2007/ImageSets/Layout/train.txt'],
            img_prefix=['data/VOCdevkit/VOC2007/'],
            pipeline=[
                dict(type='LoadImageFromFile'),
                dict(type='LoadAnnotations', with_bbox=True),
                dict(type='Resize', img_scale=(1000, 600), keep_ratio=True),
                dict(type='RandomFlip', flip_ratio=0.5),
                dict(
                    type='Normalize',
                    mean=[123.675, 116.28, 103.53],
                    std=[58.395, 57.12, 57.375],
                    to_rgb=True),
                dict(type='Pad', size_divisor=32),
                dict(type='DefaultFormatBundle'),
                dict(type='Collect', keys=['img', 'gt_bboxes', 'gt_labels'])
            ])),
    val=dict(
        type='VOCDataset',
        ann_file='data/VOCdevkit/VOC2007/ImageSets/Layout/val.txt',
        img_prefix='data/VOCdevkit/VOC2007/',
        pipeline=[
            dict(type='LoadImageFromFile'),
            dict(
                type='MultiScaleFlipAug',
                img_scale=(1000, 600),
                flip=False,
                transforms=[
                    dict(type='Resize', keep_ratio=True),
                    dict(type='RandomFlip'),
                    dict(
                        type='Normalize',
                        mean=[123.675, 116.28, 103.53],
                        std=[58.395, 57.12, 57.375],
                        to_rgb=True),
                    dict(type='Pad', size_divisor=32),
                    dict(type='ImageToTensor', keys=['img']),
                    dict(type='Collect', keys=['img'])
                ])
        ]),
    test=dict(
        type='VOCDataset',
        ann_file='data/VOCdevkit/VOC2007/ImageSets/Layout/val.txt',
        img_prefix='data/VOCdevkit/VOC2007/',
        pipeline=[
            dict(type='LoadImageFromFile'),
            dict(
                type='MultiScaleFlipAug',
                img_scale=(1000, 600),
                flip=False,
                transforms=[
                    dict(type='Resize', keep_ratio=True),
                    dict(type='RandomFlip'),
                    dict(
                        type='Normalize',
                        mean=[123.675, 116.28, 103.53],
                        std=[58.395, 57.12, 57.375],
                        to_rgb=True),
                    dict(type='Pad', size_divisor=32),
                    dict(type='ImageToTensor', keys=['img']),
                    dict(type='Collect', keys=['img'])
                ])
        ]))
evaluation = dict(interval=1, metric='mAP')
checkpoint_config = dict(interval=1)
log_config = dict(interval=50, hooks=[dict(type='TextLoggerHook')])
custom_hooks = [dict(type='NumClassCheckHook')]
dist_params = dict(backend='nccl')
log_level = 'INFO'
load_from = 'faster_rcnn_r50_fpn_1x_voc0712_20220320_192712-54bef0f3.pth'
resume_from = None
workflow = [('train', 1)]
opencv_num_threads = 0
mp_start_method = 'fork'
auto_scale_lr = dict(enable=False, base_batch_size=16)
optimizer = dict(type='SGD', lr=0.01, momentum=0.9, weight_decay=0.0001)
optimizer_config = dict(grad_clip=None)
lr_config = dict(policy='step', step=[3])
runner = dict(type='EpochBasedRunner', max_epochs=4)
work_dir = 'fr_test'
auto_resume = False
gpu_ids = [0]

2023-02-10 17:37:15,412 - mmdet - INFO - Set random seed to 481865296, deterministic: False
2023-02-10 17:37:16,469 - mmdet - INFO - Automatic scaling of learning rate (LR) has been disabled.
2023-02-10 17:37:16,475 - mmdet - INFO - load checkpoint from local path: faster_rcnn_r50_fpn_1x_voc0712_20220320_192712-54bef0f3.pth
2023-02-10 17:37:16,569 - mmdet - INFO - Start running, host: syt@syt-ZERO, work_dir: /home/syt/workspace/openmmlab/mmdetection/fr_test
2023-02-10 17:37:16,569 - mmdet - INFO - Hooks will be executed in the following order:
before_run:
(VERY_HIGH   ) StepLrUpdaterHook                  
(NORMAL      ) CheckpointHook                     
(LOW         ) EvalHook                           
(VERY_LOW    ) TextLoggerHook                     
 -------------------- 
before_train_epoch:
(VERY_HIGH   ) StepLrUpdaterHook                  
(NORMAL      ) NumClassCheckHook                  
(LOW         ) IterTimerHook                      
(LOW         ) EvalHook                           
(VERY_LOW    ) TextLoggerHook                     
 -------------------- 
before_train_iter:
(VERY_HIGH   ) StepLrUpdaterHook                  
(LOW         ) IterTimerHook                      
(LOW         ) EvalHook                           
 -------------------- 
after_train_iter:
(ABOVE_NORMAL) OptimizerHook                      
(NORMAL      ) CheckpointHook                     
(LOW         ) IterTimerHook                      
(LOW         ) EvalHook                           
(VERY_LOW    ) TextLoggerHook                     
 -------------------- 
after_train_epoch:
(NORMAL      ) CheckpointHook                     
(LOW         ) EvalHook                           
(VERY_LOW    ) TextLoggerHook                     
 -------------------- 
before_val_epoch:
(NORMAL      ) NumClassCheckHook                  
(LOW         ) IterTimerHook                      
(VERY_LOW    ) TextLoggerHook                     
 -------------------- 
before_val_iter:
(LOW         ) IterTimerHook                      
 -------------------- 
after_val_iter:
(LOW         ) IterTimerHook                      
 -------------------- 
after_val_epoch:
(VERY_LOW    ) TextLoggerHook                     
 -------------------- 
after_run:
(VERY_LOW    ) TextLoggerHook                     
 -------------------- 
2023-02-10 17:37:16,569 - mmdet - INFO - workflow: [('train', 1)], max: 4 epochs
2023-02-10 17:37:16,569 - mmdet - INFO - Checkpoints will be saved to /home/syt/workspace/openmmlab/mmdetection/fr_test by HardDiskBackend.
2023-02-10 17:37:25,863 - mmdet - INFO - Epoch [1][50/3180]	lr: 1.000e-02, eta: 0:39:06, time: 0.185, data_time: 0.043, memory: 1394, loss_rpn_cls: 0.0973, loss_rpn_bbox: 0.0212, loss_cls: 0.3080, acc: 96.0547, loss_bbox: 0.1629, loss: 0.5894
2023-02-10 17:37:31,498 - mmdet - INFO - Epoch [1][100/3180]	lr: 1.000e-02, eta: 0:31:20, time: 0.113, data_time: 0.003, memory: 1394, loss_rpn_cls: 0.0832, loss_rpn_bbox: 0.0228, loss_cls: 0.2765, acc: 96.2070, loss_bbox: 0.1518, loss: 0.5343
2023-02-10 17:37:37,314 - mmdet - INFO - Epoch [1][150/3180]	lr: 1.000e-02, eta: 0:28:56, time: 0.116, data_time: 0.003, memory: 1394, loss_rpn_cls: 0.0593, loss_rpn_bbox: 0.0230, loss_cls: 0.3110, acc: 95.2344, loss_bbox: 0.1928, loss: 0.5861
2023-02-10 17:37:43,136 - mmdet - INFO - Epoch [1][200/3180]	lr: 1.000e-02, eta: 0:27:41, time: 0.116, data_time: 0.003, memory: 1457, loss_rpn_cls: 0.0609, loss_rpn_bbox: 0.0181, loss_cls: 0.2470, acc: 96.3945, loss_bbox: 0.1424, loss: 0.4685
2023-02-10 17:37:48,885 - mmdet - INFO - Epoch [1][250/3180]	lr: 1.000e-02, eta: 0:26:50, time: 0.115, data_time: 0.003, memory: 1457, loss_rpn_cls: 0.0735, loss_rpn_bbox: 0.0243, loss_cls: 0.2860, acc: 95.9023, loss_bbox: 0.1625, loss: 0.5464
2023-02-10 17:37:54,562 - mmdet - INFO - Epoch [1][300/3180]	lr: 1.000e-02, eta: 0:26:11, time: 0.114, data_time: 0.003, memory: 1457, loss_rpn_cls: 0.0683, loss_rpn_bbox: 0.0229, loss_cls: 0.2793, acc: 96.3203, loss_bbox: 0.1425, loss: 0.5129
2023-02-10 17:38:00,178 - mmdet - INFO - Epoch [1][350/3180]	lr: 1.000e-02, eta: 0:25:40, time: 0.112, data_time: 0.003, memory: 1457, loss_rpn_cls: 0.0497, loss_rpn_bbox: 0.0210, loss_cls: 0.2404, acc: 96.0234, loss_bbox: 0.1518, loss: 0.4630
2023-02-10 17:38:05,865 - mmdet - INFO - Epoch [1][400/3180]	lr: 1.000e-02, eta: 0:25:17, time: 0.114, data_time: 0.003, memory: 1457, loss_rpn_cls: 0.0424, loss_rpn_bbox: 0.0205, loss_cls: 0.2974, acc: 94.6289, loss_bbox: 0.2111, loss: 0.5714
2023-02-10 17:38:11,525 - mmdet - INFO - Epoch [1][450/3180]	lr: 1.000e-02, eta: 0:24:57, time: 0.113, data_time: 0.003, memory: 1457, loss_rpn_cls: 0.0407, loss_rpn_bbox: 0.0184, loss_cls: 0.2754, acc: 95.2695, loss_bbox: 0.1688, loss: 0.5033
2023-02-10 17:38:17,138 - mmdet - INFO - Epoch [1][500/3180]	lr: 1.000e-02, eta: 0:24:39, time: 0.112, data_time: 0.003, memory: 1457, loss_rpn_cls: 0.0402, loss_rpn_bbox: 0.0179, loss_cls: 0.3600, acc: 94.7500, loss_bbox: 0.1847, loss: 0.6028
2023-02-10 17:38:22,750 - mmdet - INFO - Epoch [1][550/3180]	lr: 1.000e-02, eta: 0:24:23, time: 0.112, data_time: 0.003, memory: 1457, loss_rpn_cls: 0.0389, loss_rpn_bbox: 0.0223, loss_cls: 0.2698, acc: 95.3047, loss_bbox: 0.1640, loss: 0.4949
2023-02-10 17:38:28,463 - mmdet - INFO - Epoch [1][600/3180]	lr: 1.000e-02, eta: 0:24:11, time: 0.114, data_time: 0.003, memory: 1457, loss_rpn_cls: 0.0291, loss_rpn_bbox: 0.0197, loss_cls: 0.2556, acc: 94.9062, loss_bbox: 0.1681, loss: 0.4725
2023-02-10 17:38:34,168 - mmdet - INFO - Epoch [1][650/3180]	lr: 1.000e-02, eta: 0:24:00, time: 0.114, data_time: 0.003, memory: 1457, loss_rpn_cls: 0.0274, loss_rpn_bbox: 0.0170, loss_cls: 0.2250, acc: 95.0117, loss_bbox: 0.1566, loss: 0.4260
2023-02-10 17:38:39,876 - mmdet - INFO - Epoch [1][700/3180]	lr: 1.000e-02, eta: 0:23:49, time: 0.114, data_time: 0.003, memory: 1457, loss_rpn_cls: 0.0332, loss_rpn_bbox: 0.0193, loss_cls: 0.2925, acc: 94.7148, loss_bbox: 0.1755, loss: 0.5205
2023-02-10 17:38:45,555 - mmdet - INFO - Epoch [1][750/3180]	lr: 1.000e-02, eta: 0:23:39, time: 0.114, data_time: 0.003, memory: 1457, loss_rpn_cls: 0.0367, loss_rpn_bbox: 0.0170, loss_cls: 0.2350, acc: 95.4766, loss_bbox: 0.1521, loss: 0.4408
2023-02-10 17:38:51,161 - mmdet - INFO - Epoch [1][800/3180]	lr: 1.000e-02, eta: 0:23:28, time: 0.112, data_time: 0.003, memory: 1457, loss_rpn_cls: 0.0265, loss_rpn_bbox: 0.0174, loss_cls: 0.2796, acc: 95.0508, loss_bbox: 0.1618, loss: 0.4854
2023-02-10 17:38:56,839 - mmdet - INFO - Epoch [1][850/3180]	lr: 1.000e-02, eta: 0:23:19, time: 0.114, data_time: 0.003, memory: 1457, loss_rpn_cls: 0.0252, loss_rpn_bbox: 0.0188, loss_cls: 0.2446, acc: 94.6406, loss_bbox: 0.1732, loss: 0.4619
2023-02-10 17:39:02,586 - mmdet - INFO - Epoch [1][900/3180]	lr: 1.000e-02, eta: 0:23:11, time: 0.115, data_time: 0.003, memory: 1457, loss_rpn_cls: 0.0213, loss_rpn_bbox: 0.0150, loss_cls: 0.1857, acc: 96.0742, loss_bbox: 0.1336, loss: 0.3556
2023-02-10 17:39:08,288 - mmdet - INFO - Epoch [1][950/3180]	lr: 1.000e-02, eta: 0:23:03, time: 0.114, data_time: 0.003, memory: 1457, loss_rpn_cls: 0.0240, loss_rpn_bbox: 0.0175, loss_cls: 0.2347, acc: 95.0781, loss_bbox: 0.1638, loss: 0.4401
2023-02-10 17:39:13,896 - mmdet - INFO - Exp name: faster_rcnn_r50_fpn_1x_voc0712.py
2023-02-10 17:39:13,896 - mmdet - INFO - Epoch [1][1000/3180]	lr: 1.000e-02, eta: 0:22:54, time: 0.112, data_time: 0.003, memory: 1457, loss_rpn_cls: 0.0280, loss_rpn_bbox: 0.0162, loss_cls: 0.2610, acc: 95.1953, loss_bbox: 0.1609, loss: 0.4661
2023-02-10 17:39:19,492 - mmdet - INFO - Epoch [1][1050/3180]	lr: 1.000e-02, eta: 0:22:45, time: 0.112, data_time: 0.003, memory: 1457, loss_rpn_cls: 0.0478, loss_rpn_bbox: 0.0195, loss_cls: 0.2721, acc: 95.5508, loss_bbox: 0.1568, loss: 0.4963
2023-02-10 17:39:25,149 - mmdet - INFO - Epoch [1][1100/3180]	lr: 1.000e-02, eta: 0:22:37, time: 0.113, data_time: 0.003, memory: 1457, loss_rpn_cls: 0.0271, loss_rpn_bbox: 0.0142, loss_cls: 0.2245, acc: 95.6992, loss_bbox: 0.1460, loss: 0.4117
2023-02-10 17:39:30,835 - mmdet - INFO - Epoch [1][1150/3180]	lr: 1.000e-02, eta: 0:22:30, time: 0.114, data_time: 0.003, memory: 1457, loss_rpn_cls: 0.0250, loss_rpn_bbox: 0.0173, loss_cls: 0.2401, acc: 94.9180, loss_bbox: 0.1574, loss: 0.4397
2023-02-10 17:39:36,644 - mmdet - INFO - Epoch [1][1200/3180]	lr: 1.000e-02, eta: 0:22:24, time: 0.116, data_time: 0.003, memory: 1457, loss_rpn_cls: 0.0186, loss_rpn_bbox: 0.0138, loss_cls: 0.2345, acc: 95.3750, loss_bbox: 0.1454, loss: 0.4123
2023-02-10 17:39:42,374 - mmdet - INFO - Epoch [1][1250/3180]	lr: 1.000e-02, eta: 0:22:17, time: 0.115, data_time: 0.003, memory: 1457, loss_rpn_cls: 0.0261, loss_rpn_bbox: 0.0145, loss_cls: 0.2205, acc: 95.3906, loss_bbox: 0.1499, loss: 0.4109
2023-02-10 17:39:48,006 - mmdet - INFO - Epoch [1][1300/3180]	lr: 1.000e-02, eta: 0:22:10, time: 0.113, data_time: 0.003, memory: 1457, loss_rpn_cls: 0.0219, loss_rpn_bbox: 0.0190, loss_cls: 0.2505, acc: 94.6992, loss_bbox: 0.1701, loss: 0.4615
2023-02-10 17:39:53,729 - mmdet - INFO - Epoch [1][1350/3180]	lr: 1.000e-02, eta: 0:22:03, time: 0.114, data_time: 0.003, memory: 1457, loss_rpn_cls: 0.0240, loss_rpn_bbox: 0.0159, loss_cls: 0.2257, acc: 94.5547, loss_bbox: 0.1723, loss: 0.4379
2023-02-10 17:39:59,481 - mmdet - INFO - Epoch [1][1400/3180]	lr: 1.000e-02, eta: 0:21:56, time: 0.115, data_time: 0.003, memory: 1457, loss_rpn_cls: 0.0218, loss_rpn_bbox: 0.0199, loss_cls: 0.2039, acc: 95.1094, loss_bbox: 0.1537, loss: 0.3993
2023-02-10 17:40:05,136 - mmdet - INFO - Epoch [1][1450/3180]	lr: 1.000e-02, eta: 0:21:49, time: 0.113, data_time: 0.003, memory: 1457, loss_rpn_cls: 0.0211, loss_rpn_bbox: 0.0171, loss_cls: 0.2024, acc: 95.1328, loss_bbox: 0.1577, loss: 0.3983
2023-02-10 17:40:10,874 - mmdet - INFO - Epoch [1][1500/3180]	lr: 1.000e-02, eta: 0:21:43, time: 0.115, data_time: 0.003, memory: 1457, loss_rpn_cls: 0.0170, loss_rpn_bbox: 0.0188, loss_cls: 0.2037, acc: 94.8320, loss_bbox: 0.1523, loss: 0.3918
2023-02-10 17:40:16,560 - mmdet - INFO - Epoch [1][1550/3180]	lr: 1.000e-02, eta: 0:21:36, time: 0.114, data_time: 0.003, memory: 1457, loss_rpn_cls: 0.0236, loss_rpn_bbox: 0.0197, loss_cls: 0.2705, acc: 93.4688, loss_bbox: 0.1905, loss: 0.5043
2023-02-10 17:40:22,237 - mmdet - INFO - Epoch [1][1600/3180]	lr: 1.000e-02, eta: 0:21:30, time: 0.114, data_time: 0.003, memory: 1457, loss_rpn_cls: 0.0221, loss_rpn_bbox: 0.0215, loss_cls: 0.2276, acc: 94.0742, loss_bbox: 0.1870, loss: 0.4582
2023-02-10 17:40:27,956 - mmdet - INFO - Epoch [1][1650/3180]	lr: 1.000e-02, eta: 0:21:23, time: 0.114, data_time: 0.003, memory: 1459, loss_rpn_cls: 0.0144, loss_rpn_bbox: 0.0151, loss_cls: 0.1753, acc: 95.0234, loss_bbox: 0.1535, loss: 0.3583
2023-02-10 17:40:33,641 - mmdet - INFO - Epoch [1][1700/3180]	lr: 1.000e-02, eta: 0:21:17, time: 0.114, data_time: 0.003, memory: 1459, loss_rpn_cls: 0.0134, loss_rpn_bbox: 0.0163, loss_cls: 0.2212, acc: 93.9023, loss_bbox: 0.1906, loss: 0.4415
2023-02-10 17:40:39,370 - mmdet - INFO - Epoch [1][1750/3180]	lr: 1.000e-02, eta: 0:21:11, time: 0.115, data_time: 0.003, memory: 1459, loss_rpn_cls: 0.0202, loss_rpn_bbox: 0.0199, loss_cls: 0.2167, acc: 94.6133, loss_bbox: 0.1811, loss: 0.4379
2023-02-10 17:40:45,194 - mmdet - INFO - Epoch [1][1800/3180]	lr: 1.000e-02, eta: 0:21:05, time: 0.116, data_time: 0.003, memory: 1459, loss_rpn_cls: 0.0168, loss_rpn_bbox: 0.0147, loss_cls: 0.2164, acc: 94.4883, loss_bbox: 0.1727, loss: 0.4206
2023-02-10 17:40:50,948 - mmdet - INFO - Epoch [1][1850/3180]	lr: 1.000e-02, eta: 0:20:59, time: 0.115, data_time: 0.003, memory: 1459, loss_rpn_cls: 0.0193, loss_rpn_bbox: 0.0223, loss_cls: 0.2642, acc: 93.5508, loss_bbox: 0.1980, loss: 0.5038
2023-02-10 17:40:56,637 - mmdet - INFO - Epoch [1][1900/3180]	lr: 1.000e-02, eta: 0:20:53, time: 0.114, data_time: 0.003, memory: 1459, loss_rpn_cls: 0.0261, loss_rpn_bbox: 0.0191, loss_cls: 0.2562, acc: 94.1406, loss_bbox: 0.1770, loss: 0.4784
2023-02-10 17:41:02,343 - mmdet - INFO - Epoch [1][1950/3180]	lr: 1.000e-02, eta: 0:20:46, time: 0.114, data_time: 0.003, memory: 1459, loss_rpn_cls: 0.0151, loss_rpn_bbox: 0.0177, loss_cls: 0.1911, acc: 95.4531, loss_bbox: 0.1540, loss: 0.3779
2023-02-10 17:41:07,905 - mmdet - INFO - Exp name: faster_rcnn_r50_fpn_1x_voc0712.py
2023-02-10 17:41:07,905 - mmdet - INFO - Epoch [1][2000/3180]	lr: 1.000e-02, eta: 0:20:39, time: 0.111, data_time: 0.003, memory: 1459, loss_rpn_cls: 0.0218, loss_rpn_bbox: 0.0158, loss_cls: 0.1861, acc: 95.4414, loss_bbox: 0.1600, loss: 0.3838
2023-02-10 17:41:13,468 - mmdet - INFO - Epoch [1][2050/3180]	lr: 1.000e-02, eta: 0:20:32, time: 0.111, data_time: 0.003, memory: 1459, loss_rpn_cls: 0.0151, loss_rpn_bbox: 0.0185, loss_cls: 0.2016, acc: 94.1133, loss_bbox: 0.1936, loss: 0.4288
2023-02-10 17:41:19,210 - mmdet - INFO - Epoch [1][2100/3180]	lr: 1.000e-02, eta: 0:20:26, time: 0.115, data_time: 0.003, memory: 1459, loss_rpn_cls: 0.0135, loss_rpn_bbox: 0.0134, loss_cls: 0.2036, acc: 94.8438, loss_bbox: 0.1466, loss: 0.3771
2023-02-10 17:41:24,952 - mmdet - INFO - Epoch [1][2150/3180]	lr: 1.000e-02, eta: 0:20:20, time: 0.115, data_time: 0.003, memory: 1459, loss_rpn_cls: 0.0139, loss_rpn_bbox: 0.0133, loss_cls: 0.1615, acc: 95.7383, loss_bbox: 0.1394, loss: 0.3282
2023-02-10 17:41:30,687 - mmdet - INFO - Epoch [1][2200/3180]	lr: 1.000e-02, eta: 0:20:14, time: 0.115, data_time: 0.003, memory: 1459, loss_rpn_cls: 0.0151, loss_rpn_bbox: 0.0160, loss_cls: 0.1780, acc: 94.8281, loss_bbox: 0.1575, loss: 0.3666
2023-02-10 17:41:36,469 - mmdet - INFO - Epoch [1][2250/3180]	lr: 1.000e-02, eta: 0:20:09, time: 0.116, data_time: 0.003, memory: 1459, loss_rpn_cls: 0.0141, loss_rpn_bbox: 0.0125, loss_cls: 0.1816, acc: 95.6094, loss_bbox: 0.1294, loss: 0.3375
2023-02-10 17:41:42,136 - mmdet - INFO - Epoch [1][2300/3180]	lr: 1.000e-02, eta: 0:20:02, time: 0.113, data_time: 0.003, memory: 1459, loss_rpn_cls: 0.0212, loss_rpn_bbox: 0.0155, loss_cls: 0.2059, acc: 95.3789, loss_bbox: 0.1350, loss: 0.3775
2023-02-10 17:41:47,813 - mmdet - INFO - Epoch [1][2350/3180]	lr: 1.000e-02, eta: 0:19:56, time: 0.113, data_time: 0.003, memory: 1459, loss_rpn_cls: 0.0189, loss_rpn_bbox: 0.0151, loss_cls: 0.2187, acc: 94.6250, loss_bbox: 0.1530, loss: 0.4057
2023-02-10 17:41:53,442 - mmdet - INFO - Epoch [1][2400/3180]	lr: 1.000e-02, eta: 0:19:50, time: 0.113, data_time: 0.003, memory: 1459, loss_rpn_cls: 0.0172, loss_rpn_bbox: 0.0186, loss_cls: 0.2334, acc: 94.1523, loss_bbox: 0.1863, loss: 0.4554
2023-02-10 17:41:59,137 - mmdet - INFO - Epoch [1][2450/3180]	lr: 1.000e-02, eta: 0:19:44, time: 0.114, data_time: 0.003, memory: 1459, loss_rpn_cls: 0.0149, loss_rpn_bbox: 0.0118, loss_cls: 0.2085, acc: 94.8086, loss_bbox: 0.1605, loss: 0.3957
2023-02-10 17:42:04,817 - mmdet - INFO - Epoch [1][2500/3180]	lr: 1.000e-02, eta: 0:19:38, time: 0.114, data_time: 0.003, memory: 1459, loss_rpn_cls: 0.0149, loss_rpn_bbox: 0.0191, loss_cls: 0.2136, acc: 94.6797, loss_bbox: 0.1635, loss: 0.4110
2023-02-10 17:42:10,579 - mmdet - INFO - Epoch [1][2550/3180]	lr: 1.000e-02, eta: 0:19:32, time: 0.115, data_time: 0.003, memory: 1459, loss_rpn_cls: 0.0159, loss_rpn_bbox: 0.0142, loss_cls: 0.1789, acc: 95.4336, loss_bbox: 0.1534, loss: 0.3624
2023-02-10 17:42:16,250 - mmdet - INFO - Epoch [1][2600/3180]	lr: 1.000e-02, eta: 0:19:26, time: 0.113, data_time: 0.003, memory: 1459, loss_rpn_cls: 0.0143, loss_rpn_bbox: 0.0163, loss_cls: 0.2036, acc: 94.3633, loss_bbox: 0.1780, loss: 0.4121
2023-02-10 17:42:21,987 - mmdet - INFO - Epoch [1][2650/3180]	lr: 1.000e-02, eta: 0:19:20, time: 0.115, data_time: 0.003, memory: 1459, loss_rpn_cls: 0.0111, loss_rpn_bbox: 0.0145, loss_cls: 0.1612, acc: 95.6133, loss_bbox: 0.1352, loss: 0.3220
2023-02-10 17:42:27,739 - mmdet - INFO - Epoch [1][2700/3180]	lr: 1.000e-02, eta: 0:19:14, time: 0.115, data_time: 0.003, memory: 1459, loss_rpn_cls: 0.0144, loss_rpn_bbox: 0.0124, loss_cls: 0.1467, acc: 96.1445, loss_bbox: 0.1283, loss: 0.3018
2023-02-10 17:42:33,338 - mmdet - INFO - Epoch [1][2750/3180]	lr: 1.000e-02, eta: 0:19:08, time: 0.112, data_time: 0.003, memory: 1459, loss_rpn_cls: 0.0096, loss_rpn_bbox: 0.0136, loss_cls: 0.1570, acc: 95.2539, loss_bbox: 0.1481, loss: 0.3282
2023-02-10 17:42:39,024 - mmdet - INFO - Epoch [1][2800/3180]	lr: 1.000e-02, eta: 0:19:02, time: 0.114, data_time: 0.003, memory: 1459, loss_rpn_cls: 0.0119, loss_rpn_bbox: 0.0124, loss_cls: 0.1937, acc: 94.6836, loss_bbox: 0.1693, loss: 0.3874
2023-02-10 17:42:44,745 - mmdet - INFO - Epoch [1][2850/3180]	lr: 1.000e-02, eta: 0:18:56, time: 0.114, data_time: 0.003, memory: 1459, loss_rpn_cls: 0.0087, loss_rpn_bbox: 0.0133, loss_cls: 0.1401, acc: 95.8984, loss_bbox: 0.1441, loss: 0.3061
2023-02-10 17:42:50,436 - mmdet - INFO - Epoch [1][2900/3180]	lr: 1.000e-02, eta: 0:18:50, time: 0.114, data_time: 0.003, memory: 1459, loss_rpn_cls: 0.0130, loss_rpn_bbox: 0.0145, loss_cls: 0.1820, acc: 94.7305, loss_bbox: 0.1740, loss: 0.3836
2023-02-10 17:42:56,338 - mmdet - INFO - Epoch [1][2950/3180]	lr: 1.000e-02, eta: 0:18:45, time: 0.118, data_time: 0.003, memory: 1459, loss_rpn_cls: 0.0105, loss_rpn_bbox: 0.0205, loss_cls: 0.1878, acc: 94.4492, loss_bbox: 0.1933, loss: 0.4122
2023-02-10 17:43:02,105 - mmdet - INFO - Exp name: faster_rcnn_r50_fpn_1x_voc0712.py
2023-02-10 17:43:02,105 - mmdet - INFO - Epoch [1][3000/3180]	lr: 1.000e-02, eta: 0:18:39, time: 0.115, data_time: 0.003, memory: 1459, loss_rpn_cls: 0.0150, loss_rpn_bbox: 0.0160, loss_cls: 0.1822, acc: 95.0273, loss_bbox: 0.1589, loss: 0.3721
2023-02-10 17:43:07,913 - mmdet - INFO - Epoch [1][3050/3180]	lr: 1.000e-02, eta: 0:18:33, time: 0.116, data_time: 0.003, memory: 1459, loss_rpn_cls: 0.0114, loss_rpn_bbox: 0.0141, loss_cls: 0.1445, acc: 95.3477, loss_bbox: 0.1596, loss: 0.3296
2023-02-10 17:43:13,537 - mmdet - INFO - Epoch [1][3100/3180]	lr: 1.000e-02, eta: 0:18:27, time: 0.112, data_time: 0.003, memory: 1459, loss_rpn_cls: 0.0110, loss_rpn_bbox: 0.0124, loss_cls: 0.1589, acc: 95.4258, loss_bbox: 0.1571, loss: 0.3395
2023-02-10 17:43:19,295 - mmdet - INFO - Epoch [1][3150/3180]	lr: 1.000e-02, eta: 0:18:21, time: 0.115, data_time: 0.003, memory: 1459, loss_rpn_cls: 0.0152, loss_rpn_bbox: 0.0154, loss_cls: 0.1640, acc: 95.2617, loss_bbox: 0.1446, loss: 0.3392
2023-02-10 17:43:22,683 - mmdet - INFO - Saving checkpoint at 1 epochs
2023-02-10 17:43:28,792 - mmdet - INFO - 
+-------------+-----+------+--------+-------+
| class       | gts | dets | recall | ap    |
+-------------+-----+------+--------+-------+
| aeroplane   | 10  | 59   | 0.500  | 0.245 |
| bicycle     | 3   | 136  | 1.000  | 0.124 |
| bird        | 13  | 74   | 0.385  | 0.117 |
| boat        | 10  | 94   | 0.300  | 0.061 |
| bottle      | 4   | 4    | 0.500  | 0.455 |
| bus         | 2   | 39   | 1.000  | 0.697 |
| car         | 38  | 158  | 0.842  | 0.665 |
| cat         | 11  | 37   | 0.455  | 0.152 |
| chair       | 23  | 630  | 0.783  | 0.308 |
| cow         | 6   | 18   | 0.333  | 0.045 |
| diningtable | 5   | 62   | 0.800  | 0.394 |
| dog         | 13  | 84   | 0.615  | 0.232 |
| horse       | 3   | 16   | 0.667  | 0.424 |
| motorbike   | 4   | 104  | 1.000  | 0.685 |
| person      | 6   | 210  | 1.000  | 0.465 |
| pottedplant | 10  | 50   | 0.600  | 0.475 |
| sheep       | 11  | 29   | 0.273  | 0.152 |
| sofa        | 5   | 55   | 0.400  | 0.227 |
| train       | 9   | 200  | 0.778  | 0.489 |
| tvmonitor   | 6   | 102  | 0.333  | 0.190 |
+-------------+-----+------+--------+-------+
| mAP         |     |      |        | 0.330 |
+-------------+-----+------+--------+-------+
2023-02-10 17:43:28,850 - mmdet - INFO - Exp name: faster_rcnn_r50_fpn_1x_voc0712.py
2023-02-10 17:43:28,850 - mmdet - INFO - Epoch(val) [1][120]	mAP: 0.3300, AP50: 0.3300
2023-02-10 17:43:36,715 - mmdet - INFO - Epoch [2][50/3180]	lr: 1.000e-02, eta: 0:18:08, time: 0.157, data_time: 0.043, memory: 1459, loss_rpn_cls: 0.0107, loss_rpn_bbox: 0.0138, loss_cls: 0.1648, acc: 95.2734, loss_bbox: 0.1654, loss: 0.3547
2023-02-10 17:43:42,494 - mmdet - INFO - Epoch [2][100/3180]	lr: 1.000e-02, eta: 0:18:03, time: 0.116, data_time: 0.003, memory: 1459, loss_rpn_cls: 0.0102, loss_rpn_bbox: 0.0146, loss_cls: 0.1433, acc: 95.5391, loss_bbox: 0.1697, loss: 0.3379
2023-02-10 17:43:48,183 - mmdet - INFO - Epoch [2][150/3180]	lr: 1.000e-02, eta: 0:17:57, time: 0.114, data_time: 0.003, memory: 1459, loss_rpn_cls: 0.0089, loss_rpn_bbox: 0.0146, loss_cls: 0.1415, acc: 95.5977, loss_bbox: 0.1574, loss: 0.3225
2023-02-10 17:43:53,870 - mmdet - INFO - Epoch [2][200/3180]	lr: 1.000e-02, eta: 0:17:51, time: 0.114, data_time: 0.003, memory: 1459, loss_rpn_cls: 0.0125, loss_rpn_bbox: 0.0179, loss_cls: 0.1637, acc: 94.8906, loss_bbox: 0.1775, loss: 0.3717
2023-02-10 17:43:59,592 - mmdet - INFO - Epoch [2][250/3180]	lr: 1.000e-02, eta: 0:17:45, time: 0.114, data_time: 0.003, memory: 1459, loss_rpn_cls: 0.0064, loss_rpn_bbox: 0.0116, loss_cls: 0.1389, acc: 95.8242, loss_bbox: 0.1428, loss: 0.2997
2023-02-10 17:44:05,373 - mmdet - INFO - Epoch [2][300/3180]	lr: 1.000e-02, eta: 0:17:39, time: 0.116, data_time: 0.003, memory: 1459, loss_rpn_cls: 0.0069, loss_rpn_bbox: 0.0143, loss_cls: 0.1499, acc: 95.1094, loss_bbox: 0.1704, loss: 0.3415
2023-02-10 17:44:11,200 - mmdet - INFO - Epoch [2][350/3180]	lr: 1.000e-02, eta: 0:17:34, time: 0.116, data_time: 0.003, memory: 1459, loss_rpn_cls: 0.0092, loss_rpn_bbox: 0.0154, loss_cls: 0.1519, acc: 95.2891, loss_bbox: 0.1674, loss: 0.3440
2023-02-10 17:44:16,880 - mmdet - INFO - Epoch [2][400/3180]	lr: 1.000e-02, eta: 0:17:28, time: 0.114, data_time: 0.003, memory: 1459, loss_rpn_cls: 0.0078, loss_rpn_bbox: 0.0131, loss_cls: 0.1557, acc: 95.4375, loss_bbox: 0.1651, loss: 0.3416
2023-02-10 17:44:22,669 - mmdet - INFO - Epoch [2][450/3180]	lr: 1.000e-02, eta: 0:17:22, time: 0.116, data_time: 0.003, memory: 1459, loss_rpn_cls: 0.0089, loss_rpn_bbox: 0.0137, loss_cls: 0.1430, acc: 95.5312, loss_bbox: 0.1851, loss: 0.3507
2023-02-10 17:44:28,443 - mmdet - INFO - Epoch [2][500/3180]	lr: 1.000e-02, eta: 0:17:17, time: 0.115, data_time: 0.003, memory: 1459, loss_rpn_cls: 0.0075, loss_rpn_bbox: 0.0140, loss_cls: 0.1268, acc: 96.0664, loss_bbox: 0.1468, loss: 0.2950
2023-02-10 17:44:34,400 - mmdet - INFO - Epoch [2][550/3180]	lr: 1.000e-02, eta: 0:17:12, time: 0.119, data_time: 0.003, memory: 1459, loss_rpn_cls: 0.0081, loss_rpn_bbox: 0.0146, loss_cls: 0.1567, acc: 95.1797, loss_bbox: 0.1768, loss: 0.3562
2023-02-10 17:44:40,166 - mmdet - INFO - Epoch [2][600/3180]	lr: 1.000e-02, eta: 0:17:06, time: 0.115, data_time: 0.003, memory: 1459, loss_rpn_cls: 0.0091, loss_rpn_bbox: 0.0154, loss_cls: 0.1476, acc: 95.4609, loss_bbox: 0.1611, loss: 0.3332
2023-02-10 17:44:45,898 - mmdet - INFO - Epoch [2][650/3180]	lr: 1.000e-02, eta: 0:17:00, time: 0.115, data_time: 0.003, memory: 1459, loss_rpn_cls: 0.0076, loss_rpn_bbox: 0.0154, loss_cls: 0.1239, acc: 96.0312, loss_bbox: 0.1522, loss: 0.2990
2023-02-10 17:44:51,700 - mmdet - INFO - Epoch [2][700/3180]	lr: 1.000e-02, eta: 0:16:54, time: 0.116, data_time: 0.003, memory: 1459, loss_rpn_cls: 0.0082, loss_rpn_bbox: 0.0158, loss_cls: 0.1427, acc: 95.4570, loss_bbox: 0.1865, loss: 0.3532
2023-02-10 17:44:57,510 - mmdet - INFO - Epoch [2][750/3180]	lr: 1.000e-02, eta: 0:16:49, time: 0.116, data_time: 0.003, memory: 1459, loss_rpn_cls: 0.0080, loss_rpn_bbox: 0.0150, loss_cls: 0.1248, acc: 95.8711, loss_bbox: 0.1637, loss: 0.3115
2023-02-10 17:45:03,416 - mmdet - INFO - Epoch [2][800/3180]	lr: 1.000e-02, eta: 0:16:44, time: 0.118, data_time: 0.003, memory: 1459, loss_rpn_cls: 0.0071, loss_rpn_bbox: 0.0154, loss_cls: 0.1093, acc: 96.3828, loss_bbox: 0.1572, loss: 0.2890
2023-02-10 17:45:09,306 - mmdet - INFO - Epoch [2][850/3180]	lr: 1.000e-02, eta: 0:16:38, time: 0.118, data_time: 0.003, memory: 1459, loss_rpn_cls: 0.0065, loss_rpn_bbox: 0.0152, loss_cls: 0.1195, acc: 96.1367, loss_bbox: 0.1544, loss: 0.2956
2023-02-10 17:45:15,044 - mmdet - INFO - Epoch [2][900/3180]	lr: 1.000e-02, eta: 0:16:32, time: 0.115, data_time: 0.003, memory: 1459, loss_rpn_cls: 0.0085, loss_rpn_bbox: 0.0144, loss_cls: 0.1348, acc: 95.7578, loss_bbox: 0.1701, loss: 0.3279
2023-02-10 17:45:20,736 - mmdet - INFO - Epoch [2][950/3180]	lr: 1.000e-02, eta: 0:16:26, time: 0.114, data_time: 0.003, memory: 1459, loss_rpn_cls: 0.0072, loss_rpn_bbox: 0.0119, loss_cls: 0.0975, acc: 96.8867, loss_bbox: 0.1301, loss: 0.2467
2023-02-10 17:45:26,673 - mmdet - INFO - Epoch [2][1000/3180]	lr: 1.000e-02, eta: 0:16:21, time: 0.119, data_time: 0.003, memory: 1459, loss_rpn_cls: 0.0059, loss_rpn_bbox: 0.0138, loss_cls: 0.1336, acc: 95.9141, loss_bbox: 0.1646, loss: 0.3180
2023-02-10 17:45:32,483 - mmdet - INFO - Epoch [2][1050/3180]	lr: 1.000e-02, eta: 0:16:16, time: 0.116, data_time: 0.003, memory: 1459, loss_rpn_cls: 0.0054, loss_rpn_bbox: 0.0125, loss_cls: 0.0979, acc: 96.9219, loss_bbox: 0.1392, loss: 0.2550
2023-02-10 17:45:38,238 - mmdet - INFO - Epoch [2][1100/3180]	lr: 1.000e-02, eta: 0:16:10, time: 0.115, data_time: 0.003, memory: 1459, loss_rpn_cls: 0.0072, loss_rpn_bbox: 0.0113, loss_cls: 0.1191, acc: 96.2812, loss_bbox: 0.1498, loss: 0.2875
2023-02-10 17:45:44,076 - mmdet - INFO - Epoch [2][1150/3180]	lr: 1.000e-02, eta: 0:16:04, time: 0.117, data_time: 0.003, memory: 1459, loss_rpn_cls: 0.0061, loss_rpn_bbox: 0.0129, loss_cls: 0.1079, acc: 96.3359, loss_bbox: 0.1462, loss: 0.2732
2023-02-10 17:45:50,089 - mmdet - INFO - Epoch [2][1200/3180]	lr: 1.000e-02, eta: 0:15:59, time: 0.120, data_time: 0.003, memory: 1459, loss_rpn_cls: 0.0087, loss_rpn_bbox: 0.0128, loss_cls: 0.1148, acc: 96.5664, loss_bbox: 0.1436, loss: 0.2798
2023-02-10 17:45:56,056 - mmdet - INFO - Epoch [2][1250/3180]	lr: 1.000e-02, eta: 0:15:54, time: 0.119, data_time: 0.003, memory: 1459, loss_rpn_cls: 0.0069, loss_rpn_bbox: 0.0133, loss_cls: 0.1305, acc: 95.9688, loss_bbox: 0.1402, loss: 0.2908
2023-02-10 17:46:01,865 - mmdet - INFO - Epoch [2][1300/3180]	lr: 1.000e-02, eta: 0:15:48, time: 0.116, data_time: 0.003, memory: 1459, loss_rpn_cls: 0.0062, loss_rpn_bbox: 0.0117, loss_cls: 0.1132, acc: 96.5117, loss_bbox: 0.1264, loss: 0.2575
2023-02-10 17:46:07,703 - mmdet - INFO - Epoch [2][1350/3180]	lr: 1.000e-02, eta: 0:15:42, time: 0.117, data_time: 0.003, memory: 1459, loss_rpn_cls: 0.0072, loss_rpn_bbox: 0.0125, loss_cls: 0.1565, acc: 95.3867, loss_bbox: 0.1525, loss: 0.3287
2023-02-10 17:46:13,478 - mmdet - INFO - Epoch [2][1400/3180]	lr: 1.000e-02, eta: 0:15:37, time: 0.116, data_time: 0.003, memory: 1459, loss_rpn_cls: 0.0077, loss_rpn_bbox: 0.0124, loss_cls: 0.1451, acc: 95.1641, loss_bbox: 0.1540, loss: 0.3191
2023-02-10 17:46:19,269 - mmdet - INFO - Epoch [2][1450/3180]	lr: 1.000e-02, eta: 0:15:31, time: 0.116, data_time: 0.003, memory: 1459, loss_rpn_cls: 0.0052, loss_rpn_bbox: 0.0107, loss_cls: 0.1283, acc: 95.9922, loss_bbox: 0.1467, loss: 0.2910
2023-02-10 17:46:25,250 - mmdet - INFO - Epoch [2][1500/3180]	lr: 1.000e-02, eta: 0:15:26, time: 0.120, data_time: 0.003, memory: 1459, loss_rpn_cls: 0.0078, loss_rpn_bbox: 0.0147, loss_cls: 0.1429, acc: 95.6172, loss_bbox: 0.1560, loss: 0.3214
2023-02-10 17:46:31,210 - mmdet - INFO - Epoch [2][1550/3180]	lr: 1.000e-02, eta: 0:15:20, time: 0.119, data_time: 0.003, memory: 1459, loss_rpn_cls: 0.0063, loss_rpn_bbox: 0.0116, loss_cls: 0.1308, acc: 95.7344, loss_bbox: 0.1587, loss: 0.3074
2023-02-10 17:46:37,168 - mmdet - INFO - Epoch [2][1600/3180]	lr: 1.000e-02, eta: 0:15:15, time: 0.119, data_time: 0.003, memory: 1459, loss_rpn_cls: 0.0106, loss_rpn_bbox: 0.0175, loss_cls: 0.1380, acc: 95.6523, loss_bbox: 0.1617, loss: 0.3279
2023-02-10 17:46:43,006 - mmdet - INFO - Epoch [2][1650/3180]	lr: 1.000e-02, eta: 0:15:09, time: 0.117, data_time: 0.003, memory: 1459, loss_rpn_cls: 0.0088, loss_rpn_bbox: 0.0157, loss_cls: 0.1271, acc: 95.7461, loss_bbox: 0.1736, loss: 0.3253
2023-02-10 17:46:48,946 - mmdet - INFO - Epoch [2][1700/3180]	lr: 1.000e-02, eta: 0:15:04, time: 0.119, data_time: 0.003, memory: 1459, loss_rpn_cls: 0.0065, loss_rpn_bbox: 0.0127, loss_cls: 0.1155, acc: 96.2656, loss_bbox: 0.1534, loss: 0.2882
2023-02-10 17:46:54,804 - mmdet - INFO - Epoch [2][1750/3180]	lr: 1.000e-02, eta: 0:14:58, time: 0.117, data_time: 0.003, memory: 1459, loss_rpn_cls: 0.0073, loss_rpn_bbox: 0.0096, loss_cls: 0.0788, acc: 97.4531, loss_bbox: 0.1063, loss: 0.2020
2023-02-10 17:47:00,630 - mmdet - INFO - Epoch [2][1800/3180]	lr: 1.000e-02, eta: 0:14:52, time: 0.116, data_time: 0.003, memory: 1459, loss_rpn_cls: 0.0066, loss_rpn_bbox: 0.0149, loss_cls: 0.1553, acc: 94.9961, loss_bbox: 0.1776, loss: 0.3544
2023-02-10 17:47:06,560 - mmdet - INFO - Epoch [2][1850/3180]	lr: 1.000e-02, eta: 0:14:47, time: 0.119, data_time: 0.003, memory: 1459, loss_rpn_cls: 0.0058, loss_rpn_bbox: 0.0137, loss_cls: 0.1479, acc: 95.2852, loss_bbox: 0.1857, loss: 0.3530
2023-02-10 17:47:12,402 - mmdet - INFO - Epoch [2][1900/3180]	lr: 1.000e-02, eta: 0:14:41, time: 0.117, data_time: 0.003, memory: 1459, loss_rpn_cls: 0.0059, loss_rpn_bbox: 0.0111, loss_cls: 0.1017, acc: 96.5820, loss_bbox: 0.1350, loss: 0.2537
2023-02-10 17:47:18,527 - mmdet - INFO - Epoch [2][1950/3180]	lr: 1.000e-02, eta: 0:14:36, time: 0.123, data_time: 0.003, memory: 1459, loss_rpn_cls: 0.0051, loss_rpn_bbox: 0.0119, loss_cls: 0.0933, acc: 96.8164, loss_bbox: 0.1421, loss: 0.2525
2023-02-10 17:47:24,291 - mmdet - INFO - Epoch [2][2000/3180]	lr: 1.000e-02, eta: 0:14:30, time: 0.115, data_time: 0.003, memory: 1459, loss_rpn_cls: 0.0062, loss_rpn_bbox: 0.0121, loss_cls: 0.0990, acc: 96.6953, loss_bbox: 0.1335, loss: 0.2508
2023-02-10 17:47:30,104 - mmdet - INFO - Epoch [2][2050/3180]	lr: 1.000e-02, eta: 0:14:24, time: 0.116, data_time: 0.003, memory: 1459, loss_rpn_cls: 0.0058, loss_rpn_bbox: 0.0132, loss_cls: 0.1003, acc: 96.5508, loss_bbox: 0.1477, loss: 0.2671
2023-02-10 17:47:36,097 - mmdet - INFO - Epoch [2][2100/3180]	lr: 1.000e-02, eta: 0:14:19, time: 0.120, data_time: 0.003, memory: 1459, loss_rpn_cls: 0.0059, loss_rpn_bbox: 0.0133, loss_cls: 0.1101, acc: 96.5938, loss_bbox: 0.1388, loss: 0.2680
2023-02-10 17:47:41,990 - mmdet - INFO - Epoch [2][2150/3180]	lr: 1.000e-02, eta: 0:14:13, time: 0.118, data_time: 0.003, memory: 1459, loss_rpn_cls: 0.0052, loss_rpn_bbox: 0.0111, loss_cls: 0.0852, acc: 96.9258, loss_bbox: 0.1477, loss: 0.2491
2023-02-10 17:47:47,912 - mmdet - INFO - Epoch [2][2200/3180]	lr: 1.000e-02, eta: 0:14:08, time: 0.118, data_time: 0.003, memory: 1459, loss_rpn_cls: 0.0061, loss_rpn_bbox: 0.0137, loss_cls: 0.1008, acc: 96.7461, loss_bbox: 0.1493, loss: 0.2698
2023-02-10 17:47:53,827 - mmdet - INFO - Epoch [2][2250/3180]	lr: 1.000e-02, eta: 0:14:02, time: 0.118, data_time: 0.003, memory: 1459, loss_rpn_cls: 0.0064, loss_rpn_bbox: 0.0118, loss_cls: 0.0812, acc: 97.2227, loss_bbox: 0.1200, loss: 0.2194
2023-02-10 17:47:59,607 - mmdet - INFO - Epoch [2][2300/3180]	lr: 1.000e-02, eta: 0:13:56, time: 0.116, data_time: 0.003, memory: 1459, loss_rpn_cls: 0.0057, loss_rpn_bbox: 0.0120, loss_cls: 0.0835, acc: 96.9766, loss_bbox: 0.1412, loss: 0.2423
2023-02-10 17:48:05,431 - mmdet - INFO - Epoch [2][2350/3180]	lr: 1.000e-02, eta: 0:13:51, time: 0.116, data_time: 0.003, memory: 1459, loss_rpn_cls: 0.0052, loss_rpn_bbox: 0.0092, loss_cls: 0.0775, acc: 97.3125, loss_bbox: 0.1189, loss: 0.2108
2023-02-10 17:48:11,219 - mmdet - INFO - Epoch [2][2400/3180]	lr: 1.000e-02, eta: 0:13:45, time: 0.116, data_time: 0.003, memory: 1459, loss_rpn_cls: 0.0042, loss_rpn_bbox: 0.0105, loss_cls: 0.0899, acc: 96.8008, loss_bbox: 0.1508, loss: 0.2554
2023-02-10 17:48:17,031 - mmdet - INFO - Epoch [2][2450/3180]	lr: 1.000e-02, eta: 0:13:39, time: 0.116, data_time: 0.003, memory: 1459, loss_rpn_cls: 0.0052, loss_rpn_bbox: 0.0115, loss_cls: 0.0887, acc: 96.7852, loss_bbox: 0.1474, loss: 0.2529
2023-02-10 17:48:22,897 - mmdet - INFO - Epoch [2][2500/3180]	lr: 1.000e-02, eta: 0:13:33, time: 0.117, data_time: 0.003, memory: 1459, loss_rpn_cls: 0.0054, loss_rpn_bbox: 0.0115, loss_cls: 0.0833, acc: 97.1328, loss_bbox: 0.1287, loss: 0.2289
2023-02-10 17:48:28,853 - mmdet - INFO - Epoch [2][2550/3180]	lr: 1.000e-02, eta: 0:13:28, time: 0.119, data_time: 0.003, memory: 1459, loss_rpn_cls: 0.0047, loss_rpn_bbox: 0.0151, loss_cls: 0.0823, acc: 96.9727, loss_bbox: 0.1434, loss: 0.2455
2023-02-10 17:48:34,819 - mmdet - INFO - Epoch [2][2600/3180]	lr: 1.000e-02, eta: 0:13:22, time: 0.119, data_time: 0.003, memory: 1459, loss_rpn_cls: 0.0040, loss_rpn_bbox: 0.0127, loss_cls: 0.0869, acc: 97.1328, loss_bbox: 0.1451, loss: 0.2487
2023-02-10 17:48:40,847 - mmdet - INFO - Epoch [2][2650/3180]	lr: 1.000e-02, eta: 0:13:17, time: 0.121, data_time: 0.003, memory: 1459, loss_rpn_cls: 0.0054, loss_rpn_bbox: 0.0096, loss_cls: 0.0738, acc: 97.6367, loss_bbox: 0.1264, loss: 0.2152
2023-02-10 17:48:46,878 - mmdet - INFO - Epoch [2][2700/3180]	lr: 1.000e-02, eta: 0:13:11, time: 0.120, data_time: 0.003, memory: 1459, loss_rpn_cls: 0.0055, loss_rpn_bbox: 0.0108, loss_cls: 0.0846, acc: 97.2773, loss_bbox: 0.1245, loss: 0.2254
2023-02-10 17:48:52,702 - mmdet - INFO - Epoch [2][2750/3180]	lr: 1.000e-02, eta: 0:13:06, time: 0.117, data_time: 0.003, memory: 1459, loss_rpn_cls: 0.0049, loss_rpn_bbox: 0.0112, loss_cls: 0.0763, acc: 97.3125, loss_bbox: 0.1445, loss: 0.2369
2023-02-10 17:48:58,558 - mmdet - INFO - Epoch [2][2800/3180]	lr: 1.000e-02, eta: 0:13:00, time: 0.117, data_time: 0.003, memory: 1459, loss_rpn_cls: 0.0046, loss_rpn_bbox: 0.0108, loss_cls: 0.0835, acc: 97.0312, loss_bbox: 0.1454, loss: 0.2443
2023-02-10 17:49:04,426 - mmdet - INFO - Epoch [2][2850/3180]	lr: 1.000e-02, eta: 0:12:54, time: 0.117, data_time: 0.003, memory: 1459, loss_rpn_cls: 0.0048, loss_rpn_bbox: 0.0093, loss_cls: 0.0618, acc: 98.0078, loss_bbox: 0.1093, loss: 0.1851
2023-02-10 17:49:10,328 - mmdet - INFO - Epoch [2][2900/3180]	lr: 1.000e-02, eta: 0:12:48, time: 0.118, data_time: 0.003, memory: 1459, loss_rpn_cls: 0.0043, loss_rpn_bbox: 0.0105, loss_cls: 0.0621, acc: 97.7930, loss_bbox: 0.1181, loss: 0.1949
2023-02-10 17:49:16,199 - mmdet - INFO - Epoch [2][2950/3180]	lr: 1.000e-02, eta: 0:12:43, time: 0.117, data_time: 0.003, memory: 1459, loss_rpn_cls: 0.0039, loss_rpn_bbox: 0.0106, loss_cls: 0.0776, acc: 97.2773, loss_bbox: 0.1468, loss: 0.2389
2023-02-10 17:49:22,273 - mmdet - INFO - Epoch [2][3000/3180]	lr: 1.000e-02, eta: 0:12:37, time: 0.122, data_time: 0.003, memory: 1459, loss_rpn_cls: 0.0053, loss_rpn_bbox: 0.0117, loss_cls: 0.0850, acc: 96.9688, loss_bbox: 0.1479, loss: 0.2500
2023-02-10 17:49:28,062 - mmdet - INFO - Epoch [2][3050/3180]	lr: 1.000e-02, eta: 0:12:31, time: 0.116, data_time: 0.003, memory: 1459, loss_rpn_cls: 0.0050, loss_rpn_bbox: 0.0124, loss_cls: 0.0765, acc: 97.2773, loss_bbox: 0.1529, loss: 0.2467
2023-02-10 17:49:33,804 - mmdet - INFO - Epoch [2][3100/3180]	lr: 1.000e-02, eta: 0:12:26, time: 0.115, data_time: 0.003, memory: 1459, loss_rpn_cls: 0.0037, loss_rpn_bbox: 0.0098, loss_cls: 0.0769, acc: 97.4062, loss_bbox: 0.1233, loss: 0.2137
2023-02-10 17:49:39,595 - mmdet - INFO - Epoch [2][3150/3180]	lr: 1.000e-02, eta: 0:12:20, time: 0.116, data_time: 0.003, memory: 1459, loss_rpn_cls: 0.0044, loss_rpn_bbox: 0.0108, loss_cls: 0.0650, acc: 97.7109, loss_bbox: 0.1066, loss: 0.1868
2023-02-10 17:49:43,096 - mmdet - INFO - Saving checkpoint at 2 epochs
2023-02-10 17:49:49,349 - mmdet - INFO - 
+-------------+-----+------+--------+-------+
| class       | gts | dets | recall | ap    |
+-------------+-----+------+--------+-------+
| aeroplane   | 10  | 34   | 0.600  | 0.405 |
| bicycle     | 3   | 96   | 1.000  | 0.111 |
| bird        | 13  | 32   | 0.462  | 0.287 |
| boat        | 10  | 59   | 0.400  | 0.255 |
| bottle      | 4   | 18   | 0.500  | 0.364 |
| bus         | 2   | 19   | 1.000  | 0.667 |
| car         | 38  | 166  | 0.921  | 0.757 |
| cat         | 11  | 140  | 0.909  | 0.303 |
| chair       | 23  | 122  | 0.609  | 0.324 |
| cow         | 6   | 119  | 0.833  | 0.041 |
| diningtable | 5   | 68   | 1.000  | 0.407 |
| dog         | 13  | 184  | 0.846  | 0.429 |
| horse       | 3   | 134  | 1.000  | 0.464 |
| motorbike   | 4   | 75   | 1.000  | 0.426 |
| person      | 6   | 40   | 0.833  | 0.701 |
| pottedplant | 10  | 46   | 0.600  | 0.204 |
| sheep       | 11  | 23   | 0.273  | 0.169 |
| sofa        | 5   | 94   | 0.600  | 0.332 |
| train       | 9   | 111  | 0.778  | 0.433 |
| tvmonitor   | 6   | 31   | 0.333  | 0.364 |
+-------------+-----+------+--------+-------+
| mAP         |     |      |        | 0.372 |
+-------------+-----+------+--------+-------+
2023-02-10 17:49:49,406 - mmdet - INFO - Exp name: faster_rcnn_r50_fpn_1x_voc0712.py
2023-02-10 17:49:49,406 - mmdet - INFO - Epoch(val) [2][120]	mAP: 0.3720, AP50: 0.3720
2023-02-10 17:49:57,264 - mmdet - INFO - Epoch [3][50/3180]	lr: 1.000e-02, eta: 0:12:09, time: 0.157, data_time: 0.044, memory: 1459, loss_rpn_cls: 0.0052, loss_rpn_bbox: 0.0145, loss_cls: 0.0896, acc: 96.9102, loss_bbox: 0.1506, loss: 0.2598
2023-02-10 17:50:03,014 - mmdet - INFO - Epoch [3][100/3180]	lr: 1.000e-02, eta: 0:12:03, time: 0.115, data_time: 0.003, memory: 1459, loss_rpn_cls: 0.0035, loss_rpn_bbox: 0.0139, loss_cls: 0.0752, acc: 97.3320, loss_bbox: 0.1503, loss: 0.2429
2023-02-10 17:50:08,778 - mmdet - INFO - Epoch [3][150/3180]	lr: 1.000e-02, eta: 0:11:58, time: 0.115, data_time: 0.003, memory: 1459, loss_rpn_cls: 0.0042, loss_rpn_bbox: 0.0111, loss_cls: 0.0732, acc: 97.4336, loss_bbox: 0.1339, loss: 0.2224
2023-02-10 17:50:14,470 - mmdet - INFO - Epoch [3][200/3180]	lr: 1.000e-02, eta: 0:11:52, time: 0.114, data_time: 0.003, memory: 1459, loss_rpn_cls: 0.0036, loss_rpn_bbox: 0.0097, loss_cls: 0.0750, acc: 97.4688, loss_bbox: 0.1339, loss: 0.2221
2023-02-10 17:50:20,280 - mmdet - INFO - Epoch [3][250/3180]	lr: 1.000e-02, eta: 0:11:46, time: 0.116, data_time: 0.003, memory: 1459, loss_rpn_cls: 0.0024, loss_rpn_bbox: 0.0106, loss_cls: 0.0694, acc: 97.4023, loss_bbox: 0.1326, loss: 0.2150
2023-02-10 17:50:26,104 - mmdet - INFO - Epoch [3][300/3180]	lr: 1.000e-02, eta: 0:11:40, time: 0.116, data_time: 0.003, memory: 1459, loss_rpn_cls: 0.0027, loss_rpn_bbox: 0.0103, loss_cls: 0.0671, acc: 97.7422, loss_bbox: 0.1268, loss: 0.2068
2023-02-10 17:50:32,017 - mmdet - INFO - Epoch [3][350/3180]	lr: 1.000e-02, eta: 0:11:35, time: 0.118, data_time: 0.003, memory: 1459, loss_rpn_cls: 0.0032, loss_rpn_bbox: 0.0097, loss_cls: 0.0809, acc: 97.1719, loss_bbox: 0.1350, loss: 0.2288
2023-02-10 17:50:37,755 - mmdet - INFO - Epoch [3][400/3180]	lr: 1.000e-02, eta: 0:11:29, time: 0.115, data_time: 0.003, memory: 1459, loss_rpn_cls: 0.0028, loss_rpn_bbox: 0.0088, loss_cls: 0.0960, acc: 96.8008, loss_bbox: 0.1449, loss: 0.2525
2023-02-10 17:50:43,529 - mmdet - INFO - Epoch [3][450/3180]	lr: 1.000e-02, eta: 0:11:23, time: 0.115, data_time: 0.003, memory: 1459, loss_rpn_cls: 0.0031, loss_rpn_bbox: 0.0117, loss_cls: 0.0731, acc: 97.4648, loss_bbox: 0.1692, loss: 0.2571
2023-02-10 17:50:49,304 - mmdet - INFO - Epoch [3][500/3180]	lr: 1.000e-02, eta: 0:11:17, time: 0.115, data_time: 0.003, memory: 1459, loss_rpn_cls: 0.0031, loss_rpn_bbox: 0.0094, loss_cls: 0.0695, acc: 97.3398, loss_bbox: 0.1347, loss: 0.2168
2023-02-10 17:50:54,999 - mmdet - INFO - Epoch [3][550/3180]	lr: 1.000e-02, eta: 0:11:11, time: 0.114, data_time: 0.003, memory: 1459, loss_rpn_cls: 0.0031, loss_rpn_bbox: 0.0092, loss_cls: 0.0540, acc: 98.0820, loss_bbox: 0.1078, loss: 0.1740
2023-02-10 17:51:00,782 - mmdet - INFO - Epoch [3][600/3180]	lr: 1.000e-02, eta: 0:11:05, time: 0.116, data_time: 0.003, memory: 1459, loss_rpn_cls: 0.0032, loss_rpn_bbox: 0.0111, loss_cls: 0.0629, acc: 97.7500, loss_bbox: 0.1210, loss: 0.1983
2023-02-10 17:51:06,591 - mmdet - INFO - Epoch [3][650/3180]	lr: 1.000e-02, eta: 0:11:00, time: 0.116, data_time: 0.003, memory: 1459, loss_rpn_cls: 0.0038, loss_rpn_bbox: 0.0090, loss_cls: 0.0516, acc: 98.1055, loss_bbox: 0.1115, loss: 0.1759
2023-02-10 17:51:12,525 - mmdet - INFO - Epoch [3][700/3180]	lr: 1.000e-02, eta: 0:10:54, time: 0.119, data_time: 0.003, memory: 1459, loss_rpn_cls: 0.0028, loss_rpn_bbox: 0.0090, loss_cls: 0.0652, acc: 97.7695, loss_bbox: 0.1124, loss: 0.1893
2023-02-10 17:51:18,417 - mmdet - INFO - Epoch [3][750/3180]	lr: 1.000e-02, eta: 0:10:48, time: 0.118, data_time: 0.003, memory: 1459, loss_rpn_cls: 0.0031, loss_rpn_bbox: 0.0100, loss_cls: 0.0666, acc: 97.5078, loss_bbox: 0.1308, loss: 0.2105
2023-02-10 17:51:24,450 - mmdet - INFO - Epoch [3][800/3180]	lr: 1.000e-02, eta: 0:10:43, time: 0.121, data_time: 0.003, memory: 1459, loss_rpn_cls: 0.0048, loss_rpn_bbox: 0.0091, loss_cls: 0.0620, acc: 97.7773, loss_bbox: 0.1062, loss: 0.1821
2023-02-10 17:51:30,336 - mmdet - INFO - Epoch [3][850/3180]	lr: 1.000e-02, eta: 0:10:37, time: 0.118, data_time: 0.003, memory: 1459, loss_rpn_cls: 0.0034, loss_rpn_bbox: 0.0139, loss_cls: 0.0790, acc: 97.0352, loss_bbox: 0.1399, loss: 0.2363
2023-02-10 17:51:36,216 - mmdet - INFO - Epoch [3][900/3180]	lr: 1.000e-02, eta: 0:10:31, time: 0.118, data_time: 0.003, memory: 1459, loss_rpn_cls: 0.0032, loss_rpn_bbox: 0.0112, loss_cls: 0.0688, acc: 97.5000, loss_bbox: 0.1196, loss: 0.2028
2023-02-10 17:51:42,000 - mmdet - INFO - Epoch [3][950/3180]	lr: 1.000e-02, eta: 0:10:26, time: 0.116, data_time: 0.003, memory: 1459, loss_rpn_cls: 0.0031, loss_rpn_bbox: 0.0096, loss_cls: 0.0604, acc: 97.8438, loss_bbox: 0.1128, loss: 0.1860
2023-02-10 17:51:47,915 - mmdet - INFO - Epoch [3][1000/3180]	lr: 1.000e-02, eta: 0:10:20, time: 0.118, data_time: 0.003, memory: 1459, loss_rpn_cls: 0.0041, loss_rpn_bbox: 0.0113, loss_cls: 0.0573, acc: 97.9297, loss_bbox: 0.1009, loss: 0.1735
2023-02-10 17:51:53,783 - mmdet - INFO - Epoch [3][1050/3180]	lr: 1.000e-02, eta: 0:10:14, time: 0.117, data_time: 0.003, memory: 1459, loss_rpn_cls: 0.0034, loss_rpn_bbox: 0.0110, loss_cls: 0.0577, acc: 97.8594, loss_bbox: 0.1083, loss: 0.1804
2023-02-10 17:51:59,700 - mmdet - INFO - Epoch [3][1100/3180]	lr: 1.000e-02, eta: 0:10:08, time: 0.118, data_time: 0.003, memory: 1459, loss_rpn_cls: 0.0031, loss_rpn_bbox: 0.0096, loss_cls: 0.0545, acc: 98.0117, loss_bbox: 0.1091, loss: 0.1762
2023-02-10 17:52:05,436 - mmdet - INFO - Epoch [3][1150/3180]	lr: 1.000e-02, eta: 0:10:03, time: 0.115, data_time: 0.003, memory: 1459, loss_rpn_cls: 0.0034, loss_rpn_bbox: 0.0108, loss_cls: 0.0728, acc: 97.4961, loss_bbox: 0.1306, loss: 0.2176
2023-02-10 17:52:11,230 - mmdet - INFO - Epoch [3][1200/3180]	lr: 1.000e-02, eta: 0:09:57, time: 0.116, data_time: 0.003, memory: 1459, loss_rpn_cls: 0.0039, loss_rpn_bbox: 0.0105, loss_cls: 0.0599, acc: 97.7891, loss_bbox: 0.1200, loss: 0.1943
2023-02-10 17:52:16,923 - mmdet - INFO - Epoch [3][1250/3180]	lr: 1.000e-02, eta: 0:09:51, time: 0.114, data_time: 0.003, memory: 1459, loss_rpn_cls: 0.0033, loss_rpn_bbox: 0.0091, loss_cls: 0.0574, acc: 97.9688, loss_bbox: 0.1235, loss: 0.1932
2023-02-10 17:52:22,635 - mmdet - INFO - Epoch [3][1300/3180]	lr: 1.000e-02, eta: 0:09:45, time: 0.114, data_time: 0.003, memory: 1459, loss_rpn_cls: 0.0039, loss_rpn_bbox: 0.0104, loss_cls: 0.0646, acc: 97.7109, loss_bbox: 0.1320, loss: 0.2109
2023-02-10 17:52:28,443 - mmdet - INFO - Epoch [3][1350/3180]	lr: 1.000e-02, eta: 0:09:39, time: 0.116, data_time: 0.003, memory: 1459, loss_rpn_cls: 0.0032, loss_rpn_bbox: 0.0102, loss_cls: 0.0643, acc: 97.7812, loss_bbox: 0.1264, loss: 0.2041
2023-02-10 17:52:34,300 - mmdet - INFO - Epoch [3][1400/3180]	lr: 1.000e-02, eta: 0:09:34, time: 0.117, data_time: 0.003, memory: 1459, loss_rpn_cls: 0.0038, loss_rpn_bbox: 0.0106, loss_cls: 0.0697, acc: 97.4727, loss_bbox: 0.1303, loss: 0.2143
2023-02-10 17:52:40,234 - mmdet - INFO - Epoch [3][1450/3180]	lr: 1.000e-02, eta: 0:09:28, time: 0.119, data_time: 0.003, memory: 1459, loss_rpn_cls: 0.0030, loss_rpn_bbox: 0.0094, loss_cls: 0.0539, acc: 98.0430, loss_bbox: 0.0988, loss: 0.1651
2023-02-10 17:52:46,146 - mmdet - INFO - Epoch [3][1500/3180]	lr: 1.000e-02, eta: 0:09:22, time: 0.118, data_time: 0.003, memory: 1459, loss_rpn_cls: 0.0042, loss_rpn_bbox: 0.0103, loss_cls: 0.0691, acc: 97.6797, loss_bbox: 0.1172, loss: 0.2008
2023-02-10 17:52:52,045 - mmdet - INFO - Epoch [3][1550/3180]	lr: 1.000e-02, eta: 0:09:17, time: 0.118, data_time: 0.003, memory: 1459, loss_rpn_cls: 0.0031, loss_rpn_bbox: 0.0095, loss_cls: 0.0713, acc: 97.4023, loss_bbox: 0.1329, loss: 0.2168
2023-02-10 17:52:57,943 - mmdet - INFO - Epoch [3][1600/3180]	lr: 1.000e-02, eta: 0:09:11, time: 0.118, data_time: 0.003, memory: 1459, loss_rpn_cls: 0.0028, loss_rpn_bbox: 0.0099, loss_cls: 0.0657, acc: 97.5195, loss_bbox: 0.1366, loss: 0.2151
2023-02-10 17:53:03,787 - mmdet - INFO - Epoch [3][1650/3180]	lr: 1.000e-02, eta: 0:09:05, time: 0.117, data_time: 0.003, memory: 1459, loss_rpn_cls: 0.0034, loss_rpn_bbox: 0.0106, loss_cls: 0.0611, acc: 97.7773, loss_bbox: 0.1215, loss: 0.1965
2023-02-10 17:53:09,450 - mmdet - INFO - Epoch [3][1700/3180]	lr: 1.000e-02, eta: 0:08:59, time: 0.113, data_time: 0.003, memory: 1459, loss_rpn_cls: 0.0030, loss_rpn_bbox: 0.0103, loss_cls: 0.0546, acc: 98.0352, loss_bbox: 0.1407, loss: 0.2087
2023-02-10 17:53:15,121 - mmdet - INFO - Epoch [3][1750/3180]	lr: 1.000e-02, eta: 0:08:53, time: 0.113, data_time: 0.003, memory: 1459, loss_rpn_cls: 0.0026, loss_rpn_bbox: 0.0106, loss_cls: 0.0634, acc: 97.8555, loss_bbox: 0.1308, loss: 0.2074
2023-02-10 17:53:20,808 - mmdet - INFO - Epoch [3][1800/3180]	lr: 1.000e-02, eta: 0:08:47, time: 0.114, data_time: 0.003, memory: 1459, loss_rpn_cls: 0.0032, loss_rpn_bbox: 0.0084, loss_cls: 0.0486, acc: 98.2891, loss_bbox: 0.1082, loss: 0.1684
2023-02-10 17:53:26,646 - mmdet - INFO - Epoch [3][1850/3180]	lr: 1.000e-02, eta: 0:08:42, time: 0.117, data_time: 0.003, memory: 1459, loss_rpn_cls: 0.0021, loss_rpn_bbox: 0.0097, loss_cls: 0.0583, acc: 97.8672, loss_bbox: 0.1309, loss: 0.2009
2023-02-10 17:53:32,411 - mmdet - INFO - Epoch [3][1900/3180]	lr: 1.000e-02, eta: 0:08:36, time: 0.115, data_time: 0.003, memory: 1459, loss_rpn_cls: 0.0017, loss_rpn_bbox: 0.0137, loss_cls: 0.0589, acc: 97.9023, loss_bbox: 0.1298, loss: 0.2042
2023-02-10 17:53:38,102 - mmdet - INFO - Epoch [3][1950/3180]	lr: 1.000e-02, eta: 0:08:30, time: 0.114, data_time: 0.003, memory: 1459, loss_rpn_cls: 0.0026, loss_rpn_bbox: 0.0087, loss_cls: 0.0539, acc: 98.1719, loss_bbox: 0.1065, loss: 0.1716
2023-02-10 17:53:43,748 - mmdet - INFO - Epoch [3][2000/3180]	lr: 1.000e-02, eta: 0:08:24, time: 0.113, data_time: 0.003, memory: 1459, loss_rpn_cls: 0.0025, loss_rpn_bbox: 0.0081, loss_cls: 0.0534, acc: 98.0039, loss_bbox: 0.1173, loss: 0.1813
2023-02-10 17:53:49,477 - mmdet - INFO - Epoch [3][2050/3180]	lr: 1.000e-02, eta: 0:08:18, time: 0.115, data_time: 0.003, memory: 1459, loss_rpn_cls: 0.0038, loss_rpn_bbox: 0.0108, loss_cls: 0.0525, acc: 98.0625, loss_bbox: 0.1225, loss: 0.1896
2023-02-10 17:53:55,305 - mmdet - INFO - Epoch [3][2100/3180]	lr: 1.000e-02, eta: 0:08:13, time: 0.117, data_time: 0.003, memory: 1459, loss_rpn_cls: 0.0041, loss_rpn_bbox: 0.0100, loss_cls: 0.0465, acc: 98.3047, loss_bbox: 0.1098, loss: 0.1705
2023-02-10 17:54:01,069 - mmdet - INFO - Epoch [3][2150/3180]	lr: 1.000e-02, eta: 0:08:07, time: 0.115, data_time: 0.003, memory: 1459, loss_rpn_cls: 0.0036, loss_rpn_bbox: 0.0080, loss_cls: 0.0521, acc: 98.0820, loss_bbox: 0.0899, loss: 0.1535
2023-02-10 17:54:06,947 - mmdet - INFO - Epoch [3][2200/3180]	lr: 1.000e-02, eta: 0:08:01, time: 0.118, data_time: 0.003, memory: 1459, loss_rpn_cls: 0.0030, loss_rpn_bbox: 0.0090, loss_cls: 0.0509, acc: 98.1602, loss_bbox: 0.1074, loss: 0.1703
2023-02-10 17:54:12,689 - mmdet - INFO - Epoch [3][2250/3180]	lr: 1.000e-02, eta: 0:07:55, time: 0.115, data_time: 0.003, memory: 1459, loss_rpn_cls: 0.0027, loss_rpn_bbox: 0.0087, loss_cls: 0.0599, acc: 97.7422, loss_bbox: 0.1216, loss: 0.1930
2023-02-10 17:54:18,420 - mmdet - INFO - Epoch [3][2300/3180]	lr: 1.000e-02, eta: 0:07:49, time: 0.115, data_time: 0.003, memory: 1459, loss_rpn_cls: 0.0032, loss_rpn_bbox: 0.0101, loss_cls: 0.0575, acc: 97.8906, loss_bbox: 0.1171, loss: 0.1879
2023-02-10 17:54:24,149 - mmdet - INFO - Epoch [3][2350/3180]	lr: 1.000e-02, eta: 0:07:44, time: 0.115, data_time: 0.003, memory: 1459, loss_rpn_cls: 0.0028, loss_rpn_bbox: 0.0082, loss_cls: 0.0462, acc: 98.2656, loss_bbox: 0.1001, loss: 0.1573
2023-02-10 17:54:29,942 - mmdet - INFO - Epoch [3][2400/3180]	lr: 1.000e-02, eta: 0:07:38, time: 0.116, data_time: 0.003, memory: 1459, loss_rpn_cls: 0.0029, loss_rpn_bbox: 0.0090, loss_cls: 0.0441, acc: 98.4492, loss_bbox: 0.0915, loss: 0.1474
2023-02-10 17:54:35,668 - mmdet - INFO - Epoch [3][2450/3180]	lr: 1.000e-02, eta: 0:07:32, time: 0.115, data_time: 0.003, memory: 1459, loss_rpn_cls: 0.0025, loss_rpn_bbox: 0.0091, loss_cls: 0.0562, acc: 97.9766, loss_bbox: 0.1273, loss: 0.1951
2023-02-10 17:54:41,412 - mmdet - INFO - Epoch [3][2500/3180]	lr: 1.000e-02, eta: 0:07:26, time: 0.115, data_time: 0.003, memory: 1459, loss_rpn_cls: 0.0029, loss_rpn_bbox: 0.0084, loss_cls: 0.0445, acc: 98.3984, loss_bbox: 0.0872, loss: 0.1430
2023-02-10 17:54:47,134 - mmdet - INFO - Epoch [3][2550/3180]	lr: 1.000e-02, eta: 0:07:20, time: 0.114, data_time: 0.003, memory: 1459, loss_rpn_cls: 0.0024, loss_rpn_bbox: 0.0078, loss_cls: 0.0424, acc: 98.3828, loss_bbox: 0.0933, loss: 0.1459
2023-02-10 17:54:52,867 - mmdet - INFO - Epoch [3][2600/3180]	lr: 1.000e-02, eta: 0:07:15, time: 0.115, data_time: 0.003, memory: 1459, loss_rpn_cls: 0.0028, loss_rpn_bbox: 0.0086, loss_cls: 0.0471, acc: 98.2461, loss_bbox: 0.1120, loss: 0.1705
2023-02-10 17:54:58,558 - mmdet - INFO - Epoch [3][2650/3180]	lr: 1.000e-02, eta: 0:07:09, time: 0.114, data_time: 0.003, memory: 1459, loss_rpn_cls: 0.0043, loss_rpn_bbox: 0.0090, loss_cls: 0.0493, acc: 98.2383, loss_bbox: 0.1120, loss: 0.1746
2023-02-10 17:55:04,119 - mmdet - INFO - Epoch [3][2700/3180]	lr: 1.000e-02, eta: 0:07:03, time: 0.111, data_time: 0.003, memory: 1459, loss_rpn_cls: 0.0039, loss_rpn_bbox: 0.0082, loss_cls: 0.0528, acc: 98.1484, loss_bbox: 0.1064, loss: 0.1713
2023-02-10 17:55:09,804 - mmdet - INFO - Epoch [3][2750/3180]	lr: 1.000e-02, eta: 0:06:57, time: 0.114, data_time: 0.003, memory: 1459, loss_rpn_cls: 0.0028, loss_rpn_bbox: 0.0098, loss_cls: 0.0531, acc: 98.1445, loss_bbox: 0.1022, loss: 0.1679
2023-02-10 17:55:15,430 - mmdet - INFO - Epoch [3][2800/3180]	lr: 1.000e-02, eta: 0:06:51, time: 0.112, data_time: 0.003, memory: 1459, loss_rpn_cls: 0.0038, loss_rpn_bbox: 0.0094, loss_cls: 0.0500, acc: 98.1992, loss_bbox: 0.0945, loss: 0.1578
2023-02-10 17:55:21,047 - mmdet - INFO - Epoch [3][2850/3180]	lr: 1.000e-02, eta: 0:06:45, time: 0.112, data_time: 0.003, memory: 1459, loss_rpn_cls: 0.0027, loss_rpn_bbox: 0.0100, loss_cls: 0.0524, acc: 98.0703, loss_bbox: 0.1054, loss: 0.1706
2023-02-10 17:55:26,717 - mmdet - INFO - Epoch [3][2900/3180]	lr: 1.000e-02, eta: 0:06:40, time: 0.113, data_time: 0.003, memory: 1459, loss_rpn_cls: 0.0030, loss_rpn_bbox: 0.0105, loss_cls: 0.0402, acc: 98.5039, loss_bbox: 0.0890, loss: 0.1428
2023-02-10 17:55:32,430 - mmdet - INFO - Epoch [3][2950/3180]	lr: 1.000e-02, eta: 0:06:34, time: 0.114, data_time: 0.003, memory: 1459, loss_rpn_cls: 0.0029, loss_rpn_bbox: 0.0099, loss_cls: 0.0535, acc: 97.9727, loss_bbox: 0.1207, loss: 0.1870
2023-02-10 17:55:38,186 - mmdet - INFO - Epoch [3][3000/3180]	lr: 1.000e-02, eta: 0:06:28, time: 0.115, data_time: 0.003, memory: 1459, loss_rpn_cls: 0.0024, loss_rpn_bbox: 0.0088, loss_cls: 0.0414, acc: 98.4922, loss_bbox: 0.0992, loss: 0.1518
2023-02-10 17:55:43,875 - mmdet - INFO - Epoch [3][3050/3180]	lr: 1.000e-02, eta: 0:06:22, time: 0.114, data_time: 0.003, memory: 1459, loss_rpn_cls: 0.0028, loss_rpn_bbox: 0.0102, loss_cls: 0.0427, acc: 98.4961, loss_bbox: 0.1048, loss: 0.1605
2023-02-10 17:55:49,602 - mmdet - INFO - Epoch [3][3100/3180]	lr: 1.000e-02, eta: 0:06:16, time: 0.115, data_time: 0.003, memory: 1459, loss_rpn_cls: 0.0030, loss_rpn_bbox: 0.0090, loss_cls: 0.0551, acc: 97.9922, loss_bbox: 0.1070, loss: 0.1741
2023-02-10 17:55:55,371 - mmdet - INFO - Epoch [3][3150/3180]	lr: 1.000e-02, eta: 0:06:11, time: 0.115, data_time: 0.003, memory: 1459, loss_rpn_cls: 0.0028, loss_rpn_bbox: 0.0079, loss_cls: 0.0537, acc: 98.0195, loss_bbox: 0.0988, loss: 0.1632
2023-02-10 17:55:58,841 - mmdet - INFO - Saving checkpoint at 3 epochs
2023-02-10 17:56:04,977 - mmdet - INFO - 
+-------------+-----+------+--------+-------+
| class       | gts | dets | recall | ap    |
+-------------+-----+------+--------+-------+
| aeroplane   | 10  | 35   | 0.600  | 0.376 |
| bicycle     | 3   | 20   | 1.000  | 0.541 |
| bird        | 13  | 35   | 0.462  | 0.307 |
| boat        | 10  | 48   | 0.300  | 0.136 |
| bottle      | 4   | 15   | 0.500  | 0.364 |
| bus         | 2   | 19   | 1.000  | 1.000 |
| car         | 38  | 88   | 0.737  | 0.690 |
| cat         | 11  | 57   | 0.909  | 0.540 |
| chair       | 23  | 79   | 0.348  | 0.244 |
| cow         | 6   | 28   | 0.667  | 0.127 |
| diningtable | 5   | 14   | 0.800  | 0.603 |
| dog         | 13  | 55   | 0.923  | 0.621 |
| horse       | 3   | 21   | 1.000  | 0.551 |
| motorbike   | 4   | 39   | 1.000  | 0.745 |
| person      | 6   | 86   | 0.833  | 0.698 |
| pottedplant | 10  | 22   | 0.200  | 0.202 |
| sheep       | 11  | 20   | 0.364  | 0.182 |
| sofa        | 5   | 66   | 0.800  | 0.345 |
| train       | 9   | 67   | 0.667  | 0.610 |
| tvmonitor   | 6   | 41   | 0.500  | 0.281 |
+-------------+-----+------+--------+-------+
| mAP         |     |      |        | 0.458 |
+-------------+-----+------+--------+-------+
2023-02-10 17:56:05,037 - mmdet - INFO - Exp name: faster_rcnn_r50_fpn_1x_voc0712.py
2023-02-10 17:56:05,037 - mmdet - INFO - Epoch(val) [3][120]	mAP: 0.4582, AP50: 0.4580
2023-02-10 17:56:12,862 - mmdet - INFO - Epoch [4][50/3180]	lr: 1.000e-03, eta: 0:06:01, time: 0.156, data_time: 0.044, memory: 1459, loss_rpn_cls: 0.0019, loss_rpn_bbox: 0.0079, loss_cls: 0.0442, acc: 98.3867, loss_bbox: 0.0942, loss: 0.1483
2023-02-10 17:56:18,642 - mmdet - INFO - Epoch [4][100/3180]	lr: 1.000e-03, eta: 0:05:55, time: 0.116, data_time: 0.003, memory: 1459, loss_rpn_cls: 0.0026, loss_rpn_bbox: 0.0076, loss_cls: 0.0409, acc: 98.4648, loss_bbox: 0.0839, loss: 0.1350
2023-02-10 17:56:24,436 - mmdet - INFO - Epoch [4][150/3180]	lr: 1.000e-03, eta: 0:05:49, time: 0.116, data_time: 0.003, memory: 1459, loss_rpn_cls: 0.0014, loss_rpn_bbox: 0.0067, loss_cls: 0.0329, acc: 98.8125, loss_bbox: 0.0734, loss: 0.1144
2023-02-10 17:56:30,179 - mmdet - INFO - Epoch [4][200/3180]	lr: 1.000e-03, eta: 0:05:44, time: 0.115, data_time: 0.003, memory: 1459, loss_rpn_cls: 0.0014, loss_rpn_bbox: 0.0080, loss_cls: 0.0394, acc: 98.5820, loss_bbox: 0.0853, loss: 0.1341
2023-02-10 17:56:35,970 - mmdet - INFO - Epoch [4][250/3180]	lr: 1.000e-03, eta: 0:05:38, time: 0.116, data_time: 0.003, memory: 1459, loss_rpn_cls: 0.0020, loss_rpn_bbox: 0.0061, loss_cls: 0.0367, acc: 98.6055, loss_bbox: 0.0800, loss: 0.1248
2023-02-10 17:56:41,742 - mmdet - INFO - Epoch [4][300/3180]	lr: 1.000e-03, eta: 0:05:32, time: 0.116, data_time: 0.003, memory: 1459, loss_rpn_cls: 0.0019, loss_rpn_bbox: 0.0066, loss_cls: 0.0373, acc: 98.6133, loss_bbox: 0.0813, loss: 0.1271
2023-02-10 17:56:47,494 - mmdet - INFO - Epoch [4][350/3180]	lr: 1.000e-03, eta: 0:05:26, time: 0.115, data_time: 0.003, memory: 1459, loss_rpn_cls: 0.0009, loss_rpn_bbox: 0.0057, loss_cls: 0.0336, acc: 98.6758, loss_bbox: 0.0703, loss: 0.1105
2023-02-10 17:56:53,219 - mmdet - INFO - Epoch [4][400/3180]	lr: 1.000e-03, eta: 0:05:20, time: 0.114, data_time: 0.003, memory: 1459, loss_rpn_cls: 0.0019, loss_rpn_bbox: 0.0068, loss_cls: 0.0409, acc: 98.3984, loss_bbox: 0.0858, loss: 0.1354
2023-02-10 17:56:58,983 - mmdet - INFO - Epoch [4][450/3180]	lr: 1.000e-03, eta: 0:05:15, time: 0.115, data_time: 0.003, memory: 1459, loss_rpn_cls: 0.0013, loss_rpn_bbox: 0.0079, loss_cls: 0.0390, acc: 98.4062, loss_bbox: 0.0908, loss: 0.1390
2023-02-10 17:57:04,733 - mmdet - INFO - Epoch [4][500/3180]	lr: 1.000e-03, eta: 0:05:09, time: 0.115, data_time: 0.003, memory: 1459, loss_rpn_cls: 0.0016, loss_rpn_bbox: 0.0058, loss_cls: 0.0359, acc: 98.5742, loss_bbox: 0.0679, loss: 0.1111
2023-02-10 17:57:10,484 - mmdet - INFO - Epoch [4][550/3180]	lr: 1.000e-03, eta: 0:05:03, time: 0.115, data_time: 0.003, memory: 1459, loss_rpn_cls: 0.0021, loss_rpn_bbox: 0.0063, loss_cls: 0.0384, acc: 98.5547, loss_bbox: 0.0753, loss: 0.1221
2023-02-10 17:57:16,178 - mmdet - INFO - Epoch [4][600/3180]	lr: 1.000e-03, eta: 0:04:57, time: 0.114, data_time: 0.003, memory: 1459, loss_rpn_cls: 0.0012, loss_rpn_bbox: 0.0058, loss_cls: 0.0304, acc: 98.8516, loss_bbox: 0.0675, loss: 0.1048
2023-02-10 17:57:21,982 - mmdet - INFO - Epoch [4][650/3180]	lr: 1.000e-03, eta: 0:04:52, time: 0.116, data_time: 0.003, memory: 1459, loss_rpn_cls: 0.0012, loss_rpn_bbox: 0.0057, loss_cls: 0.0320, acc: 98.7188, loss_bbox: 0.0732, loss: 0.1120
2023-02-10 17:57:27,704 - mmdet - INFO - Epoch [4][700/3180]	lr: 1.000e-03, eta: 0:04:46, time: 0.114, data_time: 0.003, memory: 1459, loss_rpn_cls: 0.0015, loss_rpn_bbox: 0.0061, loss_cls: 0.0316, acc: 98.7578, loss_bbox: 0.0686, loss: 0.1079
2023-02-10 17:57:33,451 - mmdet - INFO - Epoch [4][750/3180]	lr: 1.000e-03, eta: 0:04:40, time: 0.115, data_time: 0.003, memory: 1459, loss_rpn_cls: 0.0015, loss_rpn_bbox: 0.0075, loss_cls: 0.0340, acc: 98.7344, loss_bbox: 0.0741, loss: 0.1171
2023-02-10 17:57:39,189 - mmdet - INFO - Epoch [4][800/3180]	lr: 1.000e-03, eta: 0:04:34, time: 0.115, data_time: 0.003, memory: 1459, loss_rpn_cls: 0.0012, loss_rpn_bbox: 0.0060, loss_cls: 0.0321, acc: 98.7500, loss_bbox: 0.0734, loss: 0.1127
2023-02-10 17:57:44,941 - mmdet - INFO - Epoch [4][850/3180]	lr: 1.000e-03, eta: 0:04:28, time: 0.115, data_time: 0.003, memory: 1459, loss_rpn_cls: 0.0016, loss_rpn_bbox: 0.0047, loss_cls: 0.0254, acc: 99.0156, loss_bbox: 0.0538, loss: 0.0856
2023-02-10 17:57:50,770 - mmdet - INFO - Epoch [4][900/3180]	lr: 1.000e-03, eta: 0:04:23, time: 0.117, data_time: 0.003, memory: 1459, loss_rpn_cls: 0.0016, loss_rpn_bbox: 0.0065, loss_cls: 0.0322, acc: 98.7656, loss_bbox: 0.0697, loss: 0.1100
2023-02-10 17:57:56,478 - mmdet - INFO - Epoch [4][950/3180]	lr: 1.000e-03, eta: 0:04:17, time: 0.114, data_time: 0.003, memory: 1459, loss_rpn_cls: 0.0016, loss_rpn_bbox: 0.0063, loss_cls: 0.0336, acc: 98.7422, loss_bbox: 0.0731, loss: 0.1146
2023-02-10 17:58:02,289 - mmdet - INFO - Epoch [4][1000/3180]	lr: 1.000e-03, eta: 0:04:11, time: 0.116, data_time: 0.003, memory: 1459, loss_rpn_cls: 0.0016, loss_rpn_bbox: 0.0066, loss_cls: 0.0372, acc: 98.5312, loss_bbox: 0.0743, loss: 0.1197
2023-02-10 17:58:08,115 - mmdet - INFO - Epoch [4][1050/3180]	lr: 1.000e-03, eta: 0:04:05, time: 0.117, data_time: 0.003, memory: 1459, loss_rpn_cls: 0.0012, loss_rpn_bbox: 0.0052, loss_cls: 0.0296, acc: 98.8203, loss_bbox: 0.0710, loss: 0.1069
2023-02-10 17:58:13,829 - mmdet - INFO - Epoch [4][1100/3180]	lr: 1.000e-03, eta: 0:04:00, time: 0.114, data_time: 0.003, memory: 1459, loss_rpn_cls: 0.0010, loss_rpn_bbox: 0.0058, loss_cls: 0.0302, acc: 98.8086, loss_bbox: 0.0618, loss: 0.0988
2023-02-10 17:58:19,589 - mmdet - INFO - Epoch [4][1150/3180]	lr: 1.000e-03, eta: 0:03:54, time: 0.115, data_time: 0.003, memory: 1459, loss_rpn_cls: 0.0012, loss_rpn_bbox: 0.0060, loss_cls: 0.0337, acc: 98.7031, loss_bbox: 0.0710, loss: 0.1119
2023-02-10 17:58:25,403 - mmdet - INFO - Epoch [4][1200/3180]	lr: 1.000e-03, eta: 0:03:48, time: 0.116, data_time: 0.003, memory: 1459, loss_rpn_cls: 0.0011, loss_rpn_bbox: 0.0054, loss_cls: 0.0273, acc: 99.0039, loss_bbox: 0.0583, loss: 0.0921
2023-02-10 17:58:31,170 - mmdet - INFO - Epoch [4][1250/3180]	lr: 1.000e-03, eta: 0:03:42, time: 0.115, data_time: 0.003, memory: 1459, loss_rpn_cls: 0.0018, loss_rpn_bbox: 0.0048, loss_cls: 0.0262, acc: 99.0273, loss_bbox: 0.0502, loss: 0.0831
2023-02-10 17:58:36,933 - mmdet - INFO - Epoch [4][1300/3180]	lr: 1.000e-03, eta: 0:03:36, time: 0.115, data_time: 0.003, memory: 1459, loss_rpn_cls: 0.0019, loss_rpn_bbox: 0.0055, loss_cls: 0.0287, acc: 98.8203, loss_bbox: 0.0605, loss: 0.0966
2023-02-10 17:58:42,705 - mmdet - INFO - Epoch [4][1350/3180]	lr: 1.000e-03, eta: 0:03:31, time: 0.115, data_time: 0.003, memory: 1459, loss_rpn_cls: 0.0008, loss_rpn_bbox: 0.0060, loss_cls: 0.0312, acc: 98.7422, loss_bbox: 0.0649, loss: 0.1030
2023-02-10 17:58:48,460 - mmdet - INFO - Epoch [4][1400/3180]	lr: 1.000e-03, eta: 0:03:25, time: 0.115, data_time: 0.003, memory: 1459, loss_rpn_cls: 0.0018, loss_rpn_bbox: 0.0059, loss_cls: 0.0280, acc: 98.9258, loss_bbox: 0.0640, loss: 0.0998
2023-02-10 17:58:54,115 - mmdet - INFO - Epoch [4][1450/3180]	lr: 1.000e-03, eta: 0:03:19, time: 0.113, data_time: 0.003, memory: 1459, loss_rpn_cls: 0.0015, loss_rpn_bbox: 0.0058, loss_cls: 0.0279, acc: 98.9219, loss_bbox: 0.0606, loss: 0.0958
2023-02-10 17:58:59,946 - mmdet - INFO - Epoch [4][1500/3180]	lr: 1.000e-03, eta: 0:03:13, time: 0.117, data_time: 0.003, memory: 1459, loss_rpn_cls: 0.0016, loss_rpn_bbox: 0.0059, loss_cls: 0.0249, acc: 99.0781, loss_bbox: 0.0555, loss: 0.0878
2023-02-10 17:59:05,682 - mmdet - INFO - Epoch [4][1550/3180]	lr: 1.000e-03, eta: 0:03:08, time: 0.115, data_time: 0.003, memory: 1459, loss_rpn_cls: 0.0017, loss_rpn_bbox: 0.0060, loss_cls: 0.0316, acc: 98.7617, loss_bbox: 0.0669, loss: 0.1062
2023-02-10 17:59:11,354 - mmdet - INFO - Epoch [4][1600/3180]	lr: 1.000e-03, eta: 0:03:02, time: 0.113, data_time: 0.003, memory: 1459, loss_rpn_cls: 0.0011, loss_rpn_bbox: 0.0056, loss_cls: 0.0312, acc: 98.7969, loss_bbox: 0.0618, loss: 0.0995
2023-02-10 17:59:17,028 - mmdet - INFO - Epoch [4][1650/3180]	lr: 1.000e-03, eta: 0:02:56, time: 0.113, data_time: 0.003, memory: 1459, loss_rpn_cls: 0.0023, loss_rpn_bbox: 0.0065, loss_cls: 0.0301, acc: 98.7852, loss_bbox: 0.0654, loss: 0.1043
2023-02-10 17:59:22,774 - mmdet - INFO - Epoch [4][1700/3180]	lr: 1.000e-03, eta: 0:02:50, time: 0.115, data_time: 0.003, memory: 1459, loss_rpn_cls: 0.0012, loss_rpn_bbox: 0.0063, loss_cls: 0.0317, acc: 98.7227, loss_bbox: 0.0648, loss: 0.1040
2023-02-10 17:59:28,460 - mmdet - INFO - Epoch [4][1750/3180]	lr: 1.000e-03, eta: 0:02:45, time: 0.114, data_time: 0.003, memory: 1459, loss_rpn_cls: 0.0012, loss_rpn_bbox: 0.0057, loss_cls: 0.0275, acc: 98.8477, loss_bbox: 0.0610, loss: 0.0954
2023-02-10 17:59:34,253 - mmdet - INFO - Epoch [4][1800/3180]	lr: 1.000e-03, eta: 0:02:39, time: 0.116, data_time: 0.003, memory: 1459, loss_rpn_cls: 0.0020, loss_rpn_bbox: 0.0056, loss_cls: 0.0281, acc: 98.8984, loss_bbox: 0.0615, loss: 0.0972
2023-02-10 17:59:40,046 - mmdet - INFO - Epoch [4][1850/3180]	lr: 1.000e-03, eta: 0:02:33, time: 0.116, data_time: 0.003, memory: 1459, loss_rpn_cls: 0.0020, loss_rpn_bbox: 0.0044, loss_cls: 0.0241, acc: 99.0586, loss_bbox: 0.0484, loss: 0.0789
2023-02-10 17:59:45,778 - mmdet - INFO - Epoch [4][1900/3180]	lr: 1.000e-03, eta: 0:02:27, time: 0.115, data_time: 0.003, memory: 1459, loss_rpn_cls: 0.0014, loss_rpn_bbox: 0.0048, loss_cls: 0.0260, acc: 98.9805, loss_bbox: 0.0561, loss: 0.0882
2023-02-10 17:59:51,564 - mmdet - INFO - Epoch [4][1950/3180]	lr: 1.000e-03, eta: 0:02:21, time: 0.116, data_time: 0.003, memory: 1459, loss_rpn_cls: 0.0017, loss_rpn_bbox: 0.0060, loss_cls: 0.0254, acc: 99.0078, loss_bbox: 0.0595, loss: 0.0927
2023-02-10 17:59:57,259 - mmdet - INFO - Epoch [4][2000/3180]	lr: 1.000e-03, eta: 0:02:16, time: 0.114, data_time: 0.003, memory: 1459, loss_rpn_cls: 0.0014, loss_rpn_bbox: 0.0050, loss_cls: 0.0283, acc: 98.7852, loss_bbox: 0.0582, loss: 0.0929
2023-02-10 18:00:02,972 - mmdet - INFO - Epoch [4][2050/3180]	lr: 1.000e-03, eta: 0:02:10, time: 0.114, data_time: 0.003, memory: 1459, loss_rpn_cls: 0.0014, loss_rpn_bbox: 0.0067, loss_cls: 0.0288, acc: 98.8086, loss_bbox: 0.0644, loss: 0.1013
2023-02-10 18:00:08,686 - mmdet - INFO - Epoch [4][2100/3180]	lr: 1.000e-03, eta: 0:02:04, time: 0.114, data_time: 0.003, memory: 1459, loss_rpn_cls: 0.0008, loss_rpn_bbox: 0.0054, loss_cls: 0.0255, acc: 98.9688, loss_bbox: 0.0598, loss: 0.0914
2023-02-10 18:00:14,486 - mmdet - INFO - Epoch [4][2150/3180]	lr: 1.000e-03, eta: 0:01:58, time: 0.116, data_time: 0.003, memory: 1459, loss_rpn_cls: 0.0013, loss_rpn_bbox: 0.0055, loss_cls: 0.0270, acc: 98.9258, loss_bbox: 0.0548, loss: 0.0886
2023-02-10 18:00:20,241 - mmdet - INFO - Epoch [4][2200/3180]	lr: 1.000e-03, eta: 0:01:53, time: 0.115, data_time: 0.003, memory: 1459, loss_rpn_cls: 0.0011, loss_rpn_bbox: 0.0051, loss_cls: 0.0231, acc: 99.0938, loss_bbox: 0.0503, loss: 0.0796
2023-02-10 18:00:26,073 - mmdet - INFO - Epoch [4][2250/3180]	lr: 1.000e-03, eta: 0:01:47, time: 0.117, data_time: 0.003, memory: 1459, loss_rpn_cls: 0.0021, loss_rpn_bbox: 0.0046, loss_cls: 0.0283, acc: 98.8867, loss_bbox: 0.0569, loss: 0.0918
2023-02-10 18:00:31,861 - mmdet - INFO - Epoch [4][2300/3180]	lr: 1.000e-03, eta: 0:01:41, time: 0.116, data_time: 0.003, memory: 1459, loss_rpn_cls: 0.0012, loss_rpn_bbox: 0.0047, loss_cls: 0.0267, acc: 98.9492, loss_bbox: 0.0523, loss: 0.0849
2023-02-10 18:00:37,574 - mmdet - INFO - Epoch [4][2350/3180]	lr: 1.000e-03, eta: 0:01:35, time: 0.114, data_time: 0.003, memory: 1459, loss_rpn_cls: 0.0015, loss_rpn_bbox: 0.0058, loss_cls: 0.0275, acc: 98.9023, loss_bbox: 0.0556, loss: 0.0904
2023-02-10 18:00:43,387 - mmdet - INFO - Epoch [4][2400/3180]	lr: 1.000e-03, eta: 0:01:29, time: 0.116, data_time: 0.003, memory: 1459, loss_rpn_cls: 0.0011, loss_rpn_bbox: 0.0057, loss_cls: 0.0254, acc: 98.9883, loss_bbox: 0.0569, loss: 0.0892
2023-02-10 18:00:49,171 - mmdet - INFO - Epoch [4][2450/3180]	lr: 1.000e-03, eta: 0:01:24, time: 0.116, data_time: 0.003, memory: 1459, loss_rpn_cls: 0.0013, loss_rpn_bbox: 0.0052, loss_cls: 0.0238, acc: 98.9258, loss_bbox: 0.0512, loss: 0.0815
2023-02-10 18:00:54,936 - mmdet - INFO - Epoch [4][2500/3180]	lr: 1.000e-03, eta: 0:01:18, time: 0.115, data_time: 0.003, memory: 1459, loss_rpn_cls: 0.0011, loss_rpn_bbox: 0.0042, loss_cls: 0.0239, acc: 99.0586, loss_bbox: 0.0477, loss: 0.0770
2023-02-10 18:01:00,767 - mmdet - INFO - Epoch [4][2550/3180]	lr: 1.000e-03, eta: 0:01:12, time: 0.117, data_time: 0.003, memory: 1459, loss_rpn_cls: 0.0020, loss_rpn_bbox: 0.0045, loss_cls: 0.0222, acc: 99.1211, loss_bbox: 0.0463, loss: 0.0750
2023-02-10 18:01:06,597 - mmdet - INFO - Epoch [4][2600/3180]	lr: 1.000e-03, eta: 0:01:06, time: 0.117, data_time: 0.003, memory: 1459, loss_rpn_cls: 0.0016, loss_rpn_bbox: 0.0056, loss_cls: 0.0260, acc: 98.9648, loss_bbox: 0.0534, loss: 0.0867
2023-02-10 18:01:12,296 - mmdet - INFO - Epoch [4][2650/3180]	lr: 1.000e-03, eta: 0:01:01, time: 0.114, data_time: 0.003, memory: 1459, loss_rpn_cls: 0.0018, loss_rpn_bbox: 0.0050, loss_cls: 0.0257, acc: 98.9727, loss_bbox: 0.0545, loss: 0.0869
2023-02-10 18:01:18,127 - mmdet - INFO - Epoch [4][2700/3180]	lr: 1.000e-03, eta: 0:00:55, time: 0.117, data_time: 0.003, memory: 1459, loss_rpn_cls: 0.0011, loss_rpn_bbox: 0.0055, loss_cls: 0.0299, acc: 98.8398, loss_bbox: 0.0661, loss: 0.1026
2023-02-10 18:01:23,798 - mmdet - INFO - Epoch [4][2750/3180]	lr: 1.000e-03, eta: 0:00:49, time: 0.113, data_time: 0.003, memory: 1459, loss_rpn_cls: 0.0011, loss_rpn_bbox: 0.0050, loss_cls: 0.0278, acc: 98.9141, loss_bbox: 0.0628, loss: 0.0966
2023-02-10 18:01:29,593 - mmdet - INFO - Epoch [4][2800/3180]	lr: 1.000e-03, eta: 0:00:43, time: 0.116, data_time: 0.003, memory: 1459, loss_rpn_cls: 0.0014, loss_rpn_bbox: 0.0047, loss_cls: 0.0231, acc: 99.1133, loss_bbox: 0.0514, loss: 0.0805
2023-02-10 18:01:35,449 - mmdet - INFO - Epoch [4][2850/3180]	lr: 1.000e-03, eta: 0:00:38, time: 0.117, data_time: 0.003, memory: 1459, loss_rpn_cls: 0.0033, loss_rpn_bbox: 0.0050, loss_cls: 0.0261, acc: 98.9219, loss_bbox: 0.0590, loss: 0.0935
2023-02-10 18:01:41,201 - mmdet - INFO - Epoch [4][2900/3180]	lr: 1.000e-03, eta: 0:00:32, time: 0.115, data_time: 0.003, memory: 1459, loss_rpn_cls: 0.0011, loss_rpn_bbox: 0.0045, loss_cls: 0.0207, acc: 99.2109, loss_bbox: 0.0450, loss: 0.0714
2023-02-10 18:01:46,864 - mmdet - INFO - Epoch [4][2950/3180]	lr: 1.000e-03, eta: 0:00:26, time: 0.113, data_time: 0.003, memory: 1459, loss_rpn_cls: 0.0016, loss_rpn_bbox: 0.0059, loss_cls: 0.0249, acc: 99.0156, loss_bbox: 0.0532, loss: 0.0856
2023-02-10 18:01:52,666 - mmdet - INFO - Epoch [4][3000/3180]	lr: 1.000e-03, eta: 0:00:20, time: 0.116, data_time: 0.003, memory: 1459, loss_rpn_cls: 0.0006, loss_rpn_bbox: 0.0053, loss_cls: 0.0264, acc: 99.0000, loss_bbox: 0.0597, loss: 0.0920
2023-02-10 18:01:58,448 - mmdet - INFO - Epoch [4][3050/3180]	lr: 1.000e-03, eta: 0:00:14, time: 0.116, data_time: 0.003, memory: 1459, loss_rpn_cls: 0.0009, loss_rpn_bbox: 0.0046, loss_cls: 0.0209, acc: 99.2266, loss_bbox: 0.0492, loss: 0.0757
2023-02-10 18:02:04,064 - mmdet - INFO - Epoch [4][3100/3180]	lr: 1.000e-03, eta: 0:00:09, time: 0.112, data_time: 0.003, memory: 1459, loss_rpn_cls: 0.0018, loss_rpn_bbox: 0.0060, loss_cls: 0.0284, acc: 98.9062, loss_bbox: 0.0582, loss: 0.0943
2023-02-10 18:02:09,789 - mmdet - INFO - Epoch [4][3150/3180]	lr: 1.000e-03, eta: 0:00:03, time: 0.115, data_time: 0.003, memory: 1459, loss_rpn_cls: 0.0014, loss_rpn_bbox: 0.0051, loss_cls: 0.0244, acc: 99.0742, loss_bbox: 0.0505, loss: 0.0813
2023-02-10 18:02:13,211 - mmdet - INFO - Saving checkpoint at 4 epochs
2023-02-10 18:02:19,305 - mmdet - INFO - 
+-------------+-----+------+--------+-------+
| class       | gts | dets | recall | ap    |
+-------------+-----+------+--------+-------+
| aeroplane   | 10  | 20   | 0.600  | 0.442 |
| bicycle     | 3   | 13   | 1.000  | 0.572 |
| bird        | 13  | 28   | 0.462  | 0.384 |
| boat        | 10  | 27   | 0.300  | 0.125 |
| bottle      | 4   | 4    | 0.500  | 0.545 |
| bus         | 2   | 10   | 1.000  | 1.000 |
| car         | 38  | 67   | 0.895  | 0.788 |
| cat         | 11  | 39   | 0.818  | 0.581 |
| chair       | 23  | 43   | 0.391  | 0.306 |
| cow         | 6   | 14   | 0.500  | 0.182 |
| diningtable | 5   | 6    | 0.400  | 0.227 |
| dog         | 13  | 33   | 0.769  | 0.505 |
| horse       | 3   | 12   | 1.000  | 0.773 |
| motorbike   | 4   | 14   | 1.000  | 0.864 |
| person      | 6   | 23   | 0.833  | 0.732 |
| pottedplant | 10  | 16   | 0.300  | 0.203 |
| sheep       | 11  | 20   | 0.273  | 0.221 |
| sofa        | 5   | 33   | 0.800  | 0.293 |
| train       | 9   | 32   | 0.667  | 0.636 |
| tvmonitor   | 6   | 6    | 0.500  | 0.473 |
+-------------+-----+------+--------+-------+
| mAP         |     |      |        | 0.493 |
+-------------+-----+------+--------+-------+
2023-02-10 18:02:19,359 - mmdet - INFO - Exp name: faster_rcnn_r50_fpn_1x_voc0712.py
2023-02-10 18:02:19,359 - mmdet - INFO - Epoch(val) [4][120]	mAP: 0.4926, AP50: 0.4930
